

================================================================
== Synthesis Summary Report of 'rmsnorm_rsqrt_kernel'
================================================================
+ General Information: 
    * Date:           Wed May  6 23:30:59 2026
    * Version:        2025.2 (Build 6295257 on Nov 14 2025)
    * Project:        rmsnorm_rsqrt_kernel
    * Solution:       hls (Vivado IP Flow Target)
    * Product family: virtexuplus
    * Target device:  xcvu9p-flga2104-2-i
    

* Performance & Resource Estimates: 
+--------------------------------------------+------+---------------+----------+---------+------+----------+---------+-----------+------+---------+----------+------------+------------+-----+
|                   Modules                  | Issue|               | Iteration|         | Trip |          |       Latency       |      |         |          |            |            |     |
|                   & Loops                  | Type | Violation Type|  Latency | Interval| Count| Pipelined| (cycles)|    (ns)   | Slack|  BRAM   |    DSP   |     FF     |     LUT    | URAM|
+--------------------------------------------+------+---------------+----------+---------+------+----------+---------+-----------+------+---------+----------+------------+------------+-----+
|+ rmsnorm_rsqrt_kernel                      |     -|              -|         -|     2081|     -|        no|     2080|  2.080e+04|  0.00|  2 (~0%)|  64 (~0%)|  3857 (~0%)|  5651 (~0%)|    -|
| + rmsnorm_rsqrt_kernel_Pipeline_sum_loop   |     -|              -|         -|        -|     -|       yes|     1027|  1.027e+04|  0.00|        -|   4 (~0%)|    74 (~0%)|   194 (~0%)|    -|
|  o sum_loop                                |     -|              -|         3|        1|  1024|       yes|     1025|  1.025e+04|  7.30|        -|         -|           -|           -|    -|
| + rmsnorm_rsqrt_kernel_Pipeline_norm_loop  |     -|              -|         -|        -|     -|       yes|     1028|  1.028e+04|  0.00|        -|  12 (~0%)|   190 (~0%)|   201 (~0%)|    -|
|  o norm_loop                               |     -|              -|         4|        1|  1024|       yes|     1026|  1.026e+04|  7.30|        -|         -|           -|           -|    -|
+--------------------------------------------+------+---------------+----------+---------+------+----------+---------+-----------+------+---------+----------+------------+------------+-----+
    Name Prefix: '+' for module, 'o' for loop, '*' for dataflow


================================================================
== HW Interfaces
================================================================
* M_AXI
+-------------+------------+------------+---------------+---------+--------+----------+-----------+--------------+--------------+-------------+-------------+-------------------+
| Interface   | Read/Write | Data Width | Address Width | Latency | Offset | Register | Max Widen | Max Read     | Max Write    | Num Read    | Num Write   | Resource Estimate |
|             |            | (SW->HW)   |               |         |        |          | Bitwidth  | Burst Length | Burst Length | Outstanding | Outstanding |                   |
+-------------+------------+------------+---------------+---------+--------+----------+-----------+--------------+--------------+-------------+-------------+-------------------+
| m_axi_gmem0 | READ_ONLY  | 16 -> 16   | 64            | 0       | slave  | 0        | 0         | 16           | 16           | 16          | 16          | BRAM=1            |
| m_axi_gmem1 | READ_ONLY  | 16 -> 16   | 64            | 0       | slave  | 0        | 0         | 16           | 16           | 16          | 16          | BRAM=1            |
| m_axi_gmem2 | WRITE_ONLY | 16 -> 16   | 64            | 0       | slave  | 0        | 0         | 16           | 16           | 16          | 16          |                   |
| m_axi_gmem3 | WRITE_ONLY | 16 -> 16   | 64            | 0       | slave  | 0        | 0         | 16           | 16           | 16          | 16          |                   |
+-------------+------------+------------+---------------+---------+--------+----------+-----------+--------------+--------------+-------------+-------------+-------------------+

* S_AXILITE Interfaces
+---------------+------------+---------------+--------+----------+
| Interface     | Data Width | Address Width | Offset | Register |
+---------------+------------+---------------+--------+----------+
| s_axi_control | 32         | 6             | 16     | 0        |
+---------------+------------+---------------+--------+----------+

* S_AXILITE Registers
+---------------+--------------+--------+-------+--------+----------------------------------+----------------------------------------------------------------------+
| Interface     | Register     | Offset | Width | Access | Description                      | Bit Fields                                                           |
+---------------+--------------+--------+-------+--------+----------------------------------+----------------------------------------------------------------------+
| s_axi_control | CTRL         | 0x00   | 32    | RW     | Control signals                  | 0=AP_START 1=AP_DONE 2=AP_IDLE 3=AP_READY 7=AUTO_RESTART 9=INTERRUPT |
| s_axi_control | GIER         | 0x04   | 32    | RW     | Global Interrupt Enable Register | 0=Enable                                                             |
| s_axi_control | IP_IER       | 0x08   | 32    | RW     | IP Interrupt Enable Register     | 0=CHAN0_INT_EN 1=CHAN1_INT_EN                                        |
| s_axi_control | IP_ISR       | 0x0c   | 32    | RW     | IP Interrupt Status Register     | 0=CHAN0_INT_ST 1=CHAN1_INT_ST                                        |
| s_axi_control | input_r_1    | 0x10   | 32    | W      | Data signal of input_r           |                                                                      |
| s_axi_control | input_r_2    | 0x14   | 32    | W      | Data signal of input_r           |                                                                      |
| s_axi_control | weight_1     | 0x1c   | 32    | W      | Data signal of weight            |                                                                      |
| s_axi_control | weight_2     | 0x20   | 32    | W      | Data signal of weight            |                                                                      |
| s_axi_control | output_nr1_1 | 0x28   | 32    | W      | Data signal of output_nr1        |                                                                      |
| s_axi_control | output_nr1_2 | 0x2c   | 32    | W      | Data signal of output_nr1        |                                                                      |
| s_axi_control | output_nr2_1 | 0x34   | 32    | W      | Data signal of output_nr2        |                                                                      |
| s_axi_control | output_nr2_2 | 0x38   | 32    | W      | Data signal of output_nr2        |                                                                      |
+---------------+--------------+--------+-------+--------+----------------------------------+----------------------------------------------------------------------+

* TOP LEVEL CONTROL
+-----------+------------+-----------+
| Interface | Type       | Ports     |
+-----------+------------+-----------+
| ap_clk    | clock      | ap_clk    |
| ap_rst_n  | reset      | ap_rst_n  |
| interrupt | interrupt  | interrupt |
| ap_ctrl   | ap_ctrl_hs |           |
+-----------+------------+-----------+


================================================================
== SW I/O Information
================================================================
* Top Function Arguments
+------------+-----------+--------------------------------------------------------+
| Argument   | Direction | Datatype                                               |
+------------+-----------+--------------------------------------------------------+
| input      | in        | ap_fixed<16, 6, (ap_q_mode)5, (ap_o_mode)3, 0> const * |
| weight     | in        | ap_fixed<16, 6, (ap_q_mode)5, (ap_o_mode)3, 0> const * |
| output_nr1 | out       | ap_fixed<16, 6, (ap_q_mode)5, (ap_o_mode)3, 0>*        |
| output_nr2 | out       | ap_fixed<16, 6, (ap_q_mode)5, (ap_o_mode)3, 0>*        |
+------------+-----------+--------------------------------------------------------+

* SW-to-HW Mapping
+------------+---------------+-----------+----------+----------------------------------------+
| Argument   | HW Interface  | HW Type   | HW Usage | HW Info                                |
+------------+---------------+-----------+----------+----------------------------------------+
| input      | m_axi_gmem0   | interface |          | channel=0                              |
| input      | s_axi_control | register  | offset   | name=input_r_1 offset=0x10 range=32    |
| input      | s_axi_control | register  | offset   | name=input_r_2 offset=0x14 range=32    |
| weight     | m_axi_gmem1   | interface |          | channel=0                              |
| weight     | s_axi_control | register  | offset   | name=weight_1 offset=0x1c range=32     |
| weight     | s_axi_control | register  | offset   | name=weight_2 offset=0x20 range=32     |
| output_nr1 | m_axi_gmem2   | interface |          | channel=0                              |
| output_nr1 | s_axi_control | register  | offset   | name=output_nr1_1 offset=0x28 range=32 |
| output_nr1 | s_axi_control | register  | offset   | name=output_nr1_2 offset=0x2c range=32 |
| output_nr2 | m_axi_gmem3   | interface |          | channel=0                              |
| output_nr2 | s_axi_control | register  | offset   | name=output_nr2_1 offset=0x34 range=32 |
| output_nr2 | s_axi_control | register  | offset   | name=output_nr2_2 offset=0x38 range=32 |
+------------+---------------+-----------+----------+----------------------------------------+


================================================================
== M_AXI Burst Information
================================================================
 Note: All burst requests might be further partitioned into multiple requests during RTL generation based on max_read_burst_length or max_write_burst_length settings.

* Inferred Burst Summary
+--------------+-----------+--------+-------+-----------+------------------------------------------+
| HW Interface | Direction | Length | Width | Loop      | Loop Location                            |
+--------------+-----------+--------+-------+-----------+------------------------------------------+
| m_axi_gmem0  | read      | 1024   | 16    | sum_loop  | ../hls_src/rmsnorm_rsqrt/kernel.cpp:58:5 |
| m_axi_gmem0  | read      | 1024   | 16    | norm_loop | ../hls_src/rmsnorm_rsqrt/kernel.cpp:71:5 |
| m_axi_gmem1  | read      | 1024   | 16    | norm_loop | ../hls_src/rmsnorm_rsqrt/kernel.cpp:71:5 |
| m_axi_gmem2  | write     | 1024   | 16    | norm_loop | ../hls_src/rmsnorm_rsqrt/kernel.cpp:71:5 |
| m_axi_gmem3  | write     | 1024   | 16    | norm_loop | ../hls_src/rmsnorm_rsqrt/kernel.cpp:71:5 |
+--------------+-----------+--------+-------+-----------+------------------------------------------+

* All M_AXI Variable Accesses
+--------------+------------+-------------------------------------------+-----------+--------------+--------+-----------+------------------------------------------+------------+-------------------------------------------------------------------------------------------------------+
| HW Interface | Variable   | Access Location                           | Direction | Burst Status | Length | Loop      | Loop Location                            | Resolution | Problem                                                                                               |
+--------------+------------+-------------------------------------------+-----------+--------------+--------+-----------+------------------------------------------+------------+-------------------------------------------------------------------------------------------------------+
| m_axi_gmem0  | input      | ../hls_src/rmsnorm_rsqrt/kernel.cpp:60:33 | read      | Widen Fail   |        | sum_loop  | ../hls_src/rmsnorm_rsqrt/kernel.cpp:58:5 | 214-353    | Could not widen since type i16 size is greater than or equal to the max_widen_bitwidth threshold of 0 |
| m_axi_gmem0  | input      | ../hls_src/rmsnorm_rsqrt/kernel.cpp:60:33 | read      | Inferred     | 1024   | sum_loop  | ../hls_src/rmsnorm_rsqrt/kernel.cpp:58:5 |            |                                                                                                       |
| m_axi_gmem0  | input      | ../hls_src/rmsnorm_rsqrt/kernel.cpp:73:34 | read      | Widen Fail   |        | norm_loop | ../hls_src/rmsnorm_rsqrt/kernel.cpp:71:5 | 214-353    | Could not widen since type i16 size is greater than or equal to the max_widen_bitwidth threshold of 0 |
| m_axi_gmem0  | input      | ../hls_src/rmsnorm_rsqrt/kernel.cpp:73:34 | read      | Inferred     | 1024   | norm_loop | ../hls_src/rmsnorm_rsqrt/kernel.cpp:71:5 |            |                                                                                                       |
| m_axi_gmem1  | weight     | ../hls_src/rmsnorm_rsqrt/kernel.cpp:73:69 | read      | Widen Fail   |        | norm_loop | ../hls_src/rmsnorm_rsqrt/kernel.cpp:71:5 | 214-353    | Could not widen since type i16 size is greater than or equal to the max_widen_bitwidth threshold of 0 |
| m_axi_gmem1  | weight     | ../hls_src/rmsnorm_rsqrt/kernel.cpp:73:69 | read      | Inferred     | 1024   | norm_loop | ../hls_src/rmsnorm_rsqrt/kernel.cpp:71:5 |            |                                                                                                       |
| m_axi_gmem2  | output_nr1 | ../hls_src/rmsnorm_rsqrt/kernel.cpp:74:23 | write     | Widen Fail   |        | norm_loop | ../hls_src/rmsnorm_rsqrt/kernel.cpp:71:5 | 214-353    | Could not widen since type i16 size is greater than or equal to the max_widen_bitwidth threshold of 0 |
| m_axi_gmem2  | output_nr1 | ../hls_src/rmsnorm_rsqrt/kernel.cpp:74:23 | write     | Inferred     | 1024   | norm_loop | ../hls_src/rmsnorm_rsqrt/kernel.cpp:71:5 |            |                                                                                                       |
| m_axi_gmem3  | output_nr2 | ../hls_src/rmsnorm_rsqrt/kernel.cpp:75:23 | write     | Widen Fail   |        | norm_loop | ../hls_src/rmsnorm_rsqrt/kernel.cpp:71:5 | 214-353    | Could not widen since type i16 size is greater than or equal to the max_widen_bitwidth threshold of 0 |
| m_axi_gmem3  | output_nr2 | ../hls_src/rmsnorm_rsqrt/kernel.cpp:75:23 | write     | Inferred     | 1024   | norm_loop | ../hls_src/rmsnorm_rsqrt/kernel.cpp:71:5 |            |                                                                                                       |
+--------------+------------+-------------------------------------------+-----------+--------------+--------+-----------+------------------------------------------+------------+-------------------------------------------------------------------------------------------------------+

    * Resolution URL: docs.amd.com/access/sources/dita/topic?Doc_Version=2025.2%20English&url=ug1448-hls-guidance&resourceid=XXX-YYY.html (replace XXX-YYY with column value)

================================================================
== Bind Op Report
================================================================
+--------------------------------------------+-----+--------+-------------+--------+----------+---------+
| Name                                       | DSP | Pragma | Variable    | Op     | Impl     | Latency |
+--------------------------------------------+-----+--------+-------------+--------+----------+---------+
| + rmsnorm_rsqrt_kernel                     | 64  |        |             |        |          |         |
|   sub_ln65_fu_363_p2                       |     |        | sub_ln65    | sub    | fabric   | 0       |
|   sub_ln65_1_fu_389_p2                     |     |        | sub_ln65_1  | sub    | fabric   | 0       |
|   select_ln65_fu_395_p3                    |     |        | select_ln65 | select | auto_sel | 0       |
|   mean_sq_fu_407_p2                        |     |        | mean_sq     | add    | fabric   | 0       |
|   icmp_ln15_fu_423_p2                      |     |        | icmp_ln15   | setlt  | auto     | 0       |
|   x_1_fu_429_p3                            |     |        | x_1         | select | auto_sel | 0       |
|   icmp_ln18_fu_439_p2                      |     |        | icmp_ln18   | setgt  | auto     | 0       |
|   add_ln22_fu_445_p2                       |     |        | add_ln22    | add    | fabric   | 0       |
|   select_ln22_fu_451_p3                    |     |        | select_ln22 | select | auto_sel | 0       |
|   mul_26ns_29ns_53_1_1_U21                 | 2   |        | mul_ln22    | mul    | auto     | 0       |
|   mul_54s_26ns_79_1_1_U22                  | 4   |        | mul_ln38    | mul    | auto     | 0       |
|   mul_79s_26ns_104_1_1_U24                 | 5   |        | mul_ln38_1  | mul    | auto     | 0       |
|   sub_ln38_fu_507_p2                       |     |        | sub_ln38    | sub    | fabric   | 0       |
|   mul_105s_26ns_130_1_1_U26                | 7   |        | mul_ln38_2  | mul    | auto     | 0       |
|   mul_54s_34s_88_1_1_U23                   | 6   |        | mul_ln38_3  | mul    | auto     | 0       |
|   mul_88s_34s_120_1_1_U25                  | 10  |        | mul_ln38_4  | mul    | auto     | 0       |
|   sub_ln38_1_fu_552_p2                     |     |        | sub_ln38_1  | sub    | fabric   | 0       |
|   mul_121s_34s_136_1_1_U27                 | 14  |        | mul_ln38_5  | mul    | auto     | 0       |
|  + rmsnorm_rsqrt_kernel_Pipeline_sum_loop  | 4   |        |             |        |          |         |
|    icmp_ln58_fu_115_p2                     |     |        | icmp_ln58   | seteq  | auto     | 0       |
|    add_ln58_fu_121_p2                      |     |        | add_ln58    | add    | fabric   | 0       |
|    mul_30s_30s_60_1_1_U1                   | 4   |        | mul_ln61    | mul    | auto     | 0       |
|    add_ln61_fu_166_p2                      |     |        | add_ln61    | add    | fabric   | 0       |
|  + rmsnorm_rsqrt_kernel_Pipeline_norm_loop | 12  |        |             |        |          |         |
|    icmp_ln71_fu_204_p2                     |     |        | icmp_ln71   | seteq  | auto     | 0       |
|    add_ln71_fu_210_p2                      |     |        | add_ln71    | add    | fabric   | 0       |
|    mul_30s_30s_60_1_1_U6                   | 4   |        | mul_ln73    | mul    | auto     | 0       |
|    mul_36s_34s_54_1_1_U7                   | 4   |        | mul_ln74    | mul    | auto     | 0       |
|    mul_36s_40s_54_1_1_U8                   | 4   |        | mul_ln75    | mul    | auto     | 0       |
+--------------------------------------------+-----+--------+-------------+--------+----------+---------+


================================================================
== Storage Report
================================================================
+------------------------+-----------+-----------+------+------+--------+-----------+------+---------+------------------+
| Name                   | Usage     | Type      | BRAM | URAM | Pragma | Variable  | Impl | Latency | Bitwidth, Depth, |
|                        |           |           |      |      |        |           |      |         | Banks            |
+------------------------+-----------+-----------+------+------+--------+-----------+------+---------+------------------+
| + rmsnorm_rsqrt_kernel |           |           | 2    | 0    |        |           |      |         |                  |
|   control_s_axi_U      | interface | s_axilite |      |      |        |           |      |         |                  |
|   gmem0_m_axi_U        | interface | m_axi     | 1    |      |        |           |      |         |                  |
|   gmem1_m_axi_U        | interface | m_axi     | 1    |      |        |           |      |         |                  |
|   gmem2_m_axi_U        | interface | m_axi     |      |      |        |           |      |         |                  |
|   gmem3_m_axi_U        | interface | m_axi     |      |      |        |           |      |         |                  |
|   kRsqrtLut_U          | rom_1p    |           |      |      |        | kRsqrtLut | auto | 1       | 26, 32, 1        |
+------------------------+-----------+-----------+------+------+--------+-----------+------+---------+------------------+


================================================================
== Pragma Report
================================================================
* Valid Pragma Syntax
+-----------+------------------------------------------------------------+------------------------------------------------------------------+
| Type      | Options                                                    | Location                                                         |
+-----------+------------------------------------------------------------+------------------------------------------------------------------+
| INLINE    |                                                            | in rsqrt_lut_init (../hls_src/rmsnorm_rsqrt/kernel.cpp:14)       |
| INLINE    |                                                            | in nr_rsqrt_step (../hls_src/rmsnorm_rsqrt/kernel.cpp:35)        |
| INTERFACE | m_axi port=input offset=slave bundle=gmem0 depth=1024      | in rmsnorm_rsqrt_kernel (../hls_src/rmsnorm_rsqrt/kernel.cpp:46) |
| INTERFACE | m_axi port=weight offset=slave bundle=gmem1 depth=1024     | in rmsnorm_rsqrt_kernel (../hls_src/rmsnorm_rsqrt/kernel.cpp:47) |
| INTERFACE | m_axi port=output_nr1 offset=slave bundle=gmem2 depth=1024 | in rmsnorm_rsqrt_kernel (../hls_src/rmsnorm_rsqrt/kernel.cpp:48) |
| INTERFACE | m_axi port=output_nr2 offset=slave bundle=gmem3 depth=1024 | in rmsnorm_rsqrt_kernel (../hls_src/rmsnorm_rsqrt/kernel.cpp:49) |
| INTERFACE | s_axilite port=input bundle=control                        | in rmsnorm_rsqrt_kernel (../hls_src/rmsnorm_rsqrt/kernel.cpp:50) |
| INTERFACE | s_axilite port=weight bundle=control                       | in rmsnorm_rsqrt_kernel (../hls_src/rmsnorm_rsqrt/kernel.cpp:51) |
| INTERFACE | s_axilite port=output_nr1 bundle=control                   | in rmsnorm_rsqrt_kernel (../hls_src/rmsnorm_rsqrt/kernel.cpp:52) |
| INTERFACE | s_axilite port=output_nr2 bundle=control                   | in rmsnorm_rsqrt_kernel (../hls_src/rmsnorm_rsqrt/kernel.cpp:53) |
| INTERFACE | s_axilite port=return bundle=control                       | in rmsnorm_rsqrt_kernel (../hls_src/rmsnorm_rsqrt/kernel.cpp:54) |
| PIPELINE  | ii=1                                                       | in rmsnorm_rsqrt_kernel (../hls_src/rmsnorm_rsqrt/kernel.cpp:59) |
| PIPELINE  | ii=1                                                       | in rmsnorm_rsqrt_kernel (../hls_src/rmsnorm_rsqrt/kernel.cpp:72) |
+-----------+------------------------------------------------------------+------------------------------------------------------------------+


