

================================================================
== Synthesis Summary Report of 'exact_rmsnorm_kernel'
================================================================
+ General Information: 
    * Date:           Thu May  7 00:38:42 2026
    * Version:        2025.2 (Build 6295257 on Nov 14 2025)
    * Project:        exact_rmsnorm_kernel
    * Solution:       hls (Vivado IP Flow Target)
    * Product family: virtexuplus
    * Target device:  xcvu9p-flga2104-2-i
    

* Performance & Resource Estimates: 
+--------------------------------------------+--------+---------------+----------+---------+------+----------+---------+-----------+-------+---------+----------+------------+------------+-----+
|                   Modules                  |  Issue |               | Iteration|         | Trip |          |       Latency       |       |         |          |            |            |     |
|                   & Loops                  |  Type  | Violation Type|  Latency | Interval| Count| Pipelined| (cycles)|    (ns)   | Slack |  BRAM   |    DSP   |     FF     |     LUT    | URAM|
+--------------------------------------------+--------+---------------+----------+---------+------+----------+---------+-----------+-------+---------+----------+------------+------------+-----+
|+ exact_rmsnorm_kernel                      |  Timing|              -|         -|     2095|     -|        no|     2094|  3.171e+04|  -7.84|  2 (~0%)|  10 (~0%)|  3334 (~0%)|  3659 (~0%)|    -|
| + exact_rmsnorm_kernel_Pipeline_sum_loop   |  Timing|              -|         -|        -|     -|       yes|     1030|  1.560e+04|  -7.84|        -|   2 (~0%)|   361 (~0%)|   362 (~0%)|    -|
|  o sum_loop                                |       -|              -|         6|        1|  1024|       yes|     1028|  1.557e+04|   7.30|        -|         -|           -|           -|    -|
| + exact_rmsnorm_kernel_Pipeline_norm_loop  |       -|              -|         -|        -|     -|       yes|     1031|  1.031e+04|   0.00|        -|   3 (~0%)|   280 (~0%)|   187 (~0%)|    -|
|  o norm_loop                               |       -|              -|         7|        1|  1024|       yes|     1029|  1.029e+04|   7.30|        -|         -|           -|           -|    -|
+--------------------------------------------+--------+---------------+----------+---------+------+----------+---------+-----------+-------+---------+----------+------------+------------+-----+
    Name Prefix: '+' for module, 'o' for loop, '*' for dataflow


================================================================
== HW Interfaces
================================================================
* M_AXI
+-------------+------------+------------+---------------+---------+--------+----------+-----------+--------------+--------------+-------------+-------------+-------------------+
| Interface   | Read/Write | Data Width | Address Width | Latency | Offset | Register | Max Widen | Max Read     | Max Write    | Num Read    | Num Write   | Resource Estimate |
|             |            | (SW->HW)   |               |         |        |          | Bitwidth  | Burst Length | Burst Length | Outstanding | Outstanding |                   |
+-------------+------------+------------+---------------+---------+--------+----------+-----------+--------------+--------------+-------------+-------------+-------------------+
| m_axi_gmem0 | READ_ONLY  | 32 -> 32   | 64            | 0       | slave  | 0        | 0         | 16           | 16           | 16          | 16          | BRAM=1            |
| m_axi_gmem1 | READ_ONLY  | 32 -> 32   | 64            | 0       | slave  | 0        | 0         | 16           | 16           | 16          | 16          | BRAM=1            |
| m_axi_gmem2 | WRITE_ONLY | 32 -> 32   | 64            | 0       | slave  | 0        | 0         | 16           | 16           | 16          | 16          |                   |
+-------------+------------+------------+---------------+---------+--------+----------+-----------+--------------+--------------+-------------+-------------+-------------------+

* S_AXILITE Interfaces
+---------------+------------+---------------+--------+----------+
| Interface     | Data Width | Address Width | Offset | Register |
+---------------+------------+---------------+--------+----------+
| s_axi_control | 32         | 6             | 16     | 0        |
+---------------+------------+---------------+--------+----------+

* S_AXILITE Registers
+---------------+------------+--------+-------+--------+----------------------------------+----------------------------------------------------------------------+
| Interface     | Register   | Offset | Width | Access | Description                      | Bit Fields                                                           |
+---------------+------------+--------+-------+--------+----------------------------------+----------------------------------------------------------------------+
| s_axi_control | CTRL       | 0x00   | 32    | RW     | Control signals                  | 0=AP_START 1=AP_DONE 2=AP_IDLE 3=AP_READY 7=AUTO_RESTART 9=INTERRUPT |
| s_axi_control | GIER       | 0x04   | 32    | RW     | Global Interrupt Enable Register | 0=Enable                                                             |
| s_axi_control | IP_IER     | 0x08   | 32    | RW     | IP Interrupt Enable Register     | 0=CHAN0_INT_EN 1=CHAN1_INT_EN                                        |
| s_axi_control | IP_ISR     | 0x0c   | 32    | RW     | IP Interrupt Status Register     | 0=CHAN0_INT_ST 1=CHAN1_INT_ST                                        |
| s_axi_control | input_r_1  | 0x10   | 32    | W      | Data signal of input_r           |                                                                      |
| s_axi_control | input_r_2  | 0x14   | 32    | W      | Data signal of input_r           |                                                                      |
| s_axi_control | weight_1   | 0x1c   | 32    | W      | Data signal of weight            |                                                                      |
| s_axi_control | weight_2   | 0x20   | 32    | W      | Data signal of weight            |                                                                      |
| s_axi_control | output_r_1 | 0x28   | 32    | W      | Data signal of output_r          |                                                                      |
| s_axi_control | output_r_2 | 0x2c   | 32    | W      | Data signal of output_r          |                                                                      |
+---------------+------------+--------+-------+--------+----------------------------------+----------------------------------------------------------------------+

* TOP LEVEL CONTROL
+-----------+------------+-----------+
| Interface | Type       | Ports     |
+-----------+------------+-----------+
| ap_clk    | clock      | ap_clk    |
| ap_rst_n  | reset      | ap_rst_n  |
| interrupt | interrupt  | interrupt |
| ap_ctrl   | ap_ctrl_hs |           |
+-----------+------------+-----------+


================================================================
== SW I/O Information
================================================================
* Top Function Arguments
+----------+-----------+---------------+
| Argument | Direction | Datatype      |
+----------+-----------+---------------+
| input    | in        | float const * |
| weight   | in        | float const * |
| output   | out       | float*        |
+----------+-----------+---------------+

* SW-to-HW Mapping
+----------+---------------+-----------+----------+--------------------------------------+
| Argument | HW Interface  | HW Type   | HW Usage | HW Info                              |
+----------+---------------+-----------+----------+--------------------------------------+
| input    | m_axi_gmem0   | interface |          | channel=0                            |
| input    | s_axi_control | register  | offset   | name=input_r_1 offset=0x10 range=32  |
| input    | s_axi_control | register  | offset   | name=input_r_2 offset=0x14 range=32  |
| weight   | m_axi_gmem1   | interface |          | channel=0                            |
| weight   | s_axi_control | register  | offset   | name=weight_1 offset=0x1c range=32   |
| weight   | s_axi_control | register  | offset   | name=weight_2 offset=0x20 range=32   |
| output   | m_axi_gmem2   | interface |          | channel=0                            |
| output   | s_axi_control | register  | offset   | name=output_r_1 offset=0x28 range=32 |
| output   | s_axi_control | register  | offset   | name=output_r_2 offset=0x2c range=32 |
+----------+---------------+-----------+----------+--------------------------------------+


================================================================
== M_AXI Burst Information
================================================================
 Note: All burst requests might be further partitioned into multiple requests during RTL generation based on max_read_burst_length or max_write_burst_length settings.

* Inferred Burst Summary
+--------------+-----------+--------+-------+-----------+------------------------------------------+
| HW Interface | Direction | Length | Width | Loop      | Loop Location                            |
+--------------+-----------+--------+-------+-----------+------------------------------------------+
| m_axi_gmem0  | read      | 1024   | 32    | sum_loop  | ../hls_src/exact_rmsnorm/kernel.cpp:31:5 |
| m_axi_gmem0  | read      | 1024   | 32    | norm_loop | ../hls_src/exact_rmsnorm/kernel.cpp:41:5 |
| m_axi_gmem1  | read      | 1024   | 32    | norm_loop | ../hls_src/exact_rmsnorm/kernel.cpp:41:5 |
| m_axi_gmem2  | write     | 1024   | 32    | norm_loop | ../hls_src/exact_rmsnorm/kernel.cpp:41:5 |
+--------------+-----------+--------+-------+-----------+------------------------------------------+

* All M_AXI Variable Accesses
+--------------+----------+-------------------------------------------+-----------+--------------+--------+-----------+------------------------------------------+------------+---------------------------------------------------------------------------------------------------------+
| HW Interface | Variable | Access Location                           | Direction | Burst Status | Length | Loop      | Loop Location                            | Resolution | Problem                                                                                                 |
+--------------+----------+-------------------------------------------+-----------+--------------+--------+-----------+------------------------------------------+------------+---------------------------------------------------------------------------------------------------------+
| m_axi_gmem0  | input    | ../hls_src/exact_rmsnorm/kernel.cpp:33:35 | read      | Widen Fail   |        | sum_loop  | ../hls_src/exact_rmsnorm/kernel.cpp:31:5 | 214-353    | Could not widen since type float size is greater than or equal to the max_widen_bitwidth threshold of 0 |
| m_axi_gmem0  | input    | ../hls_src/exact_rmsnorm/kernel.cpp:33:35 | read      | Inferred     | 1024   | sum_loop  | ../hls_src/exact_rmsnorm/kernel.cpp:31:5 |            |                                                                                                         |
| m_axi_gmem0  | input    | ../hls_src/exact_rmsnorm/kernel.cpp:43:21 | read      | Widen Fail   |        | norm_loop | ../hls_src/exact_rmsnorm/kernel.cpp:41:5 | 214-353    | Could not widen since type float size is greater than or equal to the max_widen_bitwidth threshold of 0 |
| m_axi_gmem0  | input    | ../hls_src/exact_rmsnorm/kernel.cpp:43:21 | read      | Inferred     | 1024   | norm_loop | ../hls_src/exact_rmsnorm/kernel.cpp:41:5 |            |                                                                                                         |
| m_axi_gmem1  | weight   | ../hls_src/exact_rmsnorm/kernel.cpp:43:32 | read      | Widen Fail   |        | norm_loop | ../hls_src/exact_rmsnorm/kernel.cpp:41:5 | 214-353    | Could not widen since type float size is greater than or equal to the max_widen_bitwidth threshold of 0 |
| m_axi_gmem1  | weight   | ../hls_src/exact_rmsnorm/kernel.cpp:43:32 | read      | Inferred     | 1024   | norm_loop | ../hls_src/exact_rmsnorm/kernel.cpp:41:5 |            |                                                                                                         |
| m_axi_gmem2  | output   | ../hls_src/exact_rmsnorm/kernel.cpp:43:19 | write     | Widen Fail   |        | norm_loop | ../hls_src/exact_rmsnorm/kernel.cpp:41:5 | 214-353    | Could not widen since type float size is greater than or equal to the max_widen_bitwidth threshold of 0 |
| m_axi_gmem2  | output   | ../hls_src/exact_rmsnorm/kernel.cpp:43:19 | write     | Inferred     | 1024   | norm_loop | ../hls_src/exact_rmsnorm/kernel.cpp:41:5 |            |                                                                                                         |
+--------------+----------+-------------------------------------------+-----------+--------------+--------+-----------+------------------------------------------+------------+---------------------------------------------------------------------------------------------------------+

    * Resolution URL: docs.amd.com/access/sources/dita/topic?Doc_Version=2025.2%20English&url=ug1448-hls-guidance&resourceid=XXX-YYY.html (replace XXX-YYY with column value)

================================================================
== Bind Op Report
================================================================
+--------------------------------------------+-----+--------+-----------+-------+---------+---------+
| Name                                       | DSP | Pragma | Variable  | Op    | Impl    | Latency |
+--------------------------------------------+-----+--------+-----------+-------+---------+---------+
| + exact_rmsnorm_kernel                     | 10  |        |           |       |         |         |
|   fmul_32ns_32ns_32_2_max_dsp_1_U17        | 3   |        | div       | fmul  | maxdsp  | 1       |
|   fadd_32ns_32ns_32_3_full_dsp_1_U16       | 2   |        | mean_sq   | fadd  | fulldsp | 2       |
|   fsqrt_32ns_32ns_32_6_no_dsp_1_U19        |     |        | tmp       | fsqrt | fabric  | 5       |
|   fdiv_32ns_32ns_32_6_no_dsp_1_U18         |     |        | inv_rms   | fdiv  | fabric  | 5       |
|  + exact_rmsnorm_kernel_Pipeline_sum_loop  | 2   |        |           |       |         |         |
|    icmp_ln31_fu_105_p2                     |     |        | icmp_ln31 | seteq | auto    | 0       |
|    add_ln31_fu_111_p2                      |     |        | add_ln31  | add   | fabric  | 0       |
|    fadd_32ns_32ns_32_2_full_dsp_1_U1       | 2   |        | sum_sq_1  | fadd  | fulldsp | 1       |
|  + exact_rmsnorm_kernel_Pipeline_norm_loop | 3   |        |           |       |         |         |
|    icmp_ln41_fu_142_p2                     |     |        | icmp_ln41 | seteq | auto    | 0       |
|    add_ln41_fu_148_p2                      |     |        | add_ln41  | add   | fabric  | 0       |
|    fmul_32ns_32ns_32_2_max_dsp_1_U8        | 3   |        | mul2      | fmul  | maxdsp  | 1       |
+--------------------------------------------+-----+--------+-----------+-------+---------+---------+


================================================================
== Storage Report
================================================================
+------------------------+-----------+-----------+------+------+--------+----------+------+---------+------------------+
| Name                   | Usage     | Type      | BRAM | URAM | Pragma | Variable | Impl | Latency | Bitwidth, Depth, |
|                        |           |           |      |      |        |          |      |         | Banks            |
+------------------------+-----------+-----------+------+------+--------+----------+------+---------+------------------+
| + exact_rmsnorm_kernel |           |           | 2    | 0    |        |          |      |         |                  |
|   control_s_axi_U      | interface | s_axilite |      |      |        |          |      |         |                  |
|   gmem0_m_axi_U        | interface | m_axi     | 1    |      |        |          |      |         |                  |
|   gmem1_m_axi_U        | interface | m_axi     | 1    |      |        |          |      |         |                  |
|   gmem2_m_axi_U        | interface | m_axi     |      |      |        |          |      |         |                  |
+------------------------+-----------+-----------+------+------+--------+----------+------+---------+------------------+


================================================================
== Pragma Report
================================================================
* Valid Pragma Syntax
+-----------+--------------------------------------------------------+------------------------------------------------------------------+
| Type      | Options                                                | Location                                                         |
+-----------+--------------------------------------------------------+------------------------------------------------------------------+
| INLINE    |                                                        | in exact_sqrt (../hls_src/exact_rmsnorm/kernel.cpp:12)           |
| INTERFACE | m_axi port=input offset=slave bundle=gmem0 depth=1024  | in exact_rmsnorm_kernel (../hls_src/exact_rmsnorm/kernel.cpp:21) |
| INTERFACE | m_axi port=weight offset=slave bundle=gmem1 depth=1024 | in exact_rmsnorm_kernel (../hls_src/exact_rmsnorm/kernel.cpp:22) |
| INTERFACE | m_axi port=output offset=slave bundle=gmem2 depth=1024 | in exact_rmsnorm_kernel (../hls_src/exact_rmsnorm/kernel.cpp:23) |
| INTERFACE | s_axilite port=input bundle=control                    | in exact_rmsnorm_kernel (../hls_src/exact_rmsnorm/kernel.cpp:24) |
| INTERFACE | s_axilite port=weight bundle=control                   | in exact_rmsnorm_kernel (../hls_src/exact_rmsnorm/kernel.cpp:25) |
| INTERFACE | s_axilite port=output bundle=control                   | in exact_rmsnorm_kernel (../hls_src/exact_rmsnorm/kernel.cpp:26) |
| INTERFACE | s_axilite port=return bundle=control                   | in exact_rmsnorm_kernel (../hls_src/exact_rmsnorm/kernel.cpp:27) |
| PIPELINE  | ii=1                                                   | in exact_rmsnorm_kernel (../hls_src/exact_rmsnorm/kernel.cpp:32) |
| PIPELINE  | ii=1                                                   | in exact_rmsnorm_kernel (../hls_src/exact_rmsnorm/kernel.cpp:42) |
+-----------+--------------------------------------------------------+------------------------------------------------------------------+


