

================================================================
== Vitis HLS Report for 'exact_gelu_kernel'
================================================================
* Date:           Thu May  7 00:29:32 2026

* Version:        2025.2 (Build 6295257 on Nov 14 2025)
* Project:        exact_gelu_kernel
* Solution:       hls (Vivado IP Flow Target)
* Product family: virtexuplus
* Target device:  xcvu9p-flga2104-2-i


================================================================
== Performance Estimates
================================================================
+ Timing: 
    * Summary: 
    +--------+----------+----------+------------+
    |  Clock |  Target  | Estimated| Uncertainty|
    +--------+----------+----------+------------+
    |ap_clk  |  10.00 ns|  7.300 ns|     2.70 ns|
    +--------+----------+----------+------------+

+ Latency: 
    * Summary: 
    +---------+---------+-----------+-----------+------+------+------------------------------------------------+
    |  Latency (cycles) |   Latency (absolute)  |   Interval  |                    Pipeline                    |
    |   min   |   max   |    min    |    max    |  min |  max |                      Type                      |
    +---------+---------+-----------+-----------+------+------+------------------------------------------------+
    |     4159|     4159|  41.590 us|  41.590 us|  4096|  4096|  loop auto-rewind stp (delay=0 clock cycles(s))|
    +---------+---------+-----------+-----------+------+------+------------------------------------------------+

    + Detail: 
        * Instance: 
        +---------------------------------+----------------------+---------+---------+----------+----------+-----+-----+---------+
        |                                 |                      |  Latency (cycles) |  Latency (absolute) |  Interval | Pipeline|
        |             Instance            |        Module        |   min   |   max   |    min   |    max   | min | max |   Type  |
        +---------------------------------+----------------------+---------+---------+----------+----------+-----+-----+---------+
        |grp_generic_tanh_float_s_fu_166  |generic_tanh_float_s  |       29|       29|  0.290 us|  0.290 us|    1|    1|      yes|
        +---------------------------------+----------------------+---------+---------+----------+----------+-----+-----+---------+

        * Loop: 
        +---------------+---------+---------+----------+-----------+-----------+------+----------+
        |               |  Latency (cycles) | Iteration|  Initiation Interval  | Trip |          |
        |   Loop Name   |   min   |   max   |  Latency |  achieved |   target  | Count| Pipelined|
        +---------------+---------+---------+----------+-----------+-----------+------+----------+
        |- vector_loop  |     4157|     4157|        63|          1|          1|  4096|       yes|
        +---------------+---------+---------+----------+-----------+-----------+------+----------+



================================================================
== Utilization Estimates
================================================================
* Summary: 
+---------------------+---------+------+---------+---------+-----+
|         Name        | BRAM_18K|  DSP |    FF   |   LUT   | URAM|
+---------------------+---------+------+---------+---------+-----+
|DSP                  |        -|     -|        -|        -|    -|
|Expression           |        -|     -|        0|       56|    -|
|FIFO                 |        -|     -|        -|        -|    -|
|Instance             |        6|    60|     7191|     7589|    0|
|Memory               |        -|     -|        -|        -|    -|
|Multiplexer          |        -|     -|        0|       81|    -|
|Register             |        -|     -|      876|      128|    -|
+---------------------+---------+------+---------+---------+-----+
|Total                |        6|    60|     8067|     7854|    0|
+---------------------+---------+------+---------+---------+-----+
|Available SLR        |     1440|  2280|   788160|   394080|  320|
+---------------------+---------+------+---------+---------+-----+
|Utilization SLR (%)  |       ~0|     2|        1|        1|    0|
+---------------------+---------+------+---------+---------+-----+
|Available            |     4320|  6840|  2364480|  1182240|  960|
+---------------------+---------+------+---------+---------+-----+
|Utilization (%)      |       ~0|    ~0|       ~0|       ~0|    0|
+---------------------+---------+------+---------+---------+-----+

+ Detail: 
    * Instance: 
    +------------------------------------+--------------------------------+---------+----+------+------+-----+
    |              Instance              |             Module             | BRAM_18K| DSP|  FF  |  LUT | URAM|
    +------------------------------------+--------------------------------+---------+----+------+------+-----+
    |control_s_axi_U                     |control_s_axi                   |        0|   0|   176|   296|    0|
    |fadd_32ns_32ns_32_3_full_dsp_1_U37  |fadd_32ns_32ns_32_3_full_dsp_1  |        0|   2|   177|   226|    0|
    |fadd_32ns_32ns_32_3_full_dsp_1_U38  |fadd_32ns_32ns_32_3_full_dsp_1  |        0|   2|   177|   226|    0|
    |fmul_32ns_32ns_32_2_max_dsp_1_U39   |fmul_32ns_32ns_32_2_max_dsp_1   |        0|   3|   128|    77|    0|
    |fmul_32ns_32ns_32_2_max_dsp_1_U40   |fmul_32ns_32ns_32_2_max_dsp_1   |        0|   3|   128|    77|    0|
    |fmul_32ns_32ns_32_2_max_dsp_1_U41   |fmul_32ns_32ns_32_2_max_dsp_1   |        0|   3|   128|    77|    0|
    |fmul_32ns_32ns_32_2_max_dsp_1_U42   |fmul_32ns_32ns_32_2_max_dsp_1   |        0|   3|   128|    77|    0|
    |fmul_32ns_32ns_32_2_max_dsp_1_U43   |fmul_32ns_32ns_32_2_max_dsp_1   |        0|   3|   128|    77|    0|
    |fmul_32ns_32ns_32_2_max_dsp_1_U44   |fmul_32ns_32ns_32_2_max_dsp_1   |        0|   3|   128|    77|    0|
    |grp_generic_tanh_float_s_fu_166     |generic_tanh_float_s            |        5|  38|  4769|  5099|    0|
    |gmem0_m_axi_U                       |gmem0_m_axi                     |        1|   0|   604|   650|    0|
    |gmem1_m_axi_U                       |gmem1_m_axi                     |        0|   0|   520|   630|    0|
    +------------------------------------+--------------------------------+---------+----+------+------+-----+
    |Total                               |                                |        6|  60|  7191|  7589|    0|
    +------------------------------------+--------------------------------+---------+----+------+------+-----+

    * DSP: 
    N/A

    * Memory: 
    N/A

    * FIFO: 
    N/A

    * Expression: 
    +-------------------------------------------+----------+----+---+----+------------+------------+
    |               Variable Name               | Operation| DSP| FF| LUT| Bitwidth P0| Bitwidth P1|
    +-------------------------------------------+----------+----+---+----+------------+------------+
    |i_2_fu_221_p2                              |         +|   0|  0|  19|          12|           1|
    |ap_block_state2_io_grp1                    |       and|   0|  0|   2|           1|           1|
    |ap_block_state57_io_grp1                   |       and|   0|  0|   2|           1|           1|
    |ap_block_state63_pp0_stage0_iter62_grp1    |       and|   0|  0|   2|           1|           1|
    |ap_condition_1135                          |       and|   0|  0|   2|           1|           1|
    |ap_condition_945                           |       and|   0|  0|   2|           1|           1|
    |icmp_ln36_fu_227_p2                        |      icmp|   0|  0|  19|          12|           2|
    |ap_block_pp0_stage0_01001_grp1             |        or|   0|  0|   2|           1|           1|
    |ap_block_pp0_stage0_11001                  |        or|   0|  0|   2|           1|           1|
    |ap_block_pp0_stage0_11001_ignoreCallOp113  |        or|   0|  0|   2|           1|           1|
    |ap_enable_pp0                              |       xor|   0|  0|   2|           1|           2|
    +-------------------------------------------+----------+----+---+----+------------+------------+
    |Total                                      |          |   0|  0|  56|          33|          13|
    +-------------------------------------------+----------+----+---+----+------------+------------+

    * Multiplexer: 
    +-----------------------------------+----+-----------+-----+-----------+
    |                Name               | LUT| Input Size| Bits| Total Bits|
    +-----------------------------------+----+-----------+-----+-----------+
    |ap_done_int                        |   9|          2|    1|          2|
    |ap_loop_exit_ready_pp0_iter62_reg  |   9|          2|    1|          2|
    |ap_sig_allocacmp_i_load            |   9|          2|   12|         24|
    |gmem0_blk_n_AR                     |   9|          2|    1|          2|
    |gmem0_blk_n_R                      |   9|          2|    1|          2|
    |gmem1_blk_n_AW                     |   9|          2|    1|          2|
    |gmem1_blk_n_B                      |   9|          2|    1|          2|
    |gmem1_blk_n_W                      |   9|          2|    1|          2|
    |i_fu_106                           |   9|          2|   12|         24|
    +-----------------------------------+----+-----------+-----+-----------+
    |Total                              |  81|         18|   31|         62|
    +-----------------------------------+----+-----------+-----+-----------+

    * Register: 
    +-----------------------------------+----+----+-----+-----------+
    |                Name               | FF | LUT| Bits| Const Bits|
    +-----------------------------------+----+----+-----+-----------+
    |add5_i_reg_363                     |  32|   0|   32|          0|
    |add_i_reg_343                      |  32|   0|   32|          0|
    |ap_CS_fsm                          |   1|   0|    1|          0|
    |ap_done_reg                        |   1|   0|    1|          0|
    |ap_enable_reg_pp0_iter1            |   1|   0|    1|          0|
    |ap_enable_reg_pp0_iter10           |   1|   0|    1|          0|
    |ap_enable_reg_pp0_iter11           |   1|   0|    1|          0|
    |ap_enable_reg_pp0_iter12           |   1|   0|    1|          0|
    |ap_enable_reg_pp0_iter13           |   1|   0|    1|          0|
    |ap_enable_reg_pp0_iter14           |   1|   0|    1|          0|
    |ap_enable_reg_pp0_iter15           |   1|   0|    1|          0|
    |ap_enable_reg_pp0_iter16           |   1|   0|    1|          0|
    |ap_enable_reg_pp0_iter17           |   1|   0|    1|          0|
    |ap_enable_reg_pp0_iter18           |   1|   0|    1|          0|
    |ap_enable_reg_pp0_iter19           |   1|   0|    1|          0|
    |ap_enable_reg_pp0_iter2            |   1|   0|    1|          0|
    |ap_enable_reg_pp0_iter20           |   1|   0|    1|          0|
    |ap_enable_reg_pp0_iter21           |   1|   0|    1|          0|
    |ap_enable_reg_pp0_iter22           |   1|   0|    1|          0|
    |ap_enable_reg_pp0_iter23           |   1|   0|    1|          0|
    |ap_enable_reg_pp0_iter24           |   1|   0|    1|          0|
    |ap_enable_reg_pp0_iter25           |   1|   0|    1|          0|
    |ap_enable_reg_pp0_iter26           |   1|   0|    1|          0|
    |ap_enable_reg_pp0_iter27           |   1|   0|    1|          0|
    |ap_enable_reg_pp0_iter28           |   1|   0|    1|          0|
    |ap_enable_reg_pp0_iter29           |   1|   0|    1|          0|
    |ap_enable_reg_pp0_iter3            |   1|   0|    1|          0|
    |ap_enable_reg_pp0_iter30           |   1|   0|    1|          0|
    |ap_enable_reg_pp0_iter31           |   1|   0|    1|          0|
    |ap_enable_reg_pp0_iter32           |   1|   0|    1|          0|
    |ap_enable_reg_pp0_iter33           |   1|   0|    1|          0|
    |ap_enable_reg_pp0_iter34           |   1|   0|    1|          0|
    |ap_enable_reg_pp0_iter35           |   1|   0|    1|          0|
    |ap_enable_reg_pp0_iter36           |   1|   0|    1|          0|
    |ap_enable_reg_pp0_iter37           |   1|   0|    1|          0|
    |ap_enable_reg_pp0_iter38           |   1|   0|    1|          0|
    |ap_enable_reg_pp0_iter39           |   1|   0|    1|          0|
    |ap_enable_reg_pp0_iter4            |   1|   0|    1|          0|
    |ap_enable_reg_pp0_iter40           |   1|   0|    1|          0|
    |ap_enable_reg_pp0_iter41           |   1|   0|    1|          0|
    |ap_enable_reg_pp0_iter42           |   1|   0|    1|          0|
    |ap_enable_reg_pp0_iter43           |   1|   0|    1|          0|
    |ap_enable_reg_pp0_iter44           |   1|   0|    1|          0|
    |ap_enable_reg_pp0_iter45           |   1|   0|    1|          0|
    |ap_enable_reg_pp0_iter46           |   1|   0|    1|          0|
    |ap_enable_reg_pp0_iter47           |   1|   0|    1|          0|
    |ap_enable_reg_pp0_iter48           |   1|   0|    1|          0|
    |ap_enable_reg_pp0_iter49           |   1|   0|    1|          0|
    |ap_enable_reg_pp0_iter5            |   1|   0|    1|          0|
    |ap_enable_reg_pp0_iter50           |   1|   0|    1|          0|
    |ap_enable_reg_pp0_iter51           |   1|   0|    1|          0|
    |ap_enable_reg_pp0_iter52           |   1|   0|    1|          0|
    |ap_enable_reg_pp0_iter53           |   1|   0|    1|          0|
    |ap_enable_reg_pp0_iter54           |   1|   0|    1|          0|
    |ap_enable_reg_pp0_iter55           |   1|   0|    1|          0|
    |ap_enable_reg_pp0_iter56           |   1|   0|    1|          0|
    |ap_enable_reg_pp0_iter57           |   1|   0|    1|          0|
    |ap_enable_reg_pp0_iter58           |   1|   0|    1|          0|
    |ap_enable_reg_pp0_iter59           |   1|   0|    1|          0|
    |ap_enable_reg_pp0_iter6            |   1|   0|    1|          0|
    |ap_enable_reg_pp0_iter60           |   1|   0|    1|          0|
    |ap_enable_reg_pp0_iter61           |   1|   0|    1|          0|
    |ap_enable_reg_pp0_iter62           |   1|   0|    1|          0|
    |ap_enable_reg_pp0_iter7            |   1|   0|    1|          0|
    |ap_enable_reg_pp0_iter8            |   1|   0|    1|          0|
    |ap_enable_reg_pp0_iter9            |   1|   0|    1|          0|
    |ap_loop_exit_ready_pp0_iter10_reg  |   1|   0|    1|          0|
    |ap_loop_exit_ready_pp0_iter11_reg  |   1|   0|    1|          0|
    |ap_loop_exit_ready_pp0_iter12_reg  |   1|   0|    1|          0|
    |ap_loop_exit_ready_pp0_iter13_reg  |   1|   0|    1|          0|
    |ap_loop_exit_ready_pp0_iter14_reg  |   1|   0|    1|          0|
    |ap_loop_exit_ready_pp0_iter15_reg  |   1|   0|    1|          0|
    |ap_loop_exit_ready_pp0_iter16_reg  |   1|   0|    1|          0|
    |ap_loop_exit_ready_pp0_iter17_reg  |   1|   0|    1|          0|
    |ap_loop_exit_ready_pp0_iter18_reg  |   1|   0|    1|          0|
    |ap_loop_exit_ready_pp0_iter19_reg  |   1|   0|    1|          0|
    |ap_loop_exit_ready_pp0_iter1_reg   |   1|   0|    1|          0|
    |ap_loop_exit_ready_pp0_iter20_reg  |   1|   0|    1|          0|
    |ap_loop_exit_ready_pp0_iter21_reg  |   1|   0|    1|          0|
    |ap_loop_exit_ready_pp0_iter22_reg  |   1|   0|    1|          0|
    |ap_loop_exit_ready_pp0_iter23_reg  |   1|   0|    1|          0|
    |ap_loop_exit_ready_pp0_iter24_reg  |   1|   0|    1|          0|
    |ap_loop_exit_ready_pp0_iter25_reg  |   1|   0|    1|          0|
    |ap_loop_exit_ready_pp0_iter26_reg  |   1|   0|    1|          0|
    |ap_loop_exit_ready_pp0_iter27_reg  |   1|   0|    1|          0|
    |ap_loop_exit_ready_pp0_iter28_reg  |   1|   0|    1|          0|
    |ap_loop_exit_ready_pp0_iter29_reg  |   1|   0|    1|          0|
    |ap_loop_exit_ready_pp0_iter2_reg   |   1|   0|    1|          0|
    |ap_loop_exit_ready_pp0_iter30_reg  |   1|   0|    1|          0|
    |ap_loop_exit_ready_pp0_iter31_reg  |   1|   0|    1|          0|
    |ap_loop_exit_ready_pp0_iter32_reg  |   1|   0|    1|          0|
    |ap_loop_exit_ready_pp0_iter33_reg  |   1|   0|    1|          0|
    |ap_loop_exit_ready_pp0_iter34_reg  |   1|   0|    1|          0|
    |ap_loop_exit_ready_pp0_iter35_reg  |   1|   0|    1|          0|
    |ap_loop_exit_ready_pp0_iter36_reg  |   1|   0|    1|          0|
    |ap_loop_exit_ready_pp0_iter37_reg  |   1|   0|    1|          0|
    |ap_loop_exit_ready_pp0_iter38_reg  |   1|   0|    1|          0|
    |ap_loop_exit_ready_pp0_iter39_reg  |   1|   0|    1|          0|
    |ap_loop_exit_ready_pp0_iter3_reg   |   1|   0|    1|          0|
    |ap_loop_exit_ready_pp0_iter40_reg  |   1|   0|    1|          0|
    |ap_loop_exit_ready_pp0_iter41_reg  |   1|   0|    1|          0|
    |ap_loop_exit_ready_pp0_iter42_reg  |   1|   0|    1|          0|
    |ap_loop_exit_ready_pp0_iter43_reg  |   1|   0|    1|          0|
    |ap_loop_exit_ready_pp0_iter44_reg  |   1|   0|    1|          0|
    |ap_loop_exit_ready_pp0_iter45_reg  |   1|   0|    1|          0|
    |ap_loop_exit_ready_pp0_iter46_reg  |   1|   0|    1|          0|
    |ap_loop_exit_ready_pp0_iter47_reg  |   1|   0|    1|          0|
    |ap_loop_exit_ready_pp0_iter48_reg  |   1|   0|    1|          0|
    |ap_loop_exit_ready_pp0_iter49_reg  |   1|   0|    1|          0|
    |ap_loop_exit_ready_pp0_iter4_reg   |   1|   0|    1|          0|
    |ap_loop_exit_ready_pp0_iter50_reg  |   1|   0|    1|          0|
    |ap_loop_exit_ready_pp0_iter51_reg  |   1|   0|    1|          0|
    |ap_loop_exit_ready_pp0_iter52_reg  |   1|   0|    1|          0|
    |ap_loop_exit_ready_pp0_iter53_reg  |   1|   0|    1|          0|
    |ap_loop_exit_ready_pp0_iter54_reg  |   1|   0|    1|          0|
    |ap_loop_exit_ready_pp0_iter55_reg  |   1|   0|    1|          0|
    |ap_loop_exit_ready_pp0_iter56_reg  |   1|   0|    1|          0|
    |ap_loop_exit_ready_pp0_iter57_reg  |   1|   0|    1|          0|
    |ap_loop_exit_ready_pp0_iter58_reg  |   1|   0|    1|          0|
    |ap_loop_exit_ready_pp0_iter59_reg  |   1|   0|    1|          0|
    |ap_loop_exit_ready_pp0_iter5_reg   |   1|   0|    1|          0|
    |ap_loop_exit_ready_pp0_iter60_reg  |   1|   0|    1|          0|
    |ap_loop_exit_ready_pp0_iter61_reg  |   1|   0|    1|          0|
    |ap_loop_exit_ready_pp0_iter62_reg  |   1|   0|    1|          0|
    |ap_loop_exit_ready_pp0_iter6_reg   |   1|   0|    1|          0|
    |ap_loop_exit_ready_pp0_iter7_reg   |   1|   0|    1|          0|
    |ap_loop_exit_ready_pp0_iter8_reg   |   1|   0|    1|          0|
    |ap_loop_exit_ready_pp0_iter9_reg   |   1|   0|    1|          0|
    |bitcast_ln38_1_reg_319             |  32|   0|   32|          0|
    |first_iter_0_reg_154               |   1|   0|    1|          0|
    |gmem0_addr_read_reg_314            |  32|   0|   32|          0|
    |i_fu_106                           |  12|   0|   12|          0|
    |icmp_ln36_reg_304                  |   1|   0|    1|          0|
    |inner_reg_348                      |  32|   0|   32|          0|
    |input_r_read_reg_299               |  64|   0|   64|          0|
    |mul2_i_reg_338                     |  32|   0|   32|          0|
    |mul4_i_reg_358                     |  32|   0|   32|          0|
    |mul6_i_reg_374                     |  32|   0|   32|          0|
    |mul_i_reg_328                      |  32|   0|   32|          0|
    |output_r_read_reg_294              |  64|   0|   64|          0|
    |tmp_reg_353                        |  32|   0|   32|          0|
    |x3_reg_333                         |  32|   0|   32|          0|
    |bitcast_ln38_1_reg_319             |  64|  32|   32|          0|
    |first_iter_0_reg_154               |  64|  32|    1|          0|
    |icmp_ln36_reg_304                  |  64|  32|    1|          0|
    |output_r_read_reg_294              |  64|  32|   64|          0|
    +-----------------------------------+----+----+-----+-----------+
    |Total                              | 876| 128|  718|          0|
    +-----------------------------------+----+----+-----+-----------+



================================================================
== Interface
================================================================
* Summary: 
+-----------------------+-----+-----+------------+-------------------+--------------+
|       RTL Ports       | Dir | Bits|  Protocol  |   Source Object   |    C Type    |
+-----------------------+-----+-----+------------+-------------------+--------------+
|s_axi_control_AWVALID  |   in|    1|       s_axi|            control|        scalar|
|s_axi_control_AWREADY  |  out|    1|       s_axi|            control|        scalar|
|s_axi_control_AWADDR   |   in|    6|       s_axi|            control|        scalar|
|s_axi_control_WVALID   |   in|    1|       s_axi|            control|        scalar|
|s_axi_control_WREADY   |  out|    1|       s_axi|            control|        scalar|
|s_axi_control_WDATA    |   in|   32|       s_axi|            control|        scalar|
|s_axi_control_WSTRB    |   in|    4|       s_axi|            control|        scalar|
|s_axi_control_ARVALID  |   in|    1|       s_axi|            control|        scalar|
|s_axi_control_ARREADY  |  out|    1|       s_axi|            control|        scalar|
|s_axi_control_ARADDR   |   in|    6|       s_axi|            control|        scalar|
|s_axi_control_RVALID   |  out|    1|       s_axi|            control|        scalar|
|s_axi_control_RREADY   |   in|    1|       s_axi|            control|        scalar|
|s_axi_control_RDATA    |  out|   32|       s_axi|            control|        scalar|
|s_axi_control_RRESP    |  out|    2|       s_axi|            control|        scalar|
|s_axi_control_BVALID   |  out|    1|       s_axi|            control|        scalar|
|s_axi_control_BREADY   |   in|    1|       s_axi|            control|        scalar|
|s_axi_control_BRESP    |  out|    2|       s_axi|            control|        scalar|
|ap_clk                 |   in|    1|  ap_ctrl_hs|  exact_gelu_kernel|  return value|
|ap_rst_n               |   in|    1|  ap_ctrl_hs|  exact_gelu_kernel|  return value|
|interrupt              |  out|    1|  ap_ctrl_hs|  exact_gelu_kernel|  return value|
|m_axi_gmem0_AWVALID    |  out|    1|       m_axi|              gmem0|       pointer|
|m_axi_gmem0_AWREADY    |   in|    1|       m_axi|              gmem0|       pointer|
|m_axi_gmem0_AWADDR     |  out|   64|       m_axi|              gmem0|       pointer|
|m_axi_gmem0_AWID       |  out|    1|       m_axi|              gmem0|       pointer|
|m_axi_gmem0_AWLEN      |  out|    8|       m_axi|              gmem0|       pointer|
|m_axi_gmem0_AWSIZE     |  out|    3|       m_axi|              gmem0|       pointer|
|m_axi_gmem0_AWBURST    |  out|    2|       m_axi|              gmem0|       pointer|
|m_axi_gmem0_AWLOCK     |  out|    2|       m_axi|              gmem0|       pointer|
|m_axi_gmem0_AWCACHE    |  out|    4|       m_axi|              gmem0|       pointer|
|m_axi_gmem0_AWPROT     |  out|    3|       m_axi|              gmem0|       pointer|
|m_axi_gmem0_AWQOS      |  out|    4|       m_axi|              gmem0|       pointer|
|m_axi_gmem0_AWREGION   |  out|    4|       m_axi|              gmem0|       pointer|
|m_axi_gmem0_AWUSER     |  out|    1|       m_axi|              gmem0|       pointer|
|m_axi_gmem0_WVALID     |  out|    1|       m_axi|              gmem0|       pointer|
|m_axi_gmem0_WREADY     |   in|    1|       m_axi|              gmem0|       pointer|
|m_axi_gmem0_WDATA      |  out|   32|       m_axi|              gmem0|       pointer|
|m_axi_gmem0_WSTRB      |  out|    4|       m_axi|              gmem0|       pointer|
|m_axi_gmem0_WLAST      |  out|    1|       m_axi|              gmem0|       pointer|
|m_axi_gmem0_WID        |  out|    1|       m_axi|              gmem0|       pointer|
|m_axi_gmem0_WUSER      |  out|    1|       m_axi|              gmem0|       pointer|
|m_axi_gmem0_ARVALID    |  out|    1|       m_axi|              gmem0|       pointer|
|m_axi_gmem0_ARREADY    |   in|    1|       m_axi|              gmem0|       pointer|
|m_axi_gmem0_ARADDR     |  out|   64|       m_axi|              gmem0|       pointer|
|m_axi_gmem0_ARID       |  out|    1|       m_axi|              gmem0|       pointer|
|m_axi_gmem0_ARLEN      |  out|    8|       m_axi|              gmem0|       pointer|
|m_axi_gmem0_ARSIZE     |  out|    3|       m_axi|              gmem0|       pointer|
|m_axi_gmem0_ARBURST    |  out|    2|       m_axi|              gmem0|       pointer|
|m_axi_gmem0_ARLOCK     |  out|    2|       m_axi|              gmem0|       pointer|
|m_axi_gmem0_ARCACHE    |  out|    4|       m_axi|              gmem0|       pointer|
|m_axi_gmem0_ARPROT     |  out|    3|       m_axi|              gmem0|       pointer|
|m_axi_gmem0_ARQOS      |  out|    4|       m_axi|              gmem0|       pointer|
|m_axi_gmem0_ARREGION   |  out|    4|       m_axi|              gmem0|       pointer|
|m_axi_gmem0_ARUSER     |  out|    1|       m_axi|              gmem0|       pointer|
|m_axi_gmem0_RVALID     |   in|    1|       m_axi|              gmem0|       pointer|
|m_axi_gmem0_RREADY     |  out|    1|       m_axi|              gmem0|       pointer|
|m_axi_gmem0_RDATA      |   in|   32|       m_axi|              gmem0|       pointer|
|m_axi_gmem0_RLAST      |   in|    1|       m_axi|              gmem0|       pointer|
|m_axi_gmem0_RID        |   in|    1|       m_axi|              gmem0|       pointer|
|m_axi_gmem0_RUSER      |   in|    1|       m_axi|              gmem0|       pointer|
|m_axi_gmem0_RRESP      |   in|    2|       m_axi|              gmem0|       pointer|
|m_axi_gmem0_BVALID     |   in|    1|       m_axi|              gmem0|       pointer|
|m_axi_gmem0_BREADY     |  out|    1|       m_axi|              gmem0|       pointer|
|m_axi_gmem0_BRESP      |   in|    2|       m_axi|              gmem0|       pointer|
|m_axi_gmem0_BID        |   in|    1|       m_axi|              gmem0|       pointer|
|m_axi_gmem0_BUSER      |   in|    1|       m_axi|              gmem0|       pointer|
|m_axi_gmem1_AWVALID    |  out|    1|       m_axi|              gmem1|       pointer|
|m_axi_gmem1_AWREADY    |   in|    1|       m_axi|              gmem1|       pointer|
|m_axi_gmem1_AWADDR     |  out|   64|       m_axi|              gmem1|       pointer|
|m_axi_gmem1_AWID       |  out|    1|       m_axi|              gmem1|       pointer|
|m_axi_gmem1_AWLEN      |  out|    8|       m_axi|              gmem1|       pointer|
|m_axi_gmem1_AWSIZE     |  out|    3|       m_axi|              gmem1|       pointer|
|m_axi_gmem1_AWBURST    |  out|    2|       m_axi|              gmem1|       pointer|
|m_axi_gmem1_AWLOCK     |  out|    2|       m_axi|              gmem1|       pointer|
|m_axi_gmem1_AWCACHE    |  out|    4|       m_axi|              gmem1|       pointer|
|m_axi_gmem1_AWPROT     |  out|    3|       m_axi|              gmem1|       pointer|
|m_axi_gmem1_AWQOS      |  out|    4|       m_axi|              gmem1|       pointer|
|m_axi_gmem1_AWREGION   |  out|    4|       m_axi|              gmem1|       pointer|
|m_axi_gmem1_AWUSER     |  out|    1|       m_axi|              gmem1|       pointer|
|m_axi_gmem1_WVALID     |  out|    1|       m_axi|              gmem1|       pointer|
|m_axi_gmem1_WREADY     |   in|    1|       m_axi|              gmem1|       pointer|
|m_axi_gmem1_WDATA      |  out|   32|       m_axi|              gmem1|       pointer|
|m_axi_gmem1_WSTRB      |  out|    4|       m_axi|              gmem1|       pointer|
|m_axi_gmem1_WLAST      |  out|    1|       m_axi|              gmem1|       pointer|
|m_axi_gmem1_WID        |  out|    1|       m_axi|              gmem1|       pointer|
|m_axi_gmem1_WUSER      |  out|    1|       m_axi|              gmem1|       pointer|
|m_axi_gmem1_ARVALID    |  out|    1|       m_axi|              gmem1|       pointer|
|m_axi_gmem1_ARREADY    |   in|    1|       m_axi|              gmem1|       pointer|
|m_axi_gmem1_ARADDR     |  out|   64|       m_axi|              gmem1|       pointer|
|m_axi_gmem1_ARID       |  out|    1|       m_axi|              gmem1|       pointer|
|m_axi_gmem1_ARLEN      |  out|    8|       m_axi|              gmem1|       pointer|
|m_axi_gmem1_ARSIZE     |  out|    3|       m_axi|              gmem1|       pointer|
|m_axi_gmem1_ARBURST    |  out|    2|       m_axi|              gmem1|       pointer|
|m_axi_gmem1_ARLOCK     |  out|    2|       m_axi|              gmem1|       pointer|
|m_axi_gmem1_ARCACHE    |  out|    4|       m_axi|              gmem1|       pointer|
|m_axi_gmem1_ARPROT     |  out|    3|       m_axi|              gmem1|       pointer|
|m_axi_gmem1_ARQOS      |  out|    4|       m_axi|              gmem1|       pointer|
|m_axi_gmem1_ARREGION   |  out|    4|       m_axi|              gmem1|       pointer|
|m_axi_gmem1_ARUSER     |  out|    1|       m_axi|              gmem1|       pointer|
|m_axi_gmem1_RVALID     |   in|    1|       m_axi|              gmem1|       pointer|
|m_axi_gmem1_RREADY     |  out|    1|       m_axi|              gmem1|       pointer|
|m_axi_gmem1_RDATA      |   in|   32|       m_axi|              gmem1|       pointer|
|m_axi_gmem1_RLAST      |   in|    1|       m_axi|              gmem1|       pointer|
|m_axi_gmem1_RID        |   in|    1|       m_axi|              gmem1|       pointer|
|m_axi_gmem1_RUSER      |   in|    1|       m_axi|              gmem1|       pointer|
|m_axi_gmem1_RRESP      |   in|    2|       m_axi|              gmem1|       pointer|
|m_axi_gmem1_BVALID     |   in|    1|       m_axi|              gmem1|       pointer|
|m_axi_gmem1_BREADY     |  out|    1|       m_axi|              gmem1|       pointer|
|m_axi_gmem1_BRESP      |   in|    2|       m_axi|              gmem1|       pointer|
|m_axi_gmem1_BID        |   in|    1|       m_axi|              gmem1|       pointer|
|m_axi_gmem1_BUSER      |   in|    1|       m_axi|              gmem1|       pointer|
+-----------------------+-----+-----+------------+-------------------+--------------+

