

================================================================
== Vitis HLS Report for 'exp_generic_double_s'
================================================================
* Date:           Thu May  7 00:29:32 2026

* Version:        2025.2 (Build 6295257 on Nov 14 2025)
* Project:        exact_gelu_kernel
* Solution:       hls (Vivado IP Flow Target)
* Product family: virtexuplus
* Target device:  xcvu9p-flga2104-2-i


================================================================
== Performance Estimates
================================================================
+ Timing: 
    * Summary: 
    +--------+----------+----------+------------+
    |  Clock |  Target  | Estimated| Uncertainty|
    +--------+----------+----------+------------+
    |ap_clk  |  10.00 ns|  6.995 ns|     2.70 ns|
    +--------+----------+----------+------------+

+ Latency: 
    * Summary: 
    +---------+---------+-----------+-----------+-----+-----+---------+
    |  Latency (cycles) |   Latency (absolute)  |  Interval | Pipeline|
    |   min   |   max   |    min    |    max    | min | max |   Type  |
    +---------+---------+-----------+-----------+-----+-----+---------+
    |        7|        7|  70.000 ns|  70.000 ns|    1|    1|      yes|
    +---------+---------+-----------+-----------+-----+-----+---------+

    + Detail: 
        * Instance: 
        N/A

        * Loop: 
        N/A



================================================================
== Utilization Estimates
================================================================
* Summary: 
+---------------------+---------+------+---------+---------+-----+
|         Name        | BRAM_18K|  DSP |    FF   |   LUT   | URAM|
+---------------------+---------+------+---------+---------+-----+
|DSP                  |        -|     1|        -|        -|    -|
|Expression           |        -|     -|        0|     2237|    -|
|FIFO                 |        -|     -|        -|        -|    -|
|Instance             |        -|    23|        0|      135|    -|
|Memory               |        5|     -|        0|        0|    -|
|Multiplexer          |        -|     -|        -|        -|    -|
|Register             |        -|     -|      951|      256|    -|
+---------------------+---------+------+---------+---------+-----+
|Total                |        5|    24|      951|     2628|    0|
+---------------------+---------+------+---------+---------+-----+
|Available SLR        |     1440|  2280|   788160|   394080|  320|
+---------------------+---------+------+---------+---------+-----+
|Utilization SLR (%)  |       ~0|     1|       ~0|       ~0|    0|
+---------------------+---------+------+---------+---------+-----+
|Available            |     4320|  6840|  2364480|  1182240|  960|
+---------------------+---------+------+---------+---------+-----+
|Utilization (%)      |       ~0|    ~0|       ~0|       ~0|    0|
+---------------------+---------+------+---------+---------+-----+

+ Detail: 
    * Instance: 
    +-------------------------+----------------------+---------+----+---+----+-----+
    |         Instance        |        Module        | BRAM_18K| DSP| FF| LUT| URAM|
    +-------------------------+----------------------+---------+----+---+----+-----+
    |mul_13s_71s_71_1_1_U1    |mul_13s_71s_71_1_1    |        0|   4|  0|  64|    0|
    |mul_43ns_36ns_78_1_1_U2  |mul_43ns_36ns_78_1_1  |        0|   4|  0|  19|    0|
    |mul_49ns_44ns_92_1_1_U3  |mul_49ns_44ns_92_1_1  |        0|   6|  0|  17|    0|
    |mul_50ns_50ns_99_1_1_U4  |mul_50ns_50ns_99_1_1  |        0|   9|  0|  21|    0|
    |sparsemux_9_3_64_1_1_U5  |sparsemux_9_3_64_1_1  |        0|   0|  0|  14|    0|
    +-------------------------+----------------------+---------+----+---+----+-----+
    |Total                    |                      |        0|  23|  0| 135|    0|
    +-------------------------+----------------------+---------+----+---+----+-----+

    * DSP: 
    +-----------------------------------+--------------------------------+--------------+
    |              Instance             |             Module             |  Expression  |
    +-----------------------------------+--------------------------------+--------------+
    |mac_muladd_16s_15ns_19s_31_4_1_U6  |mac_muladd_16s_15ns_19s_31_4_1  |  i0 + i1 * i2|
    +-----------------------------------+--------------------------------+--------------+

    * Memory: 
    +---------------------------------------------------------------+----------------------------------------------------------------------------------+---------+---+----+-----+------+-----+------+-------------+
    |                             Memory                            |                                      Module                                      | BRAM_18K| FF| LUT| URAM| Words| Bits| Banks| W*Bits*Banks|
    +---------------------------------------------------------------+----------------------------------------------------------------------------------+---------+---+----+-----+------+-----+------+-------------+
    |table_exp_Z1_ap_ufixed_58_1_ap_q_mode_5_ap_o_mode_3_0_array_U  |exp_generic_double_s_table_exp_Z1_ap_ufixed_58_1_ap_q_mode_5_ap_o_mode_3_0_arbkb  |        2|  0|   0|    0|   256|   58|     1|        14848|
    |table_f_Z2_ap_ufixed_59_0_ap_q_mode_5_ap_o_mode_3_0_array_U    |exp_generic_double_s_table_f_Z2_ap_ufixed_59_0_ap_q_mode_5_ap_o_mode_3_0_arradEe  |        2|  0|   0|    0|   256|   42|     1|        10752|
    |table_f_Z3_ap_ufixed_59_0_ap_q_mode_5_ap_o_mode_3_0_array_U    |exp_generic_double_s_table_f_Z3_ap_ufixed_59_0_ap_q_mode_5_ap_o_mode_3_0_arracud  |        1|  0|   0|    0|   256|   26|     1|         6656|
    +---------------------------------------------------------------+----------------------------------------------------------------------------------+---------+---+----+-----+------+-----+------+-------------+
    |Total                                                          |                                                                                  |        5|  0|   0|    0|   768|  126|     3|        32256|
    +---------------------------------------------------------------+----------------------------------------------------------------------------------+---------+---+----+-----+------+-----+------+-------------+

    * FIFO: 
    N/A

    * Expression: 
    +-------------------------+----------+----+---+-----+------------+------------+
    |      Variable Name      | Operation| DSP| FF| LUT | Bitwidth P0| Bitwidth P1|
    +-------------------------+----------+----+---+-----+------------+------------+
    |add_ln126_fu_723_p2      |         +|   0|  0|   43|          36|          36|
    |add_ln145_fu_803_p2      |         +|   0|  0|   51|          44|          44|
    |add_ln243_1_fu_560_p2    |         +|   0|  0|   20|          13|           1|
    |add_ln297_1_fu_898_p2    |         +|   0|  0|  114|         107|         107|
    |add_ln297_fu_873_p2      |         +|   0|  0|   65|          58|           5|
    |exp_Z1P_m_1_l_fu_813_p2  |         +|   0|  0|   59|          52|          52|
    |exp_Z2P_m_1_fu_739_p2    |         +|   0|  0|   51|          44|          44|
    |exp_Z4_m_1_fu_684_p2     |         +|   0|  0|   43|          36|          36|
    |m_exp_fu_338_p2          |         +|   0|  0|   19|          12|          11|
    |out_exp_fu_962_p2        |         +|   0|  0|   18|          11|          10|
    |r_exp_1_fu_912_p2        |         +|   0|  0|   20|          13|           2|
    |e_frac_1_fu_356_p2       |         -|   0|  0|   61|           1|          54|
    |sub_ln229_fu_390_p2      |         -|   0|  0|   18|          10|          11|
    |sub_ln255_fu_604_p2      |         -|   0|  0|   66|          59|          59|
    |and_ln309_1_fu_1022_p2   |       and|   0|  0|    2|           1|           1|
    |and_ln309_2_fu_1040_p2   |       and|   0|  0|    2|           1|           1|
    |and_ln309_3_fu_1052_p2   |       and|   0|  0|    2|           1|           1|
    |and_ln309_4_fu_1074_p2   |       and|   0|  0|    2|           1|           1|
    |and_ln309_5_fu_1080_p2   |       and|   0|  0|    2|           1|           1|
    |and_ln309_fu_1012_p2     |       and|   0|  0|    2|           1|           1|
    |x_is_NaN_fu_316_p2       |       and|   0|  0|    2|           1|           1|
    |x_is_inf_fu_328_p2       |       and|   0|  0|    2|           1|           1|
    |x_is_pinf_fu_844_p2      |       and|   0|  0|    2|           1|           1|
    |ashr_ln229_fu_416_p2     |      ashr|   0|  0|  210|          71|          71|
    |ashr_ln230_fu_456_p2     |      ashr|   0|  0|  182|          64|          64|
    |icmp_ln18_1_fu_310_p2    |      icmp|   0|  0|   59|          52|           1|
    |icmp_ln18_2_fu_322_p2    |      icmp|   0|  0|   59|          52|           1|
    |icmp_ln18_fu_304_p2      |      icmp|   0|  0|   18|          11|           2|
    |icmp_ln243_fu_554_p2     |      icmp|   0|  0|   25|          18|           1|
    |icmp_ln309_1_fu_934_p2   |      icmp|   0|  0|   10|           3|           1|
    |icmp_ln309_2_fu_510_p2   |      icmp|   0|  0|   80|          71|          71|
    |icmp_ln309_fu_488_p2     |      icmp|   0|  0|   19|          12|           1|
    |icmp_ln326_fu_952_p2     |      icmp|   0|  0|   20|          13|          11|
    |or_ln185_1_fu_861_p2     |        or|   0|  0|    2|           1|           1|
    |or_ln185_fu_849_p2       |        or|   0|  0|    2|           1|           1|
    |or_ln309_1_fu_1028_p2    |        or|   0|  0|    2|           1|           1|
    |or_ln309_2_fu_1057_p2    |        or|   0|  0|    2|           1|           1|
    |or_ln309_3_fu_1068_p2    |        or|   0|  0|    2|           1|           1|
    |or_ln309_fu_940_p2       |        or|   0|  0|    2|           1|           1|
    |e_frac_2_fu_362_p3       |    select|   0|  0|   54|           1|          54|
    |m_fix_fu_428_p3          |    select|   0|  0|   68|           1|          71|
    |r_exp_2_fu_917_p3        |    select|   0|  0|   13|           1|          13|
    |r_exp_fu_574_p3          |    select|   0|  0|   13|           1|          13|
    |retval_1_fu_1096_p2      |    select|   0|  0|   63|           1|          64|
    |retval_1_fu_1096_p4      |    select|   0|  0|   62|           1|           1|
    |select_ln185_fu_854_p3   |    select|   0|  0|   62|           1|          63|
    |select_ln229_fu_400_p3   |    select|   0|  0|   12|           1|          12|
    |select_ln230_fu_494_p3   |    select|   0|  0|   63|           1|          64|
    |select_ln243_fu_566_p3   |    select|   0|  0|   13|           1|          13|
    |select_ln303_fu_988_p3   |    select|   0|  0|   52|           1|          52|
    |shl_ln229_fu_422_p2      |       shl|   0|  0|  210|          71|          71|
    |shl_ln230_fu_450_p2      |       shl|   0|  0|  182|          64|          64|
    |xor_ln182_fu_839_p2      |       xor|   0|  0|    2|           1|           2|
    |xor_ln185_fu_1034_p2     |       xor|   0|  0|    2|           1|           2|
    |xor_ln309_1_fu_1046_p2   |       xor|   0|  0|    2|           1|           2|
    |xor_ln309_2_fu_1062_p2   |       xor|   0|  0|    2|           1|           2|
    |xor_ln309_fu_1017_p2     |       xor|   0|  0|    2|           1|           2|
    +-------------------------+----------+----+---+-----+------------+------------+
    |Total                    |          |   0|  0| 2237|        1029|        1276|
    +-------------------------+----------+----+---+-----+------------+------------+

    * Multiplexer: 
    N/A

    * Register: 
    +------------------------------+----+----+-----+-----------+
    |             Name             | FF | LUT| Bits| Const Bits|
    +------------------------------+----+----+-----+-----------+
    |Z2_reg_1199                   |   8|   0|    8|          0|
    |Z2_reg_1199_pp0_iter5_reg     |   8|   0|    8|          0|
    |Z3_reg_1206                   |   8|   0|    8|          0|
    |Z4_reg_1211                   |  35|   0|   35|          0|
    |add_ln126_reg_1236            |  36|   0|   36|          0|
    |es_sign_reg_1131              |   1|   0|    1|          0|
    |exp_Z1P_m_1_reg_1251          |  50|   0|   50|          0|
    |exp_Z1_hi_reg_1256            |  50|   0|   50|          0|
    |exp_Z1_reg_1246               |  58|   0|   58|          0|
    |exp_Z3_m_1_reg_1231           |  34|   0|   43|          9|
    |icmp_ln309_2_reg_1172         |   1|   0|    1|          0|
    |icmp_ln309_reg_1164           |   1|   0|    1|          0|
    |m_diff_hi_reg_1194            |   8|   0|    8|          0|
    |r_exp_reg_1187                |  13|   0|   13|          0|
    |tmp_10_reg_1177               |   1|   0|    1|          0|
    |tmp_2_reg_1149                |   1|   0|    1|          0|
    |tmp_2_reg_1149_pp0_iter1_reg  |   1|   0|    1|          0|
    |trunc_ln255_reg_1159          |  59|   0|   59|          0|
    |x_int_reg                     |  64|   0|   64|          0|
    |x_is_NaN_reg_1136             |   1|   0|    1|          0|
    |x_is_inf_reg_1143             |   1|   0|    1|          0|
    |es_sign_reg_1131              |  64|  32|    1|          0|
    |icmp_ln309_2_reg_1172         |  64|  32|    1|          0|
    |icmp_ln309_reg_1164           |  64|  32|    1|          0|
    |r_exp_reg_1187                |  64|  32|   13|          0|
    |tmp_10_reg_1177               |  64|  32|    1|          0|
    |trunc_ln255_reg_1159          |  64|  32|   59|          0|
    |x_is_NaN_reg_1136             |  64|  32|    1|          0|
    |x_is_inf_reg_1143             |  64|  32|    1|          0|
    +------------------------------+----+----+-----+-----------+
    |Total                         | 951| 256|  526|          9|
    +------------------------------+----+----+-----+-----------+



================================================================
== Interface
================================================================
* Summary: 
+-----------+-----+-----+------------+---------------------+--------------+
| RTL Ports | Dir | Bits|  Protocol  |    Source Object    |    C Type    |
+-----------+-----+-----+------------+---------------------+--------------+
|ap_clk     |   in|    1|  ap_ctrl_hs|  exp_generic<double>|  return value|
|ap_rst     |   in|    1|  ap_ctrl_hs|  exp_generic<double>|  return value|
|ap_return  |  out|   64|  ap_ctrl_hs|  exp_generic<double>|  return value|
|ap_ce      |   in|    1|  ap_ctrl_hs|  exp_generic<double>|  return value|
|x          |   in|   64|     ap_none|                    x|        scalar|
+-----------+-----+-----+------------+---------------------+--------------+

