

================================================================
== Synthesis Summary Report of 'fixed_projector_tile_kernel'
================================================================
+ General Information: 
    * Date:           Wed May  6 23:22:46 2026
    * Version:        2025.2 (Build 6295257 on Nov 14 2025)
    * Project:        fixed_projector_tile_kernel
    * Solution:       hls (Vivado IP Flow Target)
    * Product family: virtexuplus
    * Target device:  xcvu9p-flga2104-2-i
    

* Performance & Resource Estimates: 
+-----------------------------------------------------------+------+---------------------+----------+----------+--------+----------+----------+-----------+------+----------+---------+------------+------------+-----+
|                          Modules                          | Issue|                     | Iteration|          |  Trip  |          |        Latency       |      |          |         |            |            |     |
|                          & Loops                          | Type |    Violation Type   |  Latency | Interval |  Count | Pipelined| (cycles) |    (ns)   | Slack|   BRAM   |   DSP   |     FF     |     LUT    | URAM|
+-----------------------------------------------------------+------+---------------------+----------+----------+--------+----------+----------+-----------+------+----------+---------+------------+------------+-----+
|+ fixed_projector_tile_kernel                              |     -|                    -|         -|  37783055|       -|        no|  37783054|  3.778e+08|  0.00|  19 (~0%)|  4 (~0%)|  3510 (~0%)|  5475 (~0%)|    -|
| o token_loop                                              |     -|                    -|    590360|         -|      64|        no|  37783040|  3.778e+08|  7.30|         -|        -|           -|           -|    -|
|  + fixed_projector_tile_kernel_Pipeline_init_loop         |     -|                    -|         -|         -|       -|       yes|       259|  2.590e+03|  0.00|         -|        -|    47 (~0%)|    82 (~0%)|    -|
|   o init_loop                                             |     -|                    -|         3|         1|     256|       yes|       257|  2.570e+03|  7.30|         -|        -|           -|           -|    -|
|  + fixed_projector_tile_kernel_Pipeline_in_loop_out_loop  |     -|                    -|         -|         -|       -|       yes|    589827|  5.898e+06|  0.00|         -|  4 (~0%)|   264 (~0%)|   656 (~0%)|    -|
|   o in_loop_out_loop                                      |    II|  Resource Limitation|         4|         2|  294912|       yes|    589825|  5.898e+06|  7.30|         -|        -|           -|           -|    -|
|  + fixed_projector_tile_kernel_Pipeline_store_loop        |     -|                    -|         -|         -|       -|       yes|       259|  2.590e+03|  0.00|         -|        -|    33 (~0%)|   125 (~0%)|    -|
|   o store_loop                                            |     -|                    -|         3|         1|     256|       yes|       257|  2.570e+03|  7.30|         -|        -|           -|           -|    -|
+-----------------------------------------------------------+------+---------------------+----------+----------+--------+----------+----------+-----------+------+----------+---------+------------+------------+-----+
    II Violation Information: docs.amd.com/access/sources/dita/topic?Doc_Version=2025.2%20English&url=ug1448-hls-guidance&resourceid=200-880.html
    Name Prefix: '+' for module, 'o' for loop, '*' for dataflow


================================================================
== HW Interfaces
================================================================
* M_AXI
+-------------+------------+------------+---------------+---------+--------+----------+-----------+--------------+--------------+-------------+-------------+-------------------+
| Interface   | Read/Write | Data Width | Address Width | Latency | Offset | Register | Max Widen | Max Read     | Max Write    | Num Read    | Num Write   | Resource Estimate |
|             |            | (SW->HW)   |               |         |        |          | Bitwidth  | Burst Length | Burst Length | Outstanding | Outstanding |                   |
+-------------+------------+------------+---------------+---------+--------+----------+-----------+--------------+--------------+-------------+-------------+-------------------+
| m_axi_gmem0 | READ_ONLY  | 16 -> 16   | 64            | 0       | slave  | 0        | 0         | 16           | 16           | 16          | 16          | BRAM=1            |
| m_axi_gmem1 | READ_ONLY  | 16 -> 16   | 64            | 0       | slave  | 0        | 0         | 16           | 16           | 16          | 16          | BRAM=1            |
| m_axi_gmem2 | READ_ONLY  | 16 -> 16   | 64            | 0       | slave  | 0        | 0         | 16           | 16           | 16          | 16          | BRAM=1            |
| m_axi_gmem3 | WRITE_ONLY | 16 -> 16   | 64            | 0       | slave  | 0        | 0         | 16           | 16           | 16          | 16          |                   |
+-------------+------------+------------+---------------+---------+--------+----------+-----------+--------------+--------------+-------------+-------------+-------------------+

* S_AXILITE Interfaces
+---------------+------------+---------------+--------+----------+
| Interface     | Data Width | Address Width | Offset | Register |
+---------------+------------+---------------+--------+----------+
| s_axi_control | 32         | 6             | 16     | 0        |
+---------------+------------+---------------+--------+----------+

* S_AXILITE Registers
+---------------+------------+--------+-------+--------+----------------------------------+----------------------------------------------------------------------+
| Interface     | Register   | Offset | Width | Access | Description                      | Bit Fields                                                           |
+---------------+------------+--------+-------+--------+----------------------------------+----------------------------------------------------------------------+
| s_axi_control | CTRL       | 0x00   | 32    | RW     | Control signals                  | 0=AP_START 1=AP_DONE 2=AP_IDLE 3=AP_READY 7=AUTO_RESTART 9=INTERRUPT |
| s_axi_control | GIER       | 0x04   | 32    | RW     | Global Interrupt Enable Register | 0=Enable                                                             |
| s_axi_control | IP_IER     | 0x08   | 32    | RW     | IP Interrupt Enable Register     | 0=CHAN0_INT_EN 1=CHAN1_INT_EN                                        |
| s_axi_control | IP_ISR     | 0x0c   | 32    | RW     | IP Interrupt Status Register     | 0=CHAN0_INT_ST 1=CHAN1_INT_ST                                        |
| s_axi_control | input_r_1  | 0x10   | 32    | W      | Data signal of input_r           |                                                                      |
| s_axi_control | input_r_2  | 0x14   | 32    | W      | Data signal of input_r           |                                                                      |
| s_axi_control | weight_1   | 0x1c   | 32    | W      | Data signal of weight            |                                                                      |
| s_axi_control | weight_2   | 0x20   | 32    | W      | Data signal of weight            |                                                                      |
| s_axi_control | bias_1     | 0x28   | 32    | W      | Data signal of bias              |                                                                      |
| s_axi_control | bias_2     | 0x2c   | 32    | W      | Data signal of bias              |                                                                      |
| s_axi_control | output_r_1 | 0x34   | 32    | W      | Data signal of output_r          |                                                                      |
| s_axi_control | output_r_2 | 0x38   | 32    | W      | Data signal of output_r          |                                                                      |
+---------------+------------+--------+-------+--------+----------------------------------+----------------------------------------------------------------------+

* TOP LEVEL CONTROL
+-----------+------------+-----------+
| Interface | Type       | Ports     |
+-----------+------------+-----------+
| ap_clk    | clock      | ap_clk    |
| ap_rst_n  | reset      | ap_rst_n  |
| interrupt | interrupt  | interrupt |
| ap_ctrl   | ap_ctrl_hs |           |
+-----------+------------+-----------+


================================================================
== SW I/O Information
================================================================
* Top Function Arguments
+----------+-----------+--------------------------------------------------------+
| Argument | Direction | Datatype                                               |
+----------+-----------+--------------------------------------------------------+
| input    | in        | ap_fixed<16, 6, (ap_q_mode)5, (ap_o_mode)3, 0> const * |
| weight   | in        | ap_fixed<16, 6, (ap_q_mode)5, (ap_o_mode)3, 0> const * |
| bias     | in        | ap_fixed<16, 6, (ap_q_mode)5, (ap_o_mode)3, 0> const * |
| output   | out       | ap_fixed<16, 6, (ap_q_mode)5, (ap_o_mode)3, 0>*        |
+----------+-----------+--------------------------------------------------------+

* SW-to-HW Mapping
+----------+---------------+-----------+----------+--------------------------------------+
| Argument | HW Interface  | HW Type   | HW Usage | HW Info                              |
+----------+---------------+-----------+----------+--------------------------------------+
| input    | m_axi_gmem0   | interface |          | channel=0                            |
| input    | s_axi_control | register  | offset   | name=input_r_1 offset=0x10 range=32  |
| input    | s_axi_control | register  | offset   | name=input_r_2 offset=0x14 range=32  |
| weight   | m_axi_gmem1   | interface |          | channel=0                            |
| weight   | s_axi_control | register  | offset   | name=weight_1 offset=0x1c range=32   |
| weight   | s_axi_control | register  | offset   | name=weight_2 offset=0x20 range=32   |
| bias     | m_axi_gmem2   | interface |          | channel=0                            |
| bias     | s_axi_control | register  | offset   | name=bias_1 offset=0x28 range=32     |
| bias     | s_axi_control | register  | offset   | name=bias_2 offset=0x2c range=32     |
| output   | m_axi_gmem3   | interface |          | channel=0                            |
| output   | s_axi_control | register  | offset   | name=output_r_1 offset=0x34 range=32 |
| output   | s_axi_control | register  | offset   | name=output_r_2 offset=0x38 range=32 |
+----------+---------------+-----------+----------+--------------------------------------+


================================================================
== M_AXI Burst Information
================================================================
 Note: All burst requests might be further partitioned into multiple requests during RTL generation based on max_read_burst_length or max_write_burst_length settings.

* Inferred Burst Summary
+--------------+-----------+--------+-------+------------+-------------------------------------------------+
| HW Interface | Direction | Length | Width | Loop       | Loop Location                                   |
+--------------+-----------+--------+-------+------------+-------------------------------------------------+
| m_axi_gmem0  | read      | 73728  | 16    | token_loop | ../hls_src/fixed_projector_tile/kernel.cpp:23:5 |
| m_axi_gmem1  | read      | 294912 | 16    | in_loop    | ../hls_src/fixed_projector_tile/kernel.cpp:31:9 |
| m_axi_gmem2  | read      | 256    | 16    | init_loop  | ../hls_src/fixed_projector_tile/kernel.cpp:25:9 |
| m_axi_gmem3  | write     | 16384  | 16    | token_loop | ../hls_src/fixed_projector_tile/kernel.cpp:23:5 |
+--------------+-----------+--------+-------+------------+-------------------------------------------------+

* All M_AXI Variable Accesses
+--------------+----------+--------------------------------------------------+-----------+--------------+--------+------------+--------------------------------------------------+------------+-------------------------------------------------------------------------------------------------------+
| HW Interface | Variable | Access Location                                  | Direction | Burst Status | Length | Loop       | Loop Location                                    | Resolution | Problem                                                                                               |
+--------------+----------+--------------------------------------------------+-----------+--------------+--------+------------+--------------------------------------------------+------------+-------------------------------------------------------------------------------------------------------+
| m_axi_gmem0  | input    | ../hls_src/fixed_projector_tile/kernel.cpp:32:34 | read      | Widen Fail   |        | in_loop    | ../hls_src/fixed_projector_tile/kernel.cpp:31:9  | 214-353    | Could not widen since type i16 size is greater than or equal to the max_widen_bitwidth threshold of 0 |
| m_axi_gmem0  | input    | ../hls_src/fixed_projector_tile/kernel.cpp:32:34 | read      | Inferred     | 73728  | token_loop | ../hls_src/fixed_projector_tile/kernel.cpp:23:5  |            |                                                                                                       |
| m_axi_gmem1  | weight   | ../hls_src/fixed_projector_tile/kernel.cpp:36:36 | read      | Widen Fail   |        | out_loop   | ../hls_src/fixed_projector_tile/kernel.cpp:34:13 | 214-353    | Could not widen since type i16 size is greater than or equal to the max_widen_bitwidth threshold of 0 |
| m_axi_gmem1  | weight   | ../hls_src/fixed_projector_tile/kernel.cpp:36:36 | read      | Fail         |        | token_loop | ../hls_src/fixed_projector_tile/kernel.cpp:23:5  | 214-229    | Could not analyze pattern                                                                             |
| m_axi_gmem1  | weight   | ../hls_src/fixed_projector_tile/kernel.cpp:36:36 | read      | Inferred     | 294912 | in_loop    | ../hls_src/fixed_projector_tile/kernel.cpp:31:9  |            |                                                                                                       |
| m_axi_gmem2  | bias     | ../hls_src/fixed_projector_tile/kernel.cpp:27:27 | read      | Widen Fail   |        | init_loop  | ../hls_src/fixed_projector_tile/kernel.cpp:25:9  | 214-353    | Could not widen since type i16 size is greater than or equal to the max_widen_bitwidth threshold of 0 |
| m_axi_gmem2  | bias     | ../hls_src/fixed_projector_tile/kernel.cpp:27:27 | read      | Fail         |        | token_loop | ../hls_src/fixed_projector_tile/kernel.cpp:23:5  | 214-229    | Could not analyze pattern                                                                             |
| m_axi_gmem2  | bias     | ../hls_src/fixed_projector_tile/kernel.cpp:27:27 | read      | Inferred     | 256    | init_loop  | ../hls_src/fixed_projector_tile/kernel.cpp:25:9  |            |                                                                                                       |
| m_axi_gmem3  | output   | ../hls_src/fixed_projector_tile/kernel.cpp:43:26 | write     | Widen Fail   |        | store_loop | ../hls_src/fixed_projector_tile/kernel.cpp:41:9  | 214-353    | Could not widen since type i16 size is greater than or equal to the max_widen_bitwidth threshold of 0 |
| m_axi_gmem3  | output   | ../hls_src/fixed_projector_tile/kernel.cpp:43:26 | write     | Inferred     | 16384  | token_loop | ../hls_src/fixed_projector_tile/kernel.cpp:23:5  |            |                                                                                                       |
+--------------+----------+--------------------------------------------------+-----------+--------------+--------+------------+--------------------------------------------------+------------+-------------------------------------------------------------------------------------------------------+

    * Resolution URL: docs.amd.com/access/sources/dita/topic?Doc_Version=2025.2%20English&url=ug1448-hls-guidance&resourceid=XXX-YYY.html (replace XXX-YYY with column value)

================================================================
== Bind Op Report
================================================================
+----------------------------------------------------------+-----+--------+--------------+-----------+--------------------------+---------+
| Name                                                     | DSP | Pragma | Variable     | Op        | Impl                     | Latency |
+----------------------------------------------------------+-----+--------+--------------+-----------+--------------------------+---------+
| + fixed_projector_tile_kernel                            | 4   |        |              |           |                          |         |
|   icmp_ln23_fu_351_p2                                    |     |        | icmp_ln23    | seteq     | auto                     | 0       |
|   add_ln23_fu_357_p2                                     |     |        | add_ln23     | add       | fabric                   | 0       |
|  + fixed_projector_tile_kernel_Pipeline_init_loop        | 0   |        |              |           |                          |         |
|    icmp_ln25_fu_263_p2                                   |     |        | icmp_ln25    | seteq     | auto                     | 0       |
|    add_ln25_fu_269_p2                                    |     |        | add_ln25     | add       | fabric                   | 0       |
|  + fixed_projector_tile_kernel_Pipeline_in_loop_out_loop | 4   |        |              |           |                          |         |
|    icmp_ln31_fu_337_p2                                   |     |        | icmp_ln31    | seteq     | auto                     | 0       |
|    add_ln31_fu_343_p2                                    |     |        | add_ln31     | add       | fabric                   | 0       |
|    icmp_ln34_fu_364_p2                                   |     |        | icmp_ln34    | seteq     | auto                     | 0       |
|    select_ln31_fu_370_p3                                 |     |        | select_ln31  | select    | auto_sel                 | 0       |
|    first_iter_0_fu_378_p2                                |     |        | first_iter_0 | seteq     | auto                     | 0       |
|    mul_30s_30s_60_1_1_U11                                | 4   |        | mul_ln36     | mul       | auto                     | 0       |
|    sparsemux_17_3_40_1_1_U12                             |     |        | tmp_1        | sparsemux | compactencoding_dontcare | 0       |
|    add_ln36_fu_529_p2                                    |     |        | add_ln36     | add       | fabric                   | 0       |
|    icmp_ln36_fu_535_p2                                   |     |        | icmp_ln36    | seteq     | auto                     | 0       |
|    add_ln34_fu_472_p2                                    |     |        | add_ln34     | add       | fabric                   | 0       |
|  + fixed_projector_tile_kernel_Pipeline_store_loop       | 0   |        |              |           |                          |         |
|    icmp_ln41_fu_244_p2                                   |     |        | icmp_ln41    | seteq     | auto                     | 0       |
|    add_ln41_fu_250_p2                                    |     |        | add_ln41     | add       | fabric                   | 0       |
|    sparsemux_17_3_30_1_1_U27                             |     |        | tmp          | sparsemux | compactencoding_dontcare | 0       |
+----------------------------------------------------------+-----+--------+--------------+-----------+--------------------------+---------+


================================================================
== Storage Report
================================================================
+-------------------------------+--------------+-----------+------+------+--------+------------+------+---------+------------------+
| Name                          | Usage        | Type      | BRAM | URAM | Pragma | Variable   | Impl | Latency | Bitwidth, Depth, |
|                               |              |           |      |      |        |            |      |         | Banks            |
+-------------------------------+--------------+-----------+------+------+--------+------------+------+---------+------------------+
| + fixed_projector_tile_kernel |              |           | 19   | 0    |        |            |      |         |                  |
|   control_s_axi_U             | interface    | s_axilite |      |      |        |            |      |         |                  |
|   gmem0_m_axi_U               | interface    | m_axi     | 1    |      |        |            |      |         |                  |
|   gmem1_m_axi_U               | interface    | m_axi     | 1    |      |        |            |      |         |                  |
|   gmem2_m_axi_U               | interface    | m_axi     | 1    |      |        |            |      |         |                  |
|   gmem3_m_axi_U               | interface    | m_axi     |      |      |        |            |      |         |                  |
|   acc_tile_U                  | ram_2p array |           | 2    |      | yes    | acc_tile   | bram | 1       | 40, 32, 1        |
|   acc_tile_1_U                | ram_2p array |           | 2    |      | yes    | acc_tile_1 | bram | 1       | 40, 32, 1        |
|   acc_tile_2_U                | ram_2p array |           | 2    |      | yes    | acc_tile_2 | bram | 1       | 40, 32, 1        |
|   acc_tile_3_U                | ram_2p array |           | 2    |      | yes    | acc_tile_3 | bram | 1       | 40, 32, 1        |
|   acc_tile_4_U                | ram_2p array |           | 2    |      | yes    | acc_tile_4 | bram | 1       | 40, 32, 1        |
|   acc_tile_5_U                | ram_2p array |           | 2    |      | yes    | acc_tile_5 | bram | 1       | 40, 32, 1        |
|   acc_tile_6_U                | ram_2p array |           | 2    |      | yes    | acc_tile_6 | bram | 1       | 40, 32, 1        |
|   acc_tile_7_U                | ram_2p array |           | 2    |      | yes    | acc_tile_7 | bram | 1       | 40, 32, 1        |
+-------------------------------+--------------+-----------+------+------+--------+------------+------+---------+------------------+


================================================================
== Pragma Report
================================================================
* Inferred Pragmas
+--------------+---------+-------------------------------------------------------------------------------------------------------------------------------------------------+--------------------------------------------------------+
| Type         | Options | Location                                                                                                                                        | Inferred From                                          |
+--------------+---------+-------------------------------------------------------------------------------------------------------------------------------------------------+--------------------------------------------------------+
| LOOP_FLATTEN |         | loop in_loop (./../hls_src/fixed_projector_tile/kernel.cpp:31:9) in fixed_projector_tile_kernel (../hls_src/fixed_projector_tile/kernel.cpp:31) | pipeline ../hls_src/fixed_projector_tile/kernel.cpp:35 |
+--------------+---------+-------------------------------------------------------------------------------------------------------------------------------------------------+--------------------------------------------------------+

* Valid Pragma Syntax
+-----------------+--------------------------------------------------------------+--------------------------------------------------------------------------------+
| Type            | Options                                                      | Location                                                                       |
+-----------------+--------------------------------------------------------------+--------------------------------------------------------------------------------+
| INTERFACE       | m_axi port=input offset=slave bundle=gmem0 depth=64 * 1152   | in fixed_projector_tile_kernel (../hls_src/fixed_projector_tile/kernel.cpp:8)  |
| INTERFACE       | m_axi port=weight offset=slave bundle=gmem1 depth=1152 * 256 | in fixed_projector_tile_kernel (../hls_src/fixed_projector_tile/kernel.cpp:9)  |
| INTERFACE       | m_axi port=bias offset=slave bundle=gmem2 depth=256          | in fixed_projector_tile_kernel (../hls_src/fixed_projector_tile/kernel.cpp:10) |
| INTERFACE       | m_axi port=output offset=slave bundle=gmem3 depth=64 * 256   | in fixed_projector_tile_kernel (../hls_src/fixed_projector_tile/kernel.cpp:11) |
| INTERFACE       | s_axilite port=input bundle=control                          | in fixed_projector_tile_kernel (../hls_src/fixed_projector_tile/kernel.cpp:12) |
| INTERFACE       | s_axilite port=weight bundle=control                         | in fixed_projector_tile_kernel (../hls_src/fixed_projector_tile/kernel.cpp:13) |
| INTERFACE       | s_axilite port=bias bundle=control                           | in fixed_projector_tile_kernel (../hls_src/fixed_projector_tile/kernel.cpp:14) |
| INTERFACE       | s_axilite port=output bundle=control                         | in fixed_projector_tile_kernel (../hls_src/fixed_projector_tile/kernel.cpp:15) |
| INTERFACE       | s_axilite port=return bundle=control                         | in fixed_projector_tile_kernel (../hls_src/fixed_projector_tile/kernel.cpp:16) |
| BIND_STORAGE    | variable=acc_tile type=ram_2p impl=bram                      | in fixed_projector_tile_kernel (../hls_src/fixed_projector_tile/kernel.cpp:19) |
| ARRAY_PARTITION | variable=acc_tile cyclic factor=8 dim=1                      | in fixed_projector_tile_kernel (../hls_src/fixed_projector_tile/kernel.cpp:20) |
| PIPELINE        | ii=1                                                         | in fixed_projector_tile_kernel (../hls_src/fixed_projector_tile/kernel.cpp:26) |
| PIPELINE        | ii=1                                                         | in fixed_projector_tile_kernel (../hls_src/fixed_projector_tile/kernel.cpp:35) |
| PIPELINE        | ii=1                                                         | in fixed_projector_tile_kernel (../hls_src/fixed_projector_tile/kernel.cpp:42) |
+-----------------+--------------------------------------------------------------+--------------------------------------------------------------------------------+


