

================================================================
== Vitis HLS Report for 'lut_softmax_kernel'
================================================================
* Date:           Wed May  6 23:21:23 2026

* Version:        2025.2 (Build 6295257 on Nov 14 2025)
* Project:        lut_softmax_kernel
* Solution:       hls (Vivado IP Flow Target)
* Product family: virtexuplus
* Target device:  xcvu9p-flga2104-2-i


================================================================
== Performance Estimates
================================================================
+ Timing: 
    * Summary: 
    +--------+----------+----------+------------+
    |  Clock |  Target  | Estimated| Uncertainty|
    +--------+----------+----------+------------+
    |ap_clk  |  10.00 ns|  7.300 ns|     2.70 ns|
    +--------+----------+----------+------------+

+ Latency: 
    * Summary: 
    +---------+---------+-----------+-----------+------+------+---------+
    |  Latency (cycles) |   Latency (absolute)  |   Interval  | Pipeline|
    |   min   |   max   |    min    |    max    |  min |  max |   Type  |
    +---------+---------+-----------+-----------+------+------+---------+
    |     1867|     1867|  18.670 us|  18.670 us|  1868|  1868|       no|
    +---------+---------+-----------+-----------+------+------+---------+

    + Detail: 
        * Instance: 
        +--------------------------------------------------+---------------------------------------+---------+---------+----------+----------+-----+-----+-------------------+
        |                                                  |                                       |  Latency (cycles) |  Latency (absolute) |  Interval |      Pipeline     |
        |                     Instance                     |                 Module                |   min   |   max   |    min   |    max   | min | max |        Type       |
        +--------------------------------------------------+---------------------------------------+---------+---------+----------+----------+-----+-----+-------------------+
        |grp_lut_softmax_kernel_Pipeline_max_loop_fu_205   |lut_softmax_kernel_Pipeline_max_loop   |      130|      130|  1.300 us|  1.300 us|    0|    0|  loop pipeline stp|
        |grp_lut_softmax_kernel_Pipeline_exp_loop_fu_214   |lut_softmax_kernel_Pipeline_exp_loop   |      132|      132|  1.320 us|  1.320 us|    0|    0|  loop pipeline stp|
        |grp_lut_softmax_kernel_Pipeline_norm_loop_fu_233  |lut_softmax_kernel_Pipeline_norm_loop  |      131|      131|  1.310 us|  1.310 us|    0|    0|  loop pipeline stp|
        +--------------------------------------------------+---------------------------------------+---------+---------+----------+----------+-----+-----+-------------------+

        * Loop: 
        +------------+---------+---------+----------+-----------+-----------+------+----------+
        |            |  Latency (cycles) | Iteration|  Initiation Interval  | Trip |          |
        |  Loop Name |   min   |   max   |  Latency |  achieved |   target  | Count| Pipelined|
        +------------+---------+---------+----------+-----------+-----------+------+----------+
        |- row_loop  |     1860|     1860|       465|          -|          -|     4|        no|
        +------------+---------+---------+----------+-----------+-----------+------+----------+



================================================================
== Utilization Estimates
================================================================
* Summary: 
+---------------------+---------+------+---------+---------+-----+
|         Name        | BRAM_18K|  DSP |    FF   |   LUT   | URAM|
+---------------------+---------+------+---------+---------+-----+
|DSP                  |        -|     -|        -|        -|    -|
|Expression           |        -|     -|        0|      164|    -|
|FIFO                 |        -|     -|        -|        -|    -|
|Instance             |        1|     2|     2262|     2723|    0|
|Memory               |        8|     -|        0|        0|    -|
|Multiplexer          |        -|     -|        0|      805|    -|
|Register             |        -|     -|      465|        -|    -|
+---------------------+---------+------+---------+---------+-----+
|Total                |        9|     2|     2727|     3692|    0|
+---------------------+---------+------+---------+---------+-----+
|Available SLR        |     1440|  2280|   788160|   394080|  320|
+---------------------+---------+------+---------+---------+-----+
|Utilization SLR (%)  |       ~0|    ~0|       ~0|       ~0|    0|
+---------------------+---------+------+---------+---------+-----+
|Available            |     4320|  6840|  2364480|  1182240|  960|
+---------------------+---------+------+---------+---------+-----+
|Utilization (%)      |       ~0|    ~0|       ~0|       ~0|    0|
+---------------------+---------+------+---------+---------+-----+

+ Detail: 
    * Instance: 
    +--------------------------------------------------+---------------------------------------+---------+----+-----+-----+-----+
    |                     Instance                     |                 Module                | BRAM_18K| DSP|  FF | LUT | URAM|
    +--------------------------------------------------+---------------------------------------+---------+----+-----+-----+-----+
    |control_s_axi_U                                   |control_s_axi                          |        0|   0|  176|  296|    0|
    |gmem0_m_axi_U                                     |gmem0_m_axi                            |        1|   0|  629|  747|    0|
    |gmem1_m_axi_U                                     |gmem1_m_axi                            |        0|   0|  520|  630|    0|
    |grp_lut_softmax_kernel_Pipeline_exp_loop_fu_214   |lut_softmax_kernel_Pipeline_exp_loop   |        0|   0|  260|  447|    0|
    |grp_lut_softmax_kernel_Pipeline_max_loop_fu_205   |lut_softmax_kernel_Pipeline_max_loop   |        0|   0|   47|  128|    0|
    |grp_lut_softmax_kernel_Pipeline_norm_loop_fu_233  |lut_softmax_kernel_Pipeline_norm_loop  |        0|   2|   80|  143|    0|
    |udiv_45s_30ns_32_49_seq_1_U33                     |udiv_45s_30ns_32_49_seq_1              |        0|   0|  550|  332|    0|
    +--------------------------------------------------+---------------------------------------+---------+----+-----+-----+-----+
    |Total                                             |                                       |        1|   2| 2262| 2723|    0|
    +--------------------------------------------------+---------------------------------------+---------+----+-----+-----+-----+

    * DSP: 
    N/A

    * Memory: 
    +-------------+--------------------------+---------+---+----+-----+------+-----+------+-------------+
    |    Memory   |          Module          | BRAM_18K| FF| LUT| URAM| Words| Bits| Banks| W*Bits*Banks|
    +-------------+--------------------------+---------+---+----+-----+------+-----+------+-------------+
    |exp_buf_U    |exp_buf_RAM_2P_BRAM_1R1W  |        1|  0|   0|    0|    16|   17|     1|          272|
    |exp_buf_1_U  |exp_buf_RAM_2P_BRAM_1R1W  |        1|  0|   0|    0|    16|   17|     1|          272|
    |exp_buf_2_U  |exp_buf_RAM_2P_BRAM_1R1W  |        1|  0|   0|    0|    16|   17|     1|          272|
    |exp_buf_3_U  |exp_buf_RAM_2P_BRAM_1R1W  |        1|  0|   0|    0|    16|   17|     1|          272|
    |exp_buf_4_U  |exp_buf_RAM_2P_BRAM_1R1W  |        1|  0|   0|    0|    16|   17|     1|          272|
    |exp_buf_5_U  |exp_buf_RAM_2P_BRAM_1R1W  |        1|  0|   0|    0|    16|   17|     1|          272|
    |exp_buf_6_U  |exp_buf_RAM_2P_BRAM_1R1W  |        1|  0|   0|    0|    16|   17|     1|          272|
    |exp_buf_7_U  |exp_buf_RAM_2P_BRAM_1R1W  |        1|  0|   0|    0|    16|   17|     1|          272|
    +-------------+--------------------------+---------+---+----+-----+------+-----+------+-------------+
    |Total        |                          |        8|  0|   0|    0|   128|  136|     8|         2176|
    +-------------+--------------------------+---------+---+----+-----+------+-----+------+-------------+

    * FIFO: 
    N/A

    * Expression: 
    +----------------------+----------+----+---+----+------------+------------+
    |     Variable Name    | Operation| DSP| FF| LUT| Bitwidth P0| Bitwidth P1|
    +----------------------+----------+----+---+----+------------+------------+
    |add_ln56_fu_283_p2    |         +|   0|  0|  10|           3|           1|
    |add_ln57_1_fu_310_p2  |         +|   0|  0|  71|          64|           2|
    |add_ln57_fu_305_p2    |         +|   0|  0|  71|          64|          64|
    |icmp_ln56_fu_277_p2   |      icmp|   0|  0|  12|           3|           4|
    +----------------------+----------+----+---+----+------------+------------+
    |Total                 |          |   0|  0| 164|         134|          71|
    +----------------------+----------+----+---+----+------------+------------+

    * Multiplexer: 
    +-----------------+-----+-----------+-----+-----------+
    |       Name      | LUT | Input Size| Bits| Total Bits|
    +-----------------+-----+-----------+-----+-----------+
    |ap_NS_fsm        |  377|         80|    1|         80|
    |exp_buf_1_ce0    |    9|          2|    1|          2|
    |exp_buf_1_ce1    |    9|          2|    1|          2|
    |exp_buf_1_we1    |    9|          2|    1|          2|
    |exp_buf_2_ce0    |    9|          2|    1|          2|
    |exp_buf_2_ce1    |    9|          2|    1|          2|
    |exp_buf_2_we1    |    9|          2|    1|          2|
    |exp_buf_3_ce0    |    9|          2|    1|          2|
    |exp_buf_3_ce1    |    9|          2|    1|          2|
    |exp_buf_3_we1    |    9|          2|    1|          2|
    |exp_buf_4_ce0    |    9|          2|    1|          2|
    |exp_buf_4_ce1    |    9|          2|    1|          2|
    |exp_buf_4_we1    |    9|          2|    1|          2|
    |exp_buf_5_ce0    |    9|          2|    1|          2|
    |exp_buf_5_ce1    |    9|          2|    1|          2|
    |exp_buf_5_we1    |    9|          2|    1|          2|
    |exp_buf_6_ce0    |    9|          2|    1|          2|
    |exp_buf_6_ce1    |    9|          2|    1|          2|
    |exp_buf_6_we1    |    9|          2|    1|          2|
    |exp_buf_7_ce0    |    9|          2|    1|          2|
    |exp_buf_7_ce1    |    9|          2|    1|          2|
    |exp_buf_7_we1    |    9|          2|    1|          2|
    |exp_buf_ce0      |    9|          2|    1|          2|
    |exp_buf_ce1      |    9|          2|    1|          2|
    |exp_buf_we1      |    9|          2|    1|          2|
    |gmem0_0_ARADDR   |   31|          6|   64|        384|
    |gmem0_0_ARLEN    |   31|          6|   32|        192|
    |gmem0_0_ARVALID  |   20|          4|    1|          4|
    |gmem0_0_RREADY   |   20|          4|    1|          4|
    |gmem0_blk_n_AR   |    9|          2|    1|          2|
    |gmem0_blk_n_R    |    9|          2|    1|          2|
    |gmem1_0_AWADDR   |   14|          3|   64|        192|
    |gmem1_0_AWLEN    |   14|          3|   32|         96|
    |gmem1_0_AWVALID  |   14|          3|    1|          3|
    |gmem1_0_BREADY   |   14|          3|    1|          3|
    |gmem1_0_WVALID   |    9|          2|    1|          2|
    |gmem1_blk_n_AW   |    9|          2|    1|          2|
    |gmem1_blk_n_B    |    9|          2|    1|          2|
    |r_fu_122         |    9|          2|    3|          6|
    +-----------------+-----+-----------+-----+-----------+
    |Total            |  805|        172|  229|       1022|
    +-----------------+-----+-----------+-----+-----------+

    * Register: 
    +---------------------------------------------------------------+----+----+-----+-----------+
    |                              Name                             | FF | LUT| Bits| Const Bits|
    +---------------------------------------------------------------+----+----+-----+-----------+
    |ap_CS_fsm                                                      |  79|   0|   79|          0|
    |gmem0_addr_reg_441                                             |  64|   0|   64|          0|
    |grp_lut_softmax_kernel_Pipeline_exp_loop_fu_214_ap_start_reg   |   1|   0|    1|          0|
    |grp_lut_softmax_kernel_Pipeline_max_loop_fu_205_ap_start_reg   |   1|   0|    1|          0|
    |grp_lut_softmax_kernel_Pipeline_norm_loop_fu_233_ap_start_reg  |   1|   0|    1|          0|
    |input_r_read_reg_398                                           |  64|   0|   64|          0|
    |inv_sum_reg_467                                                |  32|   0|   32|          0|
    |r_fu_122                                                       |   3|   0|    3|          0|
    |row_max_reg_452                                                |  16|   0|   16|          0|
    |shl_ln1_reg_457                                                |  16|   0|   28|         12|
    |trunc_ln1_reg_429                                              |  63|   0|   63|          0|
    |trunc_ln2_reg_435                                              |  63|   0|   63|          0|
    |trunc_ln_reg_415                                               |  62|   0|   62|          0|
    +---------------------------------------------------------------+----+----+-----+-----------+
    |Total                                                          | 465|   0|  477|         12|
    +---------------------------------------------------------------+----+----+-----+-----------+



================================================================
== Interface
================================================================
* Summary: 
+-----------------------+-----+-----+------------+--------------------+--------------+
|       RTL Ports       | Dir | Bits|  Protocol  |    Source Object   |    C Type    |
+-----------------------+-----+-----+------------+--------------------+--------------+
|s_axi_control_AWVALID  |   in|    1|       s_axi|             control|        scalar|
|s_axi_control_AWREADY  |  out|    1|       s_axi|             control|        scalar|
|s_axi_control_AWADDR   |   in|    6|       s_axi|             control|        scalar|
|s_axi_control_WVALID   |   in|    1|       s_axi|             control|        scalar|
|s_axi_control_WREADY   |  out|    1|       s_axi|             control|        scalar|
|s_axi_control_WDATA    |   in|   32|       s_axi|             control|        scalar|
|s_axi_control_WSTRB    |   in|    4|       s_axi|             control|        scalar|
|s_axi_control_ARVALID  |   in|    1|       s_axi|             control|        scalar|
|s_axi_control_ARREADY  |  out|    1|       s_axi|             control|        scalar|
|s_axi_control_ARADDR   |   in|    6|       s_axi|             control|        scalar|
|s_axi_control_RVALID   |  out|    1|       s_axi|             control|        scalar|
|s_axi_control_RREADY   |   in|    1|       s_axi|             control|        scalar|
|s_axi_control_RDATA    |  out|   32|       s_axi|             control|        scalar|
|s_axi_control_RRESP    |  out|    2|       s_axi|             control|        scalar|
|s_axi_control_BVALID   |  out|    1|       s_axi|             control|        scalar|
|s_axi_control_BREADY   |   in|    1|       s_axi|             control|        scalar|
|s_axi_control_BRESP    |  out|    2|       s_axi|             control|        scalar|
|ap_clk                 |   in|    1|  ap_ctrl_hs|  lut_softmax_kernel|  return value|
|ap_rst_n               |   in|    1|  ap_ctrl_hs|  lut_softmax_kernel|  return value|
|interrupt              |  out|    1|  ap_ctrl_hs|  lut_softmax_kernel|  return value|
|m_axi_gmem0_AWVALID    |  out|    1|       m_axi|               gmem0|       pointer|
|m_axi_gmem0_AWREADY    |   in|    1|       m_axi|               gmem0|       pointer|
|m_axi_gmem0_AWADDR     |  out|   64|       m_axi|               gmem0|       pointer|
|m_axi_gmem0_AWID       |  out|    1|       m_axi|               gmem0|       pointer|
|m_axi_gmem0_AWLEN      |  out|    8|       m_axi|               gmem0|       pointer|
|m_axi_gmem0_AWSIZE     |  out|    3|       m_axi|               gmem0|       pointer|
|m_axi_gmem0_AWBURST    |  out|    2|       m_axi|               gmem0|       pointer|
|m_axi_gmem0_AWLOCK     |  out|    2|       m_axi|               gmem0|       pointer|
|m_axi_gmem0_AWCACHE    |  out|    4|       m_axi|               gmem0|       pointer|
|m_axi_gmem0_AWPROT     |  out|    3|       m_axi|               gmem0|       pointer|
|m_axi_gmem0_AWQOS      |  out|    4|       m_axi|               gmem0|       pointer|
|m_axi_gmem0_AWREGION   |  out|    4|       m_axi|               gmem0|       pointer|
|m_axi_gmem0_AWUSER     |  out|    1|       m_axi|               gmem0|       pointer|
|m_axi_gmem0_WVALID     |  out|    1|       m_axi|               gmem0|       pointer|
|m_axi_gmem0_WREADY     |   in|    1|       m_axi|               gmem0|       pointer|
|m_axi_gmem0_WDATA      |  out|   32|       m_axi|               gmem0|       pointer|
|m_axi_gmem0_WSTRB      |  out|    4|       m_axi|               gmem0|       pointer|
|m_axi_gmem0_WLAST      |  out|    1|       m_axi|               gmem0|       pointer|
|m_axi_gmem0_WID        |  out|    1|       m_axi|               gmem0|       pointer|
|m_axi_gmem0_WUSER      |  out|    1|       m_axi|               gmem0|       pointer|
|m_axi_gmem0_ARVALID    |  out|    1|       m_axi|               gmem0|       pointer|
|m_axi_gmem0_ARREADY    |   in|    1|       m_axi|               gmem0|       pointer|
|m_axi_gmem0_ARADDR     |  out|   64|       m_axi|               gmem0|       pointer|
|m_axi_gmem0_ARID       |  out|    1|       m_axi|               gmem0|       pointer|
|m_axi_gmem0_ARLEN      |  out|    8|       m_axi|               gmem0|       pointer|
|m_axi_gmem0_ARSIZE     |  out|    3|       m_axi|               gmem0|       pointer|
|m_axi_gmem0_ARBURST    |  out|    2|       m_axi|               gmem0|       pointer|
|m_axi_gmem0_ARLOCK     |  out|    2|       m_axi|               gmem0|       pointer|
|m_axi_gmem0_ARCACHE    |  out|    4|       m_axi|               gmem0|       pointer|
|m_axi_gmem0_ARPROT     |  out|    3|       m_axi|               gmem0|       pointer|
|m_axi_gmem0_ARQOS      |  out|    4|       m_axi|               gmem0|       pointer|
|m_axi_gmem0_ARREGION   |  out|    4|       m_axi|               gmem0|       pointer|
|m_axi_gmem0_ARUSER     |  out|    1|       m_axi|               gmem0|       pointer|
|m_axi_gmem0_RVALID     |   in|    1|       m_axi|               gmem0|       pointer|
|m_axi_gmem0_RREADY     |  out|    1|       m_axi|               gmem0|       pointer|
|m_axi_gmem0_RDATA      |   in|   32|       m_axi|               gmem0|       pointer|
|m_axi_gmem0_RLAST      |   in|    1|       m_axi|               gmem0|       pointer|
|m_axi_gmem0_RID        |   in|    1|       m_axi|               gmem0|       pointer|
|m_axi_gmem0_RUSER      |   in|    1|       m_axi|               gmem0|       pointer|
|m_axi_gmem0_RRESP      |   in|    2|       m_axi|               gmem0|       pointer|
|m_axi_gmem0_BVALID     |   in|    1|       m_axi|               gmem0|       pointer|
|m_axi_gmem0_BREADY     |  out|    1|       m_axi|               gmem0|       pointer|
|m_axi_gmem0_BRESP      |   in|    2|       m_axi|               gmem0|       pointer|
|m_axi_gmem0_BID        |   in|    1|       m_axi|               gmem0|       pointer|
|m_axi_gmem0_BUSER      |   in|    1|       m_axi|               gmem0|       pointer|
|m_axi_gmem1_AWVALID    |  out|    1|       m_axi|               gmem1|       pointer|
|m_axi_gmem1_AWREADY    |   in|    1|       m_axi|               gmem1|       pointer|
|m_axi_gmem1_AWADDR     |  out|   64|       m_axi|               gmem1|       pointer|
|m_axi_gmem1_AWID       |  out|    1|       m_axi|               gmem1|       pointer|
|m_axi_gmem1_AWLEN      |  out|    8|       m_axi|               gmem1|       pointer|
|m_axi_gmem1_AWSIZE     |  out|    3|       m_axi|               gmem1|       pointer|
|m_axi_gmem1_AWBURST    |  out|    2|       m_axi|               gmem1|       pointer|
|m_axi_gmem1_AWLOCK     |  out|    2|       m_axi|               gmem1|       pointer|
|m_axi_gmem1_AWCACHE    |  out|    4|       m_axi|               gmem1|       pointer|
|m_axi_gmem1_AWPROT     |  out|    3|       m_axi|               gmem1|       pointer|
|m_axi_gmem1_AWQOS      |  out|    4|       m_axi|               gmem1|       pointer|
|m_axi_gmem1_AWREGION   |  out|    4|       m_axi|               gmem1|       pointer|
|m_axi_gmem1_AWUSER     |  out|    1|       m_axi|               gmem1|       pointer|
|m_axi_gmem1_WVALID     |  out|    1|       m_axi|               gmem1|       pointer|
|m_axi_gmem1_WREADY     |   in|    1|       m_axi|               gmem1|       pointer|
|m_axi_gmem1_WDATA      |  out|   32|       m_axi|               gmem1|       pointer|
|m_axi_gmem1_WSTRB      |  out|    4|       m_axi|               gmem1|       pointer|
|m_axi_gmem1_WLAST      |  out|    1|       m_axi|               gmem1|       pointer|
|m_axi_gmem1_WID        |  out|    1|       m_axi|               gmem1|       pointer|
|m_axi_gmem1_WUSER      |  out|    1|       m_axi|               gmem1|       pointer|
|m_axi_gmem1_ARVALID    |  out|    1|       m_axi|               gmem1|       pointer|
|m_axi_gmem1_ARREADY    |   in|    1|       m_axi|               gmem1|       pointer|
|m_axi_gmem1_ARADDR     |  out|   64|       m_axi|               gmem1|       pointer|
|m_axi_gmem1_ARID       |  out|    1|       m_axi|               gmem1|       pointer|
|m_axi_gmem1_ARLEN      |  out|    8|       m_axi|               gmem1|       pointer|
|m_axi_gmem1_ARSIZE     |  out|    3|       m_axi|               gmem1|       pointer|
|m_axi_gmem1_ARBURST    |  out|    2|       m_axi|               gmem1|       pointer|
|m_axi_gmem1_ARLOCK     |  out|    2|       m_axi|               gmem1|       pointer|
|m_axi_gmem1_ARCACHE    |  out|    4|       m_axi|               gmem1|       pointer|
|m_axi_gmem1_ARPROT     |  out|    3|       m_axi|               gmem1|       pointer|
|m_axi_gmem1_ARQOS      |  out|    4|       m_axi|               gmem1|       pointer|
|m_axi_gmem1_ARREGION   |  out|    4|       m_axi|               gmem1|       pointer|
|m_axi_gmem1_ARUSER     |  out|    1|       m_axi|               gmem1|       pointer|
|m_axi_gmem1_RVALID     |   in|    1|       m_axi|               gmem1|       pointer|
|m_axi_gmem1_RREADY     |  out|    1|       m_axi|               gmem1|       pointer|
|m_axi_gmem1_RDATA      |   in|   32|       m_axi|               gmem1|       pointer|
|m_axi_gmem1_RLAST      |   in|    1|       m_axi|               gmem1|       pointer|
|m_axi_gmem1_RID        |   in|    1|       m_axi|               gmem1|       pointer|
|m_axi_gmem1_RUSER      |   in|    1|       m_axi|               gmem1|       pointer|
|m_axi_gmem1_RRESP      |   in|    2|       m_axi|               gmem1|       pointer|
|m_axi_gmem1_BVALID     |   in|    1|       m_axi|               gmem1|       pointer|
|m_axi_gmem1_BREADY     |  out|    1|       m_axi|               gmem1|       pointer|
|m_axi_gmem1_BRESP      |   in|    2|       m_axi|               gmem1|       pointer|
|m_axi_gmem1_BID        |   in|    1|       m_axi|               gmem1|       pointer|
|m_axi_gmem1_BUSER      |   in|    1|       m_axi|               gmem1|       pointer|
+-----------------------+-----+-----+------------+--------------------+--------------+

