

================================================================
== Vitis HLS Report for 'lut_softmax_kernel_Pipeline_max_loop'
================================================================
* Date:           Wed May  6 23:21:22 2026

* Version:        2025.2 (Build 6295257 on Nov 14 2025)
* Project:        lut_softmax_kernel
* Solution:       hls (Vivado IP Flow Target)
* Product family: virtexuplus
* Target device:  xcvu9p-flga2104-2-i


================================================================
== Performance Estimates
================================================================
+ Timing: 
    * Summary: 
    +--------+----------+----------+------------+
    |  Clock |  Target  | Estimated| Uncertainty|
    +--------+----------+----------+------------+
    |ap_clk  |  10.00 ns|  7.300 ns|     2.70 ns|
    +--------+----------+----------+------------+

+ Latency: 
    * Summary: 
    +---------+---------+----------+----------+-----+-----+-------------------+
    |  Latency (cycles) |  Latency (absolute) |  Interval |      Pipeline     |
    |   min   |   max   |    min   |    max   | min | max |        Type       |
    +---------+---------+----------+----------+-----+-----+-------------------+
    |      130|      130|  1.300 us|  1.300 us|    0|    0|  loop pipeline stp|
    +---------+---------+----------+----------+-----+-----+-------------------+

    + Detail: 
        * Instance: 
        N/A

        * Loop: 
        +------------+---------+---------+----------+-----------+-----------+------+----------+
        |            |  Latency (cycles) | Iteration|  Initiation Interval  | Trip |          |
        |  Loop Name |   min   |   max   |  Latency |  achieved |   target  | Count| Pipelined|
        +------------+---------+---------+----------+-----------+-----------+------+----------+
        |- max_loop  |      128|      128|         3|          1|          1|   127|       yes|
        +------------+---------+---------+----------+-----------+-----------+------+----------+



================================================================
== Utilization Estimates
================================================================
* Summary: 
+---------------------+---------+------+---------+---------+-----+
|         Name        | BRAM_18K|  DSP |    FF   |   LUT   | URAM|
+---------------------+---------+------+---------+---------+-----+
|DSP                  |        -|     -|        -|        -|    -|
|Expression           |        -|     -|        0|       74|    -|
|FIFO                 |        -|     -|        -|        -|    -|
|Instance             |        -|     -|        -|        -|    -|
|Memory               |        -|     -|        -|        -|    -|
|Multiplexer          |        -|     -|        0|       54|    -|
|Register             |        -|     -|       47|        -|    -|
+---------------------+---------+------+---------+---------+-----+
|Total                |        0|     0|       47|      128|    0|
+---------------------+---------+------+---------+---------+-----+
|Available SLR        |     1440|  2280|   788160|   394080|  320|
+---------------------+---------+------+---------+---------+-----+
|Utilization SLR (%)  |        0|     0|       ~0|       ~0|    0|
+---------------------+---------+------+---------+---------+-----+
|Available            |     4320|  6840|  2364480|  1182240|  960|
+---------------------+---------+------+---------+---------+-----+
|Utilization (%)      |        0|     0|       ~0|       ~0|    0|
+---------------------+---------+------+---------+---------+-----+

+ Detail: 
    * Instance: 
    N/A

    * DSP: 
    N/A

    * Memory: 
    N/A

    * FIFO: 
    N/A

    * Expression: 
    +---------------------------+----------+----+---+----+------------+------------+
    |       Variable Name       | Operation| DSP| FF| LUT| Bitwidth P0| Bitwidth P1|
    +---------------------------+----------+----+---+----+------------+------------+
    |add_ln59_fu_109_p2         |         +|   0|  0|  15|           8|           1|
    |ap_block_pp0_stage0_11001  |       and|   0|  0|   2|           1|           1|
    |icmp_ln59_fu_103_p2        |      icmp|   0|  0|  16|           8|           9|
    |icmp_ln62_fu_129_p2        |      icmp|   0|  0|  23|          16|          16|
    |row_max_2_fu_134_p3        |    select|   0|  0|  16|           1|          16|
    |ap_enable_pp0              |       xor|   0|  0|   2|           1|           2|
    +---------------------------+----------+----+---+----+------------+------------+
    |Total                      |          |   0|  0|  74|          35|          45|
    +---------------------------+----------+----+---+----+------------+------------+

    * Multiplexer: 
    +-------------------------+----+-----------+-----+-----------+
    |           Name          | LUT| Input Size| Bits| Total Bits|
    +-------------------------+----+-----------+-----+-----------+
    |ap_done_int              |   9|          2|    1|          2|
    |ap_enable_reg_pp0_iter1  |   9|          2|    1|          2|
    |ap_sig_allocacmp_c_2     |   9|          2|    8|         16|
    |c_fu_58                  |   9|          2|    8|         16|
    |gmem0_blk_n_R            |   9|          2|    1|          2|
    |row_max_1_fu_54          |   9|          2|   16|         32|
    +-------------------------+----+-----------+-----+-----------+
    |Total                    |  54|         12|   35|         70|
    +-------------------------+----+-----------+-----+-----------+

    * Register: 
    +-------------------------------------------+----+----+-----+-----------+
    |                    Name                   | FF | LUT| Bits| Const Bits|
    +-------------------------------------------+----+----+-----+-----------+
    |ap_CS_fsm                                  |   1|   0|    1|          0|
    |ap_block_pp0_stage0_subdone_grp0_done_reg  |   1|   0|    1|          0|
    |ap_done_reg                                |   1|   0|    1|          0|
    |ap_enable_reg_pp0_iter1                    |   1|   0|    1|          0|
    |ap_enable_reg_pp0_iter2                    |   1|   0|    1|          0|
    |ap_loop_exit_ready_pp0_iter1_reg           |   1|   0|    1|          0|
    |c_fu_58                                    |   8|   0|    8|          0|
    |icmp_ln59_reg_170                          |   1|   0|    1|          0|
    |row_max_1_fu_54                            |  16|   0|   16|          0|
    |value_reg_174                              |  16|   0|   16|          0|
    +-------------------------------------------+----+----+-----+-----------+
    |Total                                      |  47|   0|   47|          0|
    +-------------------------------------------+----+----+-----+-----------+



================================================================
== Interface
================================================================
* Summary: 
+------------------------+-----+-----+------------+--------------------------------------+--------------+
|        RTL Ports       | Dir | Bits|  Protocol  |             Source Object            |    C Type    |
+------------------------+-----+-----+------------+--------------------------------------+--------------+
|ap_clk                  |   in|    1|  ap_ctrl_hs|  lut_softmax_kernel_Pipeline_max_loop|  return value|
|ap_rst                  |   in|    1|  ap_ctrl_hs|  lut_softmax_kernel_Pipeline_max_loop|  return value|
|ap_start                |   in|    1|  ap_ctrl_hs|  lut_softmax_kernel_Pipeline_max_loop|  return value|
|ap_done                 |  out|    1|  ap_ctrl_hs|  lut_softmax_kernel_Pipeline_max_loop|  return value|
|ap_idle                 |  out|    1|  ap_ctrl_hs|  lut_softmax_kernel_Pipeline_max_loop|  return value|
|ap_ready                |  out|    1|  ap_ctrl_hs|  lut_softmax_kernel_Pipeline_max_loop|  return value|
|m_axi_gmem0_0_AWVALID   |  out|    1|       m_axi|                                 gmem0|       pointer|
|m_axi_gmem0_0_AWREADY   |   in|    1|       m_axi|                                 gmem0|       pointer|
|m_axi_gmem0_0_AWADDR    |  out|   64|       m_axi|                                 gmem0|       pointer|
|m_axi_gmem0_0_AWID      |  out|    1|       m_axi|                                 gmem0|       pointer|
|m_axi_gmem0_0_AWLEN     |  out|   32|       m_axi|                                 gmem0|       pointer|
|m_axi_gmem0_0_AWSIZE    |  out|    3|       m_axi|                                 gmem0|       pointer|
|m_axi_gmem0_0_AWBURST   |  out|    2|       m_axi|                                 gmem0|       pointer|
|m_axi_gmem0_0_AWLOCK    |  out|    2|       m_axi|                                 gmem0|       pointer|
|m_axi_gmem0_0_AWCACHE   |  out|    4|       m_axi|                                 gmem0|       pointer|
|m_axi_gmem0_0_AWPROT    |  out|    3|       m_axi|                                 gmem0|       pointer|
|m_axi_gmem0_0_AWQOS     |  out|    4|       m_axi|                                 gmem0|       pointer|
|m_axi_gmem0_0_AWREGION  |  out|    4|       m_axi|                                 gmem0|       pointer|
|m_axi_gmem0_0_AWUSER    |  out|    1|       m_axi|                                 gmem0|       pointer|
|m_axi_gmem0_0_WVALID    |  out|    1|       m_axi|                                 gmem0|       pointer|
|m_axi_gmem0_0_WREADY    |   in|    1|       m_axi|                                 gmem0|       pointer|
|m_axi_gmem0_0_WDATA     |  out|   16|       m_axi|                                 gmem0|       pointer|
|m_axi_gmem0_0_WSTRB     |  out|    2|       m_axi|                                 gmem0|       pointer|
|m_axi_gmem0_0_WLAST     |  out|    1|       m_axi|                                 gmem0|       pointer|
|m_axi_gmem0_0_WID       |  out|    1|       m_axi|                                 gmem0|       pointer|
|m_axi_gmem0_0_WUSER     |  out|    1|       m_axi|                                 gmem0|       pointer|
|m_axi_gmem0_0_ARVALID   |  out|    1|       m_axi|                                 gmem0|       pointer|
|m_axi_gmem0_0_ARREADY   |   in|    1|       m_axi|                                 gmem0|       pointer|
|m_axi_gmem0_0_ARADDR    |  out|   64|       m_axi|                                 gmem0|       pointer|
|m_axi_gmem0_0_ARID      |  out|    1|       m_axi|                                 gmem0|       pointer|
|m_axi_gmem0_0_ARLEN     |  out|   32|       m_axi|                                 gmem0|       pointer|
|m_axi_gmem0_0_ARSIZE    |  out|    3|       m_axi|                                 gmem0|       pointer|
|m_axi_gmem0_0_ARBURST   |  out|    2|       m_axi|                                 gmem0|       pointer|
|m_axi_gmem0_0_ARLOCK    |  out|    2|       m_axi|                                 gmem0|       pointer|
|m_axi_gmem0_0_ARCACHE   |  out|    4|       m_axi|                                 gmem0|       pointer|
|m_axi_gmem0_0_ARPROT    |  out|    3|       m_axi|                                 gmem0|       pointer|
|m_axi_gmem0_0_ARQOS     |  out|    4|       m_axi|                                 gmem0|       pointer|
|m_axi_gmem0_0_ARREGION  |  out|    4|       m_axi|                                 gmem0|       pointer|
|m_axi_gmem0_0_ARUSER    |  out|    1|       m_axi|                                 gmem0|       pointer|
|m_axi_gmem0_0_RVALID    |   in|    1|       m_axi|                                 gmem0|       pointer|
|m_axi_gmem0_0_RREADY    |  out|    1|       m_axi|                                 gmem0|       pointer|
|m_axi_gmem0_0_RDATA     |   in|   16|       m_axi|                                 gmem0|       pointer|
|m_axi_gmem0_0_RLAST     |   in|    1|       m_axi|                                 gmem0|       pointer|
|m_axi_gmem0_0_RID       |   in|    1|       m_axi|                                 gmem0|       pointer|
|m_axi_gmem0_0_RFIFONUM  |   in|   10|       m_axi|                                 gmem0|       pointer|
|m_axi_gmem0_0_RUSER     |   in|    1|       m_axi|                                 gmem0|       pointer|
|m_axi_gmem0_0_RRESP     |   in|    2|       m_axi|                                 gmem0|       pointer|
|m_axi_gmem0_0_BVALID    |   in|    1|       m_axi|                                 gmem0|       pointer|
|m_axi_gmem0_0_BREADY    |  out|    1|       m_axi|                                 gmem0|       pointer|
|m_axi_gmem0_0_BRESP     |   in|    2|       m_axi|                                 gmem0|       pointer|
|m_axi_gmem0_0_BID       |   in|    1|       m_axi|                                 gmem0|       pointer|
|m_axi_gmem0_0_BUSER     |   in|    1|       m_axi|                                 gmem0|       pointer|
|row_max                 |   in|   16|     ap_none|                               row_max|        scalar|
|sext_ln59               |   in|   63|     ap_none|                             sext_ln59|        scalar|
|row_max_1_out           |  out|   16|      ap_vld|                         row_max_1_out|       pointer|
|row_max_1_out_ap_vld    |  out|    1|      ap_vld|                         row_max_1_out|       pointer|
+------------------------+-----+-----+------------+--------------------------------------+--------------+

