

================================================================
== Vitis HLS Report for 'lut_softmax_kernel_Pipeline_norm_loop'
================================================================
* Date:           Wed May  6 23:21:22 2026

* Version:        2025.2 (Build 6295257 on Nov 14 2025)
* Project:        lut_softmax_kernel
* Solution:       hls (Vivado IP Flow Target)
* Product family: virtexuplus
* Target device:  xcvu9p-flga2104-2-i


================================================================
== Performance Estimates
================================================================
+ Timing: 
    * Summary: 
    +--------+----------+----------+------------+
    |  Clock |  Target  | Estimated| Uncertainty|
    +--------+----------+----------+------------+
    |ap_clk  |  10.00 ns|  7.300 ns|     2.70 ns|
    +--------+----------+----------+------------+

+ Latency: 
    * Summary: 
    +---------+---------+----------+----------+-----+-----+-------------------+
    |  Latency (cycles) |  Latency (absolute) |  Interval |      Pipeline     |
    |   min   |   max   |    min   |    max   | min | max |        Type       |
    +---------+---------+----------+----------+-----+-----+-------------------+
    |      131|      131|  1.310 us|  1.310 us|    0|    0|  loop pipeline stp|
    +---------+---------+----------+----------+-----+-----+-------------------+

    + Detail: 
        * Instance: 
        N/A

        * Loop: 
        +-------------+---------+---------+----------+-----------+-----------+------+----------+
        |             |  Latency (cycles) | Iteration|  Initiation Interval  | Trip |          |
        |  Loop Name  |   min   |   max   |  Latency |  achieved |   target  | Count| Pipelined|
        +-------------+---------+---------+----------+-----------+-----------+------+----------+
        |- norm_loop  |      129|      129|         3|          1|          1|   128|       yes|
        +-------------+---------+---------+----------+-----------+-----------+------+----------+



================================================================
== Utilization Estimates
================================================================
* Summary: 
+---------------------+---------+------+---------+---------+-----+
|         Name        | BRAM_18K|  DSP |    FF   |   LUT   | URAM|
+---------------------+---------+------+---------+---------+-----+
|DSP                  |        -|     -|        -|        -|    -|
|Expression           |        -|     -|        0|       35|    -|
|FIFO                 |        -|     -|        -|        -|    -|
|Instance             |        -|     2|        0|       63|    -|
|Memory               |        -|     -|        -|        -|    -|
|Multiplexer          |        -|     -|        0|       45|    -|
|Register             |        -|     -|       80|        -|    -|
+---------------------+---------+------+---------+---------+-----+
|Total                |        0|     2|       80|      143|    0|
+---------------------+---------+------+---------+---------+-----+
|Available SLR        |     1440|  2280|   788160|   394080|  320|
+---------------------+---------+------+---------+---------+-----+
|Utilization SLR (%)  |        0|    ~0|       ~0|       ~0|    0|
+---------------------+---------+------+---------+---------+-----+
|Available            |     4320|  6840|  2364480|  1182240|  960|
+---------------------+---------+------+---------+---------+-----+
|Utilization (%)      |        0|    ~0|       ~0|       ~0|    0|
+---------------------+---------+------+---------+---------+-----+

+ Detail: 
    * Instance: 
    +---------------------------+-----------------------+---------+----+---+----+-----+
    |          Instance         |         Module        | BRAM_18K| DSP| FF| LUT| URAM|
    +---------------------------+-----------------------+---------+----+---+----+-----+
    |mul_23ns_32s_46_1_1_U18    |mul_23ns_32s_46_1_1    |        0|   2|  0|  20|    0|
    |sparsemux_17_3_17_1_1_U19  |sparsemux_17_3_17_1_1  |        0|   0|  0|  43|    0|
    +---------------------------+-----------------------+---------+----+---+----+-----+
    |Total                      |                       |        0|   2|  0|  63|    0|
    +---------------------------+-----------------------+---------+----+---+----+-----+

    * DSP: 
    N/A

    * Memory: 
    N/A

    * FIFO: 
    N/A

    * Expression: 
    +---------------------------+----------+----+---+----+------------+------------+
    |       Variable Name       | Operation| DSP| FF| LUT| Bitwidth P0| Bitwidth P1|
    +---------------------------+----------+----+---+----+------------+------------+
    |add_ln80_fu_272_p2         |         +|   0|  0|  15|           8|           1|
    |ap_block_pp0_stage0_11001  |       and|   0|  0|   2|           1|           1|
    |icmp_ln80_fu_266_p2        |      icmp|   0|  0|  16|           8|           9|
    |ap_enable_pp0              |       xor|   0|  0|   2|           1|           2|
    +---------------------------+----------+----+---+----+------------+------------+
    |Total                      |          |   0|  0|  35|          18|          13|
    +---------------------------+----------+----+---+----+------------+------------+

    * Multiplexer: 
    +-------------------------+----+-----------+-----+-----------+
    |           Name          | LUT| Input Size| Bits| Total Bits|
    +-------------------------+----+-----------+-----+-----------+
    |ap_done_int              |   9|          2|    1|          2|
    |ap_enable_reg_pp0_iter1  |   9|          2|    1|          2|
    |ap_sig_allocacmp_c_1     |   9|          2|    8|         16|
    |c_fu_118                 |   9|          2|    8|         16|
    |gmem1_blk_n_W            |   9|          2|    1|          2|
    +-------------------------+----+-----------+-----+-----------+
    |Total                    |  45|         10|   19|         38|
    +-------------------------+----+-----------+-----+-----------+

    * Register: 
    +----------------------------------+----+----+-----+-----------+
    |               Name               | FF | LUT| Bits| Const Bits|
    +----------------------------------+----+----+-----+-----------+
    |ap_CS_fsm                         |   1|   0|    1|          0|
    |ap_done_reg                       |   1|   0|    1|          0|
    |ap_enable_reg_pp0_iter1           |   1|   0|    1|          0|
    |ap_enable_reg_pp0_iter2           |   1|   0|    1|          0|
    |ap_loop_exit_ready_pp0_iter1_reg  |   1|   0|    1|          0|
    |c_fu_118                          |   8|   0|    8|          0|
    |sext_ln80_cast_reg_388            |  46|   0|   46|          0|
    |tmp_2_reg_447                     |  18|   0|   18|          0|
    |trunc_ln80_reg_402                |   3|   0|    3|          0|
    +----------------------------------+----+----+-----+-----------+
    |Total                             |  80|   0|   80|          0|
    +----------------------------------+----+----+-----+-----------+



================================================================
== Interface
================================================================
* Summary: 
+------------------------+-----+-----+------------+---------------------------------------+--------------+
|        RTL Ports       | Dir | Bits|  Protocol  |             Source Object             |    C Type    |
+------------------------+-----+-----+------------+---------------------------------------+--------------+
|ap_clk                  |   in|    1|  ap_ctrl_hs|  lut_softmax_kernel_Pipeline_norm_loop|  return value|
|ap_rst                  |   in|    1|  ap_ctrl_hs|  lut_softmax_kernel_Pipeline_norm_loop|  return value|
|ap_start                |   in|    1|  ap_ctrl_hs|  lut_softmax_kernel_Pipeline_norm_loop|  return value|
|ap_done                 |  out|    1|  ap_ctrl_hs|  lut_softmax_kernel_Pipeline_norm_loop|  return value|
|ap_idle                 |  out|    1|  ap_ctrl_hs|  lut_softmax_kernel_Pipeline_norm_loop|  return value|
|ap_ready                |  out|    1|  ap_ctrl_hs|  lut_softmax_kernel_Pipeline_norm_loop|  return value|
|m_axi_gmem1_0_AWVALID   |  out|    1|       m_axi|                                  gmem1|       pointer|
|m_axi_gmem1_0_AWREADY   |   in|    1|       m_axi|                                  gmem1|       pointer|
|m_axi_gmem1_0_AWADDR    |  out|   64|       m_axi|                                  gmem1|       pointer|
|m_axi_gmem1_0_AWID      |  out|    1|       m_axi|                                  gmem1|       pointer|
|m_axi_gmem1_0_AWLEN     |  out|   32|       m_axi|                                  gmem1|       pointer|
|m_axi_gmem1_0_AWSIZE    |  out|    3|       m_axi|                                  gmem1|       pointer|
|m_axi_gmem1_0_AWBURST   |  out|    2|       m_axi|                                  gmem1|       pointer|
|m_axi_gmem1_0_AWLOCK    |  out|    2|       m_axi|                                  gmem1|       pointer|
|m_axi_gmem1_0_AWCACHE   |  out|    4|       m_axi|                                  gmem1|       pointer|
|m_axi_gmem1_0_AWPROT    |  out|    3|       m_axi|                                  gmem1|       pointer|
|m_axi_gmem1_0_AWQOS     |  out|    4|       m_axi|                                  gmem1|       pointer|
|m_axi_gmem1_0_AWREGION  |  out|    4|       m_axi|                                  gmem1|       pointer|
|m_axi_gmem1_0_AWUSER    |  out|    1|       m_axi|                                  gmem1|       pointer|
|m_axi_gmem1_0_WVALID    |  out|    1|       m_axi|                                  gmem1|       pointer|
|m_axi_gmem1_0_WREADY    |   in|    1|       m_axi|                                  gmem1|       pointer|
|m_axi_gmem1_0_WDATA     |  out|   32|       m_axi|                                  gmem1|       pointer|
|m_axi_gmem1_0_WSTRB     |  out|    4|       m_axi|                                  gmem1|       pointer|
|m_axi_gmem1_0_WLAST     |  out|    1|       m_axi|                                  gmem1|       pointer|
|m_axi_gmem1_0_WID       |  out|    1|       m_axi|                                  gmem1|       pointer|
|m_axi_gmem1_0_WUSER     |  out|    1|       m_axi|                                  gmem1|       pointer|
|m_axi_gmem1_0_ARVALID   |  out|    1|       m_axi|                                  gmem1|       pointer|
|m_axi_gmem1_0_ARREADY   |   in|    1|       m_axi|                                  gmem1|       pointer|
|m_axi_gmem1_0_ARADDR    |  out|   64|       m_axi|                                  gmem1|       pointer|
|m_axi_gmem1_0_ARID      |  out|    1|       m_axi|                                  gmem1|       pointer|
|m_axi_gmem1_0_ARLEN     |  out|   32|       m_axi|                                  gmem1|       pointer|
|m_axi_gmem1_0_ARSIZE    |  out|    3|       m_axi|                                  gmem1|       pointer|
|m_axi_gmem1_0_ARBURST   |  out|    2|       m_axi|                                  gmem1|       pointer|
|m_axi_gmem1_0_ARLOCK    |  out|    2|       m_axi|                                  gmem1|       pointer|
|m_axi_gmem1_0_ARCACHE   |  out|    4|       m_axi|                                  gmem1|       pointer|
|m_axi_gmem1_0_ARPROT    |  out|    3|       m_axi|                                  gmem1|       pointer|
|m_axi_gmem1_0_ARQOS     |  out|    4|       m_axi|                                  gmem1|       pointer|
|m_axi_gmem1_0_ARREGION  |  out|    4|       m_axi|                                  gmem1|       pointer|
|m_axi_gmem1_0_ARUSER    |  out|    1|       m_axi|                                  gmem1|       pointer|
|m_axi_gmem1_0_RVALID    |   in|    1|       m_axi|                                  gmem1|       pointer|
|m_axi_gmem1_0_RREADY    |  out|    1|       m_axi|                                  gmem1|       pointer|
|m_axi_gmem1_0_RDATA     |   in|   32|       m_axi|                                  gmem1|       pointer|
|m_axi_gmem1_0_RLAST     |   in|    1|       m_axi|                                  gmem1|       pointer|
|m_axi_gmem1_0_RID       |   in|    1|       m_axi|                                  gmem1|       pointer|
|m_axi_gmem1_0_RFIFONUM  |   in|    9|       m_axi|                                  gmem1|       pointer|
|m_axi_gmem1_0_RUSER     |   in|    1|       m_axi|                                  gmem1|       pointer|
|m_axi_gmem1_0_RRESP     |   in|    2|       m_axi|                                  gmem1|       pointer|
|m_axi_gmem1_0_BVALID    |   in|    1|       m_axi|                                  gmem1|       pointer|
|m_axi_gmem1_0_BREADY    |  out|    1|       m_axi|                                  gmem1|       pointer|
|m_axi_gmem1_0_BRESP     |   in|    2|       m_axi|                                  gmem1|       pointer|
|m_axi_gmem1_0_BID       |   in|    1|       m_axi|                                  gmem1|       pointer|
|m_axi_gmem1_0_BUSER     |   in|    1|       m_axi|                                  gmem1|       pointer|
|sext_ln56               |   in|   62|     ap_none|                              sext_ln56|        scalar|
|exp_buf_address0        |  out|    4|   ap_memory|                                exp_buf|         array|
|exp_buf_ce0             |  out|    1|   ap_memory|                                exp_buf|         array|
|exp_buf_q0              |   in|   17|   ap_memory|                                exp_buf|         array|
|exp_buf_1_address0      |  out|    4|   ap_memory|                              exp_buf_1|         array|
|exp_buf_1_ce0           |  out|    1|   ap_memory|                              exp_buf_1|         array|
|exp_buf_1_q0            |   in|   17|   ap_memory|                              exp_buf_1|         array|
|exp_buf_2_address0      |  out|    4|   ap_memory|                              exp_buf_2|         array|
|exp_buf_2_ce0           |  out|    1|   ap_memory|                              exp_buf_2|         array|
|exp_buf_2_q0            |   in|   17|   ap_memory|                              exp_buf_2|         array|
|exp_buf_3_address0      |  out|    4|   ap_memory|                              exp_buf_3|         array|
|exp_buf_3_ce0           |  out|    1|   ap_memory|                              exp_buf_3|         array|
|exp_buf_3_q0            |   in|   17|   ap_memory|                              exp_buf_3|         array|
|exp_buf_4_address0      |  out|    4|   ap_memory|                              exp_buf_4|         array|
|exp_buf_4_ce0           |  out|    1|   ap_memory|                              exp_buf_4|         array|
|exp_buf_4_q0            |   in|   17|   ap_memory|                              exp_buf_4|         array|
|exp_buf_5_address0      |  out|    4|   ap_memory|                              exp_buf_5|         array|
|exp_buf_5_ce0           |  out|    1|   ap_memory|                              exp_buf_5|         array|
|exp_buf_5_q0            |   in|   17|   ap_memory|                              exp_buf_5|         array|
|exp_buf_6_address0      |  out|    4|   ap_memory|                              exp_buf_6|         array|
|exp_buf_6_ce0           |  out|    1|   ap_memory|                              exp_buf_6|         array|
|exp_buf_6_q0            |   in|   17|   ap_memory|                              exp_buf_6|         array|
|exp_buf_7_address0      |  out|    4|   ap_memory|                              exp_buf_7|         array|
|exp_buf_7_ce0           |  out|    1|   ap_memory|                              exp_buf_7|         array|
|exp_buf_7_q0            |   in|   17|   ap_memory|                              exp_buf_7|         array|
|sext_ln80               |   in|   32|     ap_none|                              sext_ln80|        scalar|
+------------------------+-----+-----+------------+---------------------------------------+--------------+

