================================================================
== Design Size Report
================================================================

* Total Instructions per Compilation Phase
+---------------+----------------------------+--------------+----------------------------------------------------------------------------------------+
| Phase         | Step                       | Instructions | Description                                                                            |
+---------------+----------------------------+--------------+----------------------------------------------------------------------------------------+
| Compile/Link  |                            | 8,341        | After all functions are compiled and linked into a single design                       |
|               |                            |              |                                                                                        |
| Unroll/Inline |                            |              | After user unroll and inline pragmas are applied                                       |
|               | (1) unroll                 |   362        | user unroll pragmas are applied                                                        |
|               | (2) simplification         |   122        | simplification of applied user unroll pragmas                                          |
|               | (3) inline                 |   118        | user inline pragmas are applied                                                        |
|               | (4) simplification         |   118        | simplification of applied user inline pragmas                                          |
|               |                            |              |                                                                                        |
| Array/Struct  |                            |              | After user array partition and struct aggregate/disaggregate pragmas are applied       |
|               | (1) array partition        |   122        | user array partition pragmas are applied                                               |
|               | (2) simplification         |   122        | simplification of applied user array partition & struct aggregate/disaggregate pragmas |
|               | (3) aggregate/disaggregate |   122        | user struct aggregate/disaggregate pragmas are applied                                 |
|               | (4) array reshape          |   122        | apply array reshape pragmas                                                            |
|               | (5) access patterns        |   134        | array access pattern optmizations                                                      |
|               |                            |              |                                                                                        |
| Performance   |                            |              | After transformations are applied to meet performance pragma targets                   |
|               | (1) loop simplification    |   130        | loop and instruction simplification                                                    |
|               | (2) parallelization        |   127        | loops are unrolled or pipelined to meet performance targets                            |
|               | (3) array partition        |   127        | arrays are partitioned to meet performance targets                                     |
|               | (4) simplification         |   127        | simplification of design after performance transformations                             |
|               |                            |              |                                                                                        |
| HW Transforms |                            |              | After hardware transfomations                                                          |
|               | (1) lowering               |   139        | initial conversion to HW specific instructions                                         |
|               | (2) optimizations          |   147        | high level synthesis optimizations                                                     |
+---------------+----------------------------+--------------+----------------------------------------------------------------------------------------+

* Instructions per Function for each Compilation Phase
+------------------------+---------------+-----------------+---------------+--------------+-------------+---------------+
| Function               | Location      | Compile/Link    | Unroll/Inline | Array/Struct | Performance | HW Transforms |
+------------------------+---------------+-----------------+---------------+--------------+-------------+---------------+
| + rmsnorm_rsqrt_kernel | kernel.cpp:41 | 8,341           | 118           | 134          | 127         | 147           |
|    rsqrt_lut_init      | kernel.cpp:13 | 2,941           |               |              |             |               |
|    nr_rsqrt_step       | kernel.cpp:34 | 3,276 (2 calls) |               |              |             |               |
+------------------------+---------------+-----------------+---------------+--------------+-------------+---------------+

* Design Size Message Settings
+---------------------------------------------+--------+------------------------------------------------------------------+
| Message Setting                             | Value  | Description                                                      |
+---------------------------------------------+--------+------------------------------------------------------------------+
| config_compile -design_size_maximum_warning | 100000 | Show a warning when total design instructions exceeds this value |
+---------------------------------------------+--------+------------------------------------------------------------------+


