================================================================
== Design Size Report
================================================================

* Total Instructions per Compilation Phase
+---------------+----------------------------+--------------+----------------------------------------------------------------------------------------+
| Phase         | Step                       | Instructions | Description                                                                            |
+---------------+----------------------------+--------------+----------------------------------------------------------------------------------------+
| Compile/Link  |                            | 3,634        | After all functions are compiled and linked into a single design                       |
|               |                            |              |                                                                                        |
| Unroll/Inline |                            |              | After user unroll and inline pragmas are applied                                       |
|               | (1) unroll                 |   238        | user unroll pragmas are applied                                                        |
|               | (2) simplification         |    97        | simplification of applied user unroll pragmas                                          |
|               | (3) inline                 |    94        | user inline pragmas are applied                                                        |
|               | (4) simplification         |    85        | simplification of applied user inline pragmas                                          |
|               |                            |              |                                                                                        |
| Array/Struct  |                            |              | After user array partition and struct aggregate/disaggregate pragmas are applied       |
|               | (1) array partition        |    87        | user array partition pragmas are applied                                               |
|               | (2) simplification         |    87        | simplification of applied user array partition & struct aggregate/disaggregate pragmas |
|               | (3) aggregate/disaggregate |    87        | user struct aggregate/disaggregate pragmas are applied                                 |
|               | (4) array reshape          |    87        | apply array reshape pragmas                                                            |
|               | (5) access patterns        |    91        | array access pattern optmizations                                                      |
|               |                            |              |                                                                                        |
| Performance   |                            |              | After transformations are applied to meet performance pragma targets                   |
|               | (1) loop simplification    |    89        | loop and instruction simplification                                                    |
|               | (2) parallelization        |    89        | loops are unrolled or pipelined to meet performance targets                            |
|               | (3) array partition        |    89        | arrays are partitioned to meet performance targets                                     |
|               | (4) simplification         |    89        | simplification of design after performance transformations                             |
|               |                            |              |                                                                                        |
| HW Transforms |                            |              | After hardware transfomations                                                          |
|               | (1) lowering               |    95        | initial conversion to HW specific instructions                                         |
|               | (2) optimizations          |    99        | high level synthesis optimizations                                                     |
+---------------+----------------------------+--------------+----------------------------------------------------------------------------------------+

* Instructions per Function for each Compilation Phase
+--------------------+---------------+--------------+---------------+--------------+-------------+---------------+
| Function           | Location      | Compile/Link | Unroll/Inline | Array/Struct | Performance | HW Transforms |
+--------------------+---------------+--------------+---------------+--------------+-------------+---------------+
| + gelu_pwl_kernel  | kernel.cpp:35 | 3,634        | 85            | 91           | 89          | 99            |
|    gelu_pwl_scalar | kernel.cpp:10 | 3,604        |               |              |             |               |
+--------------------+---------------+--------------+---------------+--------------+-------------+---------------+

* Design Size Message Settings
+---------------------------------------------+--------+------------------------------------------------------------------+
| Message Setting                             | Value  | Description                                                      |
+---------------------------------------------+--------+------------------------------------------------------------------+
| config_compile -design_size_maximum_warning | 100000 | Show a warning when total design instructions exceeds this value |
+---------------------------------------------+--------+------------------------------------------------------------------+


