

================================================================
== Vitis HLS Report for 'gelu_pwl_kernel'
================================================================
* Date:           Wed May  6 23:21:45 2026

* Version:        2025.2 (Build 6295257 on Nov 14 2025)
* Project:        gelu_pwl_kernel
* Solution:       hls (Vivado IP Flow Target)
* Product family: virtexuplus
* Target device:  xcvu9p-flga2104-2-i


================================================================
== Performance Estimates
================================================================
+ Timing: 
    * Summary: 
    +--------+----------+----------+------------+
    |  Clock |  Target  | Estimated| Uncertainty|
    +--------+----------+----------+------------+
    |ap_clk  |  10.00 ns|  7.300 ns|     2.70 ns|
    +--------+----------+----------+------------+

+ Latency: 
    * Summary: 
    +---------+---------+-----------+-----------+------+------+------------------------------------------------+
    |  Latency (cycles) |   Latency (absolute)  |   Interval  |                    Pipeline                    |
    |   min   |   max   |    min    |    max    |  min |  max |                      Type                      |
    +---------+---------+-----------+-----------+------+------+------------------------------------------------+
    |     4114|     4114|  41.140 us|  41.140 us|  4096|  4096|  loop auto-rewind stp (delay=0 clock cycles(s))|
    +---------+---------+-----------+-----------+------+------+------------------------------------------------+

    + Detail: 
        * Instance: 
        N/A

        * Loop: 
        +---------------+---------+---------+----------+-----------+-----------+------+----------+
        |               |  Latency (cycles) | Iteration|  Initiation Interval  | Trip |          |
        |   Loop Name   |   min   |   max   |  Latency |  achieved |   target  | Count| Pipelined|
        +---------------+---------+---------+----------+-----------+-----------+------+----------+
        |- vector_loop  |     4112|     4112|        18|          1|          1|  4096|       yes|
        +---------------+---------+---------+----------+-----------+-----------+------+----------+



================================================================
== Utilization Estimates
================================================================
* Summary: 
+---------------------+---------+------+---------+---------+-----+
|         Name        | BRAM_18K|  DSP |    FF   |   LUT   | URAM|
+---------------------+---------+------+---------+---------+-----+
|DSP                  |        -|     -|        -|        -|    -|
|Expression           |        -|     -|        0|      314|    -|
|FIFO                 |        -|     -|        -|        -|    -|
|Instance             |        1|     2|     1349|     1793|    0|
|Memory               |        0|     -|       16|       17|    -|
|Multiplexer          |        -|     -|        0|       81|    -|
|Register             |        -|     -|      441|       96|    -|
+---------------------+---------+------+---------+---------+-----+
|Total                |        1|     2|     1806|     2301|    0|
+---------------------+---------+------+---------+---------+-----+
|Available SLR        |     1440|  2280|   788160|   394080|  320|
+---------------------+---------+------+---------+---------+-----+
|Utilization SLR (%)  |       ~0|    ~0|       ~0|       ~0|    0|
+---------------------+---------+------+---------+---------+-----+
|Available            |     4320|  6840|  2364480|  1182240|  960|
+---------------------+---------+------+---------+---------+-----+
|Utilization (%)      |       ~0|    ~0|       ~0|       ~0|    0|
+---------------------+---------+------+---------+---------+-----+

+ Detail: 
    * Instance: 
    +-------------------------+----------------------+---------+----+-----+-----+-----+
    |         Instance        |        Module        | BRAM_18K| DSP|  FF | LUT | URAM|
    +-------------------------+----------------------+---------+----+-----+-----+-----+
    |control_s_axi_U          |control_s_axi         |        0|   0|  176|  296|    0|
    |gmem0_m_axi_U            |gmem0_m_axi           |        1|   0|  629|  747|    0|
    |gmem1_m_axi_U            |gmem1_m_axi           |        0|   0|  544|  699|    0|
    |mul_20s_24s_38_1_1_U1    |mul_20s_24s_38_1_1    |        0|   2|    0|   42|    0|
    |sparsemux_7_2_16_1_1_U2  |sparsemux_7_2_16_1_1  |        0|   0|    0|    9|    0|
    +-------------------------+----------------------+---------+----+-----+-----+-----+
    |Total                    |                      |        1|   2| 1349| 1793|    0|
    +-------------------------+----------------------+---------+----+-----+-----+-----+

    * DSP: 
    N/A

    * Memory: 
    +-------------+-----------------------+---------+----+----+-----+------+-----+------+-------------+
    |    Memory   |         Module        | BRAM_18K| FF | LUT| URAM| Words| Bits| Banks| W*Bits*Banks|
    +-------------+-----------------------+---------+----+----+-----+------+-----+------+-------------+
    |kGeluPwlY_U  |kGeluPwlY_ROM_AUTO_1R  |        0|  16|  17|    0|    17|   13|     1|          221|
    +-------------+-----------------------+---------+----+----+-----+------+-----+------+-------------+
    |Total        |                       |        0|  16|  17|    0|    17|   13|     1|          221|
    +-------------+-----------------------+---------+----+----+-----+------+-----+------+-------------+

    * FIFO: 
    N/A

    * Expression: 
    +-----------------------------------------+----------+----+---+----+------------+------------+
    |              Variable Name              | Operation| DSP| FF| LUT| Bitwidth P0| Bitwidth P1|
    +-----------------------------------------+----------+----+---+----+------------+------------+
    |add_ln22_fu_359_p2                       |         +|   0|  0|  15|           8|           1|
    |add_ln31_fu_456_p2                       |         +|   0|  0|  12|           5|           1|
    |add_ln32_fu_558_p2                       |         +|   0|  0|  45|          38|          38|
    |i_2_fu_259_p2                            |         +|   0|  0|  19|          12|           1|
    |scaled_fu_327_p2                         |         +|   0|  0|  31|          24|          20|
    |frac_fu_445_p2                           |         -|   0|  0|  31|          24|          24|
    |sub_ln32_fu_531_p2                       |         -|   0|  0|  27|          20|          20|
    |and_ln15_fu_473_p2                       |       and|   0|  0|   2|           1|           1|
    |ap_block_state12_io_grp1                 |       and|   0|  0|   2|           1|           1|
    |ap_block_state18_pp0_stage0_iter17_grp1  |       and|   0|  0|   2|           1|           1|
    |ap_block_state2_io_grp1                  |       and|   0|  0|   2|           1|           1|
    |ap_condition_571                         |       and|   0|  0|   2|           1|           1|
    |ap_condition_858                         |       and|   0|  0|   2|           1|           1|
    |icmp_ln12_fu_306_p2                      |      icmp|   0|  0|  23|          16|          13|
    |icmp_ln15_fu_311_p2                      |      icmp|   0|  0|  12|           4|           1|
    |icmp_ln22_fu_353_p2                      |      icmp|   0|  0|  23|          16|           1|
    |icmp_ln26_fu_415_p2                      |      icmp|   0|  0|  10|           3|           1|
    |icmp_ln45_fu_265_p2                      |      icmp|   0|  0|  19|          12|           2|
    |ap_block_pp0_stage0_01001_grp1           |        or|   0|  0|   2|           1|           1|
    |ap_block_pp0_stage0_11001                |        or|   0|  0|   2|           1|           1|
    |idx_1_fu_393_p3                          |    select|   0|  0|   7|           1|           1|
    |idx_2_fu_421_p3                          |    select|   0|  0|   4|           1|           2|
    |idx_fu_373_p3                            |    select|   0|  0|   8|           1|           8|
    |select_ln22_fu_365_p3                    |    select|   0|  0|   8|           1|           8|
    |ap_enable_pp0                            |       xor|   0|  0|   2|           1|           2|
    |xor_ln12_fu_467_p2                       |       xor|   0|  0|   2|           1|           2|
    +-----------------------------------------+----------+----+---+----+------------+------------+
    |Total                                    |          |   0|  0| 314|         196|         154|
    +-----------------------------------------+----------+----+---+----+------------+------------+

    * Multiplexer: 
    +-----------------------------------+----+-----------+-----+-----------+
    |                Name               | LUT| Input Size| Bits| Total Bits|
    +-----------------------------------+----+-----------+-----+-----------+
    |ap_done_int                        |   9|          2|    1|          2|
    |ap_loop_exit_ready_pp0_iter17_reg  |   9|          2|    1|          2|
    |ap_sig_allocacmp_i_load            |   9|          2|   12|         24|
    |gmem0_blk_n_AR                     |   9|          2|    1|          2|
    |gmem0_blk_n_R                      |   9|          2|    1|          2|
    |gmem1_blk_n_AW                     |   9|          2|    1|          2|
    |gmem1_blk_n_B                      |   9|          2|    1|          2|
    |gmem1_blk_n_W                      |   9|          2|    1|          2|
    |i_fu_162                           |   9|          2|   12|         24|
    +-----------------------------------+----+-----------+-----+-----------+
    |Total                              |  81|         18|   31|         62|
    +-----------------------------------+----+-----------+-----+-----------+

    * Register: 
    +-----------------------------------+----+----+-----+-----------+
    |                Name               | FF | LUT| Bits| Const Bits|
    +-----------------------------------+----+----+-----+-----------+
    |ap_CS_fsm                          |   1|   0|    1|          0|
    |ap_done_reg                        |   1|   0|    1|          0|
    |ap_enable_reg_pp0_iter1            |   1|   0|    1|          0|
    |ap_enable_reg_pp0_iter10           |   1|   0|    1|          0|
    |ap_enable_reg_pp0_iter11           |   1|   0|    1|          0|
    |ap_enable_reg_pp0_iter12           |   1|   0|    1|          0|
    |ap_enable_reg_pp0_iter13           |   1|   0|    1|          0|
    |ap_enable_reg_pp0_iter14           |   1|   0|    1|          0|
    |ap_enable_reg_pp0_iter15           |   1|   0|    1|          0|
    |ap_enable_reg_pp0_iter16           |   1|   0|    1|          0|
    |ap_enable_reg_pp0_iter17           |   1|   0|    1|          0|
    |ap_enable_reg_pp0_iter2            |   1|   0|    1|          0|
    |ap_enable_reg_pp0_iter3            |   1|   0|    1|          0|
    |ap_enable_reg_pp0_iter4            |   1|   0|    1|          0|
    |ap_enable_reg_pp0_iter5            |   1|   0|    1|          0|
    |ap_enable_reg_pp0_iter6            |   1|   0|    1|          0|
    |ap_enable_reg_pp0_iter7            |   1|   0|    1|          0|
    |ap_enable_reg_pp0_iter8            |   1|   0|    1|          0|
    |ap_enable_reg_pp0_iter9            |   1|   0|    1|          0|
    |ap_loop_exit_ready_pp0_iter10_reg  |   1|   0|    1|          0|
    |ap_loop_exit_ready_pp0_iter11_reg  |   1|   0|    1|          0|
    |ap_loop_exit_ready_pp0_iter12_reg  |   1|   0|    1|          0|
    |ap_loop_exit_ready_pp0_iter13_reg  |   1|   0|    1|          0|
    |ap_loop_exit_ready_pp0_iter14_reg  |   1|   0|    1|          0|
    |ap_loop_exit_ready_pp0_iter15_reg  |   1|   0|    1|          0|
    |ap_loop_exit_ready_pp0_iter16_reg  |   1|   0|    1|          0|
    |ap_loop_exit_ready_pp0_iter17_reg  |   1|   0|    1|          0|
    |ap_loop_exit_ready_pp0_iter1_reg   |   1|   0|    1|          0|
    |ap_loop_exit_ready_pp0_iter2_reg   |   1|   0|    1|          0|
    |ap_loop_exit_ready_pp0_iter3_reg   |   1|   0|    1|          0|
    |ap_loop_exit_ready_pp0_iter4_reg   |   1|   0|    1|          0|
    |ap_loop_exit_ready_pp0_iter5_reg   |   1|   0|    1|          0|
    |ap_loop_exit_ready_pp0_iter6_reg   |   1|   0|    1|          0|
    |ap_loop_exit_ready_pp0_iter7_reg   |   1|   0|    1|          0|
    |ap_loop_exit_ready_pp0_iter8_reg   |   1|   0|    1|          0|
    |ap_loop_exit_ready_pp0_iter9_reg   |   1|   0|    1|          0|
    |first_iter_0_reg_235               |   1|   0|    1|          0|
    |frac_reg_631                       |  17|   0|   24|          7|
    |i_fu_162                           |  12|   0|   12|          0|
    |icmp_ln45_reg_609                  |   1|   0|    1|          0|
    |input_r_read_reg_604               |  64|   0|   64|          0|
    |output_r_read_reg_599              |  64|   0|   64|          0|
    |ref_tmp_reg_657                    |  16|   0|   16|          0|
    |sel_tmp2_reg_646                   |   2|   0|    2|          0|
    |tmp_1_reg_626                      |   4|   0|    4|          0|
    |x_reg_619                          |  16|   0|   16|          0|
    |x_reg_619_pp0_iter10_reg           |  16|   0|   16|          0|
    |first_iter_0_reg_235               |  64|  32|    1|          0|
    |icmp_ln45_reg_609                  |  64|  32|    1|          0|
    |output_r_read_reg_599              |  64|  32|   64|          0|
    +-----------------------------------+----+----+-----+-----------+
    |Total                              | 441|  96|  322|          7|
    +-----------------------------------+----+----+-----+-----------+



================================================================
== Interface
================================================================
* Summary: 
+-----------------------+-----+-----+------------+-----------------+--------------+
|       RTL Ports       | Dir | Bits|  Protocol  |  Source Object  |    C Type    |
+-----------------------+-----+-----+------------+-----------------+--------------+
|s_axi_control_AWVALID  |   in|    1|       s_axi|          control|        scalar|
|s_axi_control_AWREADY  |  out|    1|       s_axi|          control|        scalar|
|s_axi_control_AWADDR   |   in|    6|       s_axi|          control|        scalar|
|s_axi_control_WVALID   |   in|    1|       s_axi|          control|        scalar|
|s_axi_control_WREADY   |  out|    1|       s_axi|          control|        scalar|
|s_axi_control_WDATA    |   in|   32|       s_axi|          control|        scalar|
|s_axi_control_WSTRB    |   in|    4|       s_axi|          control|        scalar|
|s_axi_control_ARVALID  |   in|    1|       s_axi|          control|        scalar|
|s_axi_control_ARREADY  |  out|    1|       s_axi|          control|        scalar|
|s_axi_control_ARADDR   |   in|    6|       s_axi|          control|        scalar|
|s_axi_control_RVALID   |  out|    1|       s_axi|          control|        scalar|
|s_axi_control_RREADY   |   in|    1|       s_axi|          control|        scalar|
|s_axi_control_RDATA    |  out|   32|       s_axi|          control|        scalar|
|s_axi_control_RRESP    |  out|    2|       s_axi|          control|        scalar|
|s_axi_control_BVALID   |  out|    1|       s_axi|          control|        scalar|
|s_axi_control_BREADY   |   in|    1|       s_axi|          control|        scalar|
|s_axi_control_BRESP    |  out|    2|       s_axi|          control|        scalar|
|ap_clk                 |   in|    1|  ap_ctrl_hs|  gelu_pwl_kernel|  return value|
|ap_rst_n               |   in|    1|  ap_ctrl_hs|  gelu_pwl_kernel|  return value|
|interrupt              |  out|    1|  ap_ctrl_hs|  gelu_pwl_kernel|  return value|
|m_axi_gmem0_AWVALID    |  out|    1|       m_axi|            gmem0|       pointer|
|m_axi_gmem0_AWREADY    |   in|    1|       m_axi|            gmem0|       pointer|
|m_axi_gmem0_AWADDR     |  out|   64|       m_axi|            gmem0|       pointer|
|m_axi_gmem0_AWID       |  out|    1|       m_axi|            gmem0|       pointer|
|m_axi_gmem0_AWLEN      |  out|    8|       m_axi|            gmem0|       pointer|
|m_axi_gmem0_AWSIZE     |  out|    3|       m_axi|            gmem0|       pointer|
|m_axi_gmem0_AWBURST    |  out|    2|       m_axi|            gmem0|       pointer|
|m_axi_gmem0_AWLOCK     |  out|    2|       m_axi|            gmem0|       pointer|
|m_axi_gmem0_AWCACHE    |  out|    4|       m_axi|            gmem0|       pointer|
|m_axi_gmem0_AWPROT     |  out|    3|       m_axi|            gmem0|       pointer|
|m_axi_gmem0_AWQOS      |  out|    4|       m_axi|            gmem0|       pointer|
|m_axi_gmem0_AWREGION   |  out|    4|       m_axi|            gmem0|       pointer|
|m_axi_gmem0_AWUSER     |  out|    1|       m_axi|            gmem0|       pointer|
|m_axi_gmem0_WVALID     |  out|    1|       m_axi|            gmem0|       pointer|
|m_axi_gmem0_WREADY     |   in|    1|       m_axi|            gmem0|       pointer|
|m_axi_gmem0_WDATA      |  out|   32|       m_axi|            gmem0|       pointer|
|m_axi_gmem0_WSTRB      |  out|    4|       m_axi|            gmem0|       pointer|
|m_axi_gmem0_WLAST      |  out|    1|       m_axi|            gmem0|       pointer|
|m_axi_gmem0_WID        |  out|    1|       m_axi|            gmem0|       pointer|
|m_axi_gmem0_WUSER      |  out|    1|       m_axi|            gmem0|       pointer|
|m_axi_gmem0_ARVALID    |  out|    1|       m_axi|            gmem0|       pointer|
|m_axi_gmem0_ARREADY    |   in|    1|       m_axi|            gmem0|       pointer|
|m_axi_gmem0_ARADDR     |  out|   64|       m_axi|            gmem0|       pointer|
|m_axi_gmem0_ARID       |  out|    1|       m_axi|            gmem0|       pointer|
|m_axi_gmem0_ARLEN      |  out|    8|       m_axi|            gmem0|       pointer|
|m_axi_gmem0_ARSIZE     |  out|    3|       m_axi|            gmem0|       pointer|
|m_axi_gmem0_ARBURST    |  out|    2|       m_axi|            gmem0|       pointer|
|m_axi_gmem0_ARLOCK     |  out|    2|       m_axi|            gmem0|       pointer|
|m_axi_gmem0_ARCACHE    |  out|    4|       m_axi|            gmem0|       pointer|
|m_axi_gmem0_ARPROT     |  out|    3|       m_axi|            gmem0|       pointer|
|m_axi_gmem0_ARQOS      |  out|    4|       m_axi|            gmem0|       pointer|
|m_axi_gmem0_ARREGION   |  out|    4|       m_axi|            gmem0|       pointer|
|m_axi_gmem0_ARUSER     |  out|    1|       m_axi|            gmem0|       pointer|
|m_axi_gmem0_RVALID     |   in|    1|       m_axi|            gmem0|       pointer|
|m_axi_gmem0_RREADY     |  out|    1|       m_axi|            gmem0|       pointer|
|m_axi_gmem0_RDATA      |   in|   32|       m_axi|            gmem0|       pointer|
|m_axi_gmem0_RLAST      |   in|    1|       m_axi|            gmem0|       pointer|
|m_axi_gmem0_RID        |   in|    1|       m_axi|            gmem0|       pointer|
|m_axi_gmem0_RUSER      |   in|    1|       m_axi|            gmem0|       pointer|
|m_axi_gmem0_RRESP      |   in|    2|       m_axi|            gmem0|       pointer|
|m_axi_gmem0_BVALID     |   in|    1|       m_axi|            gmem0|       pointer|
|m_axi_gmem0_BREADY     |  out|    1|       m_axi|            gmem0|       pointer|
|m_axi_gmem0_BRESP      |   in|    2|       m_axi|            gmem0|       pointer|
|m_axi_gmem0_BID        |   in|    1|       m_axi|            gmem0|       pointer|
|m_axi_gmem0_BUSER      |   in|    1|       m_axi|            gmem0|       pointer|
|m_axi_gmem1_AWVALID    |  out|    1|       m_axi|            gmem1|       pointer|
|m_axi_gmem1_AWREADY    |   in|    1|       m_axi|            gmem1|       pointer|
|m_axi_gmem1_AWADDR     |  out|   64|       m_axi|            gmem1|       pointer|
|m_axi_gmem1_AWID       |  out|    1|       m_axi|            gmem1|       pointer|
|m_axi_gmem1_AWLEN      |  out|    8|       m_axi|            gmem1|       pointer|
|m_axi_gmem1_AWSIZE     |  out|    3|       m_axi|            gmem1|       pointer|
|m_axi_gmem1_AWBURST    |  out|    2|       m_axi|            gmem1|       pointer|
|m_axi_gmem1_AWLOCK     |  out|    2|       m_axi|            gmem1|       pointer|
|m_axi_gmem1_AWCACHE    |  out|    4|       m_axi|            gmem1|       pointer|
|m_axi_gmem1_AWPROT     |  out|    3|       m_axi|            gmem1|       pointer|
|m_axi_gmem1_AWQOS      |  out|    4|       m_axi|            gmem1|       pointer|
|m_axi_gmem1_AWREGION   |  out|    4|       m_axi|            gmem1|       pointer|
|m_axi_gmem1_AWUSER     |  out|    1|       m_axi|            gmem1|       pointer|
|m_axi_gmem1_WVALID     |  out|    1|       m_axi|            gmem1|       pointer|
|m_axi_gmem1_WREADY     |   in|    1|       m_axi|            gmem1|       pointer|
|m_axi_gmem1_WDATA      |  out|   32|       m_axi|            gmem1|       pointer|
|m_axi_gmem1_WSTRB      |  out|    4|       m_axi|            gmem1|       pointer|
|m_axi_gmem1_WLAST      |  out|    1|       m_axi|            gmem1|       pointer|
|m_axi_gmem1_WID        |  out|    1|       m_axi|            gmem1|       pointer|
|m_axi_gmem1_WUSER      |  out|    1|       m_axi|            gmem1|       pointer|
|m_axi_gmem1_ARVALID    |  out|    1|       m_axi|            gmem1|       pointer|
|m_axi_gmem1_ARREADY    |   in|    1|       m_axi|            gmem1|       pointer|
|m_axi_gmem1_ARADDR     |  out|   64|       m_axi|            gmem1|       pointer|
|m_axi_gmem1_ARID       |  out|    1|       m_axi|            gmem1|       pointer|
|m_axi_gmem1_ARLEN      |  out|    8|       m_axi|            gmem1|       pointer|
|m_axi_gmem1_ARSIZE     |  out|    3|       m_axi|            gmem1|       pointer|
|m_axi_gmem1_ARBURST    |  out|    2|       m_axi|            gmem1|       pointer|
|m_axi_gmem1_ARLOCK     |  out|    2|       m_axi|            gmem1|       pointer|
|m_axi_gmem1_ARCACHE    |  out|    4|       m_axi|            gmem1|       pointer|
|m_axi_gmem1_ARPROT     |  out|    3|       m_axi|            gmem1|       pointer|
|m_axi_gmem1_ARQOS      |  out|    4|       m_axi|            gmem1|       pointer|
|m_axi_gmem1_ARREGION   |  out|    4|       m_axi|            gmem1|       pointer|
|m_axi_gmem1_ARUSER     |  out|    1|       m_axi|            gmem1|       pointer|
|m_axi_gmem1_RVALID     |   in|    1|       m_axi|            gmem1|       pointer|
|m_axi_gmem1_RREADY     |  out|    1|       m_axi|            gmem1|       pointer|
|m_axi_gmem1_RDATA      |   in|   32|       m_axi|            gmem1|       pointer|
|m_axi_gmem1_RLAST      |   in|    1|       m_axi|            gmem1|       pointer|
|m_axi_gmem1_RID        |   in|    1|       m_axi|            gmem1|       pointer|
|m_axi_gmem1_RUSER      |   in|    1|       m_axi|            gmem1|       pointer|
|m_axi_gmem1_RRESP      |   in|    2|       m_axi|            gmem1|       pointer|
|m_axi_gmem1_BVALID     |   in|    1|       m_axi|            gmem1|       pointer|
|m_axi_gmem1_BREADY     |  out|    1|       m_axi|            gmem1|       pointer|
|m_axi_gmem1_BRESP      |   in|    2|       m_axi|            gmem1|       pointer|
|m_axi_gmem1_BID        |   in|    1|       m_axi|            gmem1|       pointer|
|m_axi_gmem1_BUSER      |   in|    1|       m_axi|            gmem1|       pointer|
+-----------------------+-----+-----+------------+-----------------+--------------+

