

================================================================
== Synthesis Summary Report of 'exact_softmax_kernel'
================================================================
+ General Information: 
    * Date:           Thu May  7 00:20:22 2026
    * Version:        2025.2 (Build 6295257 on Nov 14 2025)
    * Project:        exact_softmax_kernel
    * Solution:       hls (Vivado IP Flow Target)
    * Product family: virtexuplus
    * Target device:  xcvu9p-flga2104-2-i
    

* Performance & Resource Estimates: 
+---------------------------------------------+--------+---------------+----------+---------+------+----------+---------+-----------+-------+---------+----------+------------+------------+-----+
|                   Modules                   |  Issue |               | Iteration|         | Trip |          |       Latency       |       |         |          |            |            |     |
|                   & Loops                   |  Type  | Violation Type|  Latency | Interval| Count| Pipelined| (cycles)|    (ns)   | Slack |  BRAM   |    DSP   |     FF     |     LUT    | URAM|
+---------------------------------------------+--------+---------------+----------+---------+------+----------+---------+-----------+-------+---------+----------+------------+------------+-----+
|+ exact_softmax_kernel                       |  Timing|              -|         -|     1728|     -|        no|     1727|  2.616e+04|  -7.84|  9 (~0%)|  14 (~0%)|  2892 (~0%)|  4133 (~0%)|    -|
| o row_loop                                  |       -|              -|       430|        -|     4|        no|     1720|  2.605e+04|   7.30|        -|         -|           -|           -|    -|
|  + exact_softmax_kernel_Pipeline_max_loop   |  Timing|              -|         -|        -|     -|       yes|      130|  1.300e+03|  -0.31|        -|         -|   110 (~0%)|   219 (~0%)|    -|
|   o max_loop                                |       -|              -|         3|        1|   127|       yes|      128|  1.280e+03|   7.30|        -|         -|           -|           -|    -|
|  + exact_softmax_kernel_Pipeline_exp_loop   |  Timing|              -|         -|        -|     -|       yes|      139|  2.105e+03|  -7.84|        -|  11 (~0%)|   852 (~0%)|  1380 (~0%)|    -|
|   o exp_loop                                |       -|              -|        11|        1|   128|       yes|      137|  2.075e+03|   7.30|        -|         -|           -|           -|    -|
|  + exact_softmax_kernel_Pipeline_norm_loop  |       -|              -|         -|        -|     -|       yes|      132|  1.320e+03|   0.00|        -|   3 (~0%)|   178 (~0%)|   200 (~0%)|    -|
|   o norm_loop                               |       -|              -|         4|        1|   128|       yes|      130|  1.300e+03|   7.30|        -|         -|           -|           -|    -|
+---------------------------------------------+--------+---------------+----------+---------+------+----------+---------+-----------+-------+---------+----------+------------+------------+-----+
    Name Prefix: '+' for module, 'o' for loop, '*' for dataflow


================================================================
== HW Interfaces
================================================================
* M_AXI
+-------------+------------+------------+---------------+---------+--------+----------+-----------+--------------+--------------+-------------+-------------+-------------------+
| Interface   | Read/Write | Data Width | Address Width | Latency | Offset | Register | Max Widen | Max Read     | Max Write    | Num Read    | Num Write   | Resource Estimate |
|             |            | (SW->HW)   |               |         |        |          | Bitwidth  | Burst Length | Burst Length | Outstanding | Outstanding |                   |
+-------------+------------+------------+---------------+---------+--------+----------+-----------+--------------+--------------+-------------+-------------+-------------------+
| m_axi_gmem0 | READ_ONLY  | 32 -> 32   | 64            | 0       | slave  | 0        | 0         | 16           | 16           | 16          | 16          | BRAM=1            |
| m_axi_gmem1 | WRITE_ONLY | 32 -> 32   | 64            | 0       | slave  | 0        | 0         | 16           | 16           | 16          | 16          |                   |
+-------------+------------+------------+---------------+---------+--------+----------+-----------+--------------+--------------+-------------+-------------+-------------------+

* S_AXILITE Interfaces
+---------------+------------+---------------+--------+----------+
| Interface     | Data Width | Address Width | Offset | Register |
+---------------+------------+---------------+--------+----------+
| s_axi_control | 32         | 6             | 16     | 0        |
+---------------+------------+---------------+--------+----------+

* S_AXILITE Registers
+---------------+------------+--------+-------+--------+----------------------------------+----------------------------------------------------------------------+
| Interface     | Register   | Offset | Width | Access | Description                      | Bit Fields                                                           |
+---------------+------------+--------+-------+--------+----------------------------------+----------------------------------------------------------------------+
| s_axi_control | CTRL       | 0x00   | 32    | RW     | Control signals                  | 0=AP_START 1=AP_DONE 2=AP_IDLE 3=AP_READY 7=AUTO_RESTART 9=INTERRUPT |
| s_axi_control | GIER       | 0x04   | 32    | RW     | Global Interrupt Enable Register | 0=Enable                                                             |
| s_axi_control | IP_IER     | 0x08   | 32    | RW     | IP Interrupt Enable Register     | 0=CHAN0_INT_EN 1=CHAN1_INT_EN                                        |
| s_axi_control | IP_ISR     | 0x0c   | 32    | RW     | IP Interrupt Status Register     | 0=CHAN0_INT_ST 1=CHAN1_INT_ST                                        |
| s_axi_control | input_r_1  | 0x10   | 32    | W      | Data signal of input_r           |                                                                      |
| s_axi_control | input_r_2  | 0x14   | 32    | W      | Data signal of input_r           |                                                                      |
| s_axi_control | output_r_1 | 0x1c   | 32    | W      | Data signal of output_r          |                                                                      |
| s_axi_control | output_r_2 | 0x20   | 32    | W      | Data signal of output_r          |                                                                      |
+---------------+------------+--------+-------+--------+----------------------------------+----------------------------------------------------------------------+

* TOP LEVEL CONTROL
+-----------+------------+-----------+
| Interface | Type       | Ports     |
+-----------+------------+-----------+
| ap_clk    | clock      | ap_clk    |
| ap_rst_n  | reset      | ap_rst_n  |
| interrupt | interrupt  | interrupt |
| ap_ctrl   | ap_ctrl_hs |           |
+-----------+------------+-----------+


================================================================
== SW I/O Information
================================================================
* Top Function Arguments
+----------+-----------+---------------+
| Argument | Direction | Datatype      |
+----------+-----------+---------------+
| input    | in        | float const * |
| output   | out       | float*        |
+----------+-----------+---------------+

* SW-to-HW Mapping
+----------+---------------+-----------+----------+--------------------------------------+
| Argument | HW Interface  | HW Type   | HW Usage | HW Info                              |
+----------+---------------+-----------+----------+--------------------------------------+
| input    | m_axi_gmem0   | interface |          | channel=0                            |
| input    | s_axi_control | register  | offset   | name=input_r_1 offset=0x10 range=32  |
| input    | s_axi_control | register  | offset   | name=input_r_2 offset=0x14 range=32  |
| output   | m_axi_gmem1   | interface |          | channel=0                            |
| output   | s_axi_control | register  | offset   | name=output_r_1 offset=0x1c range=32 |
| output   | s_axi_control | register  | offset   | name=output_r_2 offset=0x20 range=32 |
+----------+---------------+-----------+----------+--------------------------------------+


================================================================
== M_AXI Burst Information
================================================================
 Note: All burst requests might be further partitioned into multiple requests during RTL generation based on max_read_burst_length or max_write_burst_length settings.

* Inferred Burst Summary
+--------------+-----------+--------+-------+----------+------------------------------------------+
| HW Interface | Direction | Length | Width | Loop     | Loop Location                            |
+--------------+-----------+--------+-------+----------+------------------------------------------+
| m_axi_gmem0  | read      | 127    | 32    | max_loop | ../hls_src/exact_softmax/kernel.cpp:34:9 |
| m_axi_gmem0  | read      | 128    | 32    | exp_loop | ../hls_src/exact_softmax/kernel.cpp:44:9 |
| m_axi_gmem1  | write     | 512    | 32    | row_loop | ../hls_src/exact_softmax/kernel.cpp:31:5 |
+--------------+-----------+--------+-------+----------+------------------------------------------+

* All M_AXI Variable Accesses
+--------------+----------+-------------------------------------------+-----------+--------------+--------+-----------+------------------------------------------+------------+---------------------------------------------------------------------------------------------------------+
| HW Interface | Variable | Access Location                           | Direction | Burst Status | Length | Loop      | Loop Location                            | Resolution | Problem                                                                                                 |
+--------------+----------+-------------------------------------------+-----------+--------------+--------+-----------+------------------------------------------+------------+---------------------------------------------------------------------------------------------------------+
| m_axi_gmem0  | input    | ../hls_src/exact_softmax/kernel.cpp:32:39 | read      | Fail         |        | row_loop  | ../hls_src/exact_softmax/kernel.cpp:31:5 | 214-230    | Stride is incompatible                                                                                  |
| m_axi_gmem0  | input    | ../hls_src/exact_softmax/kernel.cpp:36:47 | read      | Widen Fail   |        | max_loop  | ../hls_src/exact_softmax/kernel.cpp:34:9 | 214-353    | Could not widen since type float size is greater than or equal to the max_widen_bitwidth threshold of 0 |
| m_axi_gmem0  | input    | ../hls_src/exact_softmax/kernel.cpp:36:47 | read      | Fail         |        | row_loop  | ../hls_src/exact_softmax/kernel.cpp:31:5 | 214-230    | Stride is incompatible                                                                                  |
| m_axi_gmem0  | input    | ../hls_src/exact_softmax/kernel.cpp:36:47 | read      | Inferred     | 127    | max_loop  | ../hls_src/exact_softmax/kernel.cpp:34:9 |            |                                                                                                         |
| m_axi_gmem0  | input    | ../hls_src/exact_softmax/kernel.cpp:46:49 | read      | Widen Fail   |        | exp_loop  | ../hls_src/exact_softmax/kernel.cpp:44:9 | 214-353    | Could not widen since type float size is greater than or equal to the max_widen_bitwidth threshold of 0 |
| m_axi_gmem0  | input    | ../hls_src/exact_softmax/kernel.cpp:46:49 | read      | Fail         |        |           |                                          | 214-231    | Access is clobbered by load                                                                             |
| m_axi_gmem0  | input    | ../hls_src/exact_softmax/kernel.cpp:46:49 | read      | Inferred     | 128    | exp_loop  | ../hls_src/exact_softmax/kernel.cpp:44:9 |            |                                                                                                         |
| m_axi_gmem1  | output   | ../hls_src/exact_softmax/kernel.cpp:56:26 | write     | Widen Fail   |        | norm_loop | ../hls_src/exact_softmax/kernel.cpp:54:9 | 214-353    | Could not widen since type float size is greater than or equal to the max_widen_bitwidth threshold of 0 |
| m_axi_gmem1  | output   | ../hls_src/exact_softmax/kernel.cpp:56:26 | write     | Inferred     | 512    | row_loop  | ../hls_src/exact_softmax/kernel.cpp:31:5 |            |                                                                                                         |
+--------------+----------+-------------------------------------------+-----------+--------------+--------+-----------+------------------------------------------+------------+---------------------------------------------------------------------------------------------------------+

    * Resolution URL: docs.amd.com/access/sources/dita/topic?Doc_Version=2025.2%20English&url=ug1448-hls-guidance&resourceid=XXX-YYY.html (replace XXX-YYY with column value)

================================================================
== Bind Op Report
================================================================
+--------------------------------------------+-----+--------+-------------+-----------+--------------------------+---------+
| Name                                       | DSP | Pragma | Variable    | Op        | Impl                     | Latency |
+--------------------------------------------+-----+--------+-------------+-----------+--------------------------+---------+
| + exact_softmax_kernel                     | 14  |        |             |           |                          |         |
|   icmp_ln31_fu_271_p2                      |     |        | icmp_ln31   | seteq     | auto                     | 0       |
|   add_ln31_fu_277_p2                       |     |        | add_ln31    | add       | fabric                   | 0       |
|   add_ln32_fu_299_p2                       |     |        | add_ln32    | add       | fabric                   | 0       |
|   add_ln32_1_fu_304_p2                     |     |        | add_ln32_1  | add       | fabric                   | 0       |
|   fdiv_32ns_32ns_32_6_no_dsp_1_U40         |     |        | inv_sum     | fdiv      | fabric                   | 5       |
|  + exact_softmax_kernel_Pipeline_max_loop  | 0   |        |             |           |                          |         |
|    icmp_ln34_fu_117_p2                     |     |        | icmp_ln34   | seteq     | auto                     | 0       |
|    icmp_ln37_fu_180_p2                     |     |        | icmp_ln37   | setne     | auto                     | 0       |
|    icmp_ln37_1_fu_185_p2                   |     |        | icmp_ln37_1 | seteq     | auto                     | 0       |
|    or_ln37_fu_190_p2                       |     |        | or_ln37     | or        | auto                     | 0       |
|    icmp_ln37_2_fu_196_p2                   |     |        | icmp_ln37_2 | setne     | auto                     | 0       |
|    icmp_ln37_3_fu_202_p2                   |     |        | icmp_ln37_3 | seteq     | auto                     | 0       |
|    or_ln37_1_fu_208_p2                     |     |        | or_ln37_1   | or        | auto                     | 0       |
|    fcmp_32ns_32ns_1_1_no_dsp_1_U1          |     |        | tmp_3       | fcmp      | auto                     | 0       |
|    and_ln37_fu_214_p2                      |     |        | and_ln37    | and       | auto                     | 0       |
|    and_ln37_1_fu_220_p2                    |     |        | and_ln37_1  | and       | auto                     | 0       |
|    row_max_3_fu_226_p3                     |     |        | row_max_3   | select    | auto_sel                 | 0       |
|    add_ln34_fu_123_p2                      |     |        | add_ln34    | add       | fabric                   | 0       |
|  + exact_softmax_kernel_Pipeline_exp_loop  | 11  |        |             |           |                          |         |
|    icmp_ln44_fu_306_p2                     |     |        | icmp_ln44   | seteq     | auto                     | 0       |
|    add_ln44_fu_312_p2                      |     |        | add_ln44    | add       | fabric                   | 0       |
|    fsub_32ns_32ns_32_3_full_dsp_1_U7       | 2   |        | shifted     | fsub      | fulldsp                  | 2       |
|    fexp_32ns_32ns_32_4_full_dsp_1_U9       | 7   |        | e           | fexp      | fulldsp                  | 3       |
|    fadd_32ns_32ns_32_2_full_dsp_1_U8       | 2   |        | sum_1       | fadd      | fulldsp                  | 1       |
|  + exact_softmax_kernel_Pipeline_norm_loop | 3   |        |             |           |                          |         |
|    icmp_ln54_fu_252_p2                     |     |        | icmp_ln54   | seteq     | auto                     | 0       |
|    add_ln54_fu_258_p2                      |     |        | add_ln54    | add       | fabric                   | 0       |
|    sparsemux_17_3_32_1_1_U26               |     |        | tmp         | sparsemux | compactencoding_dontcare | 0       |
|    fmul_32ns_32ns_32_2_max_dsp_1_U25       | 3   |        | mul         | fmul      | maxdsp                   | 1       |
+--------------------------------------------+-----+--------+-------------+-----------+--------------------------+---------+


================================================================
== Storage Report
================================================================
+------------------------+--------------+-----------+------+------+--------+-----------+------+---------+------------------+
| Name                   | Usage        | Type      | BRAM | URAM | Pragma | Variable  | Impl | Latency | Bitwidth, Depth, |
|                        |              |           |      |      |        |           |      |         | Banks            |
+------------------------+--------------+-----------+------+------+--------+-----------+------+---------+------------------+
| + exact_softmax_kernel |              |           | 9    | 0    |        |           |      |         |                  |
|   control_s_axi_U      | interface    | s_axilite |      |      |        |           |      |         |                  |
|   gmem0_m_axi_U        | interface    | m_axi     | 1    |      |        |           |      |         |                  |
|   gmem1_m_axi_U        | interface    | m_axi     |      |      |        |           |      |         |                  |
|   exp_buf_U            | ram_2p array |           | 1    |      | yes    | exp_buf   | bram | 1       | 32, 16, 1        |
|   exp_buf_1_U          | ram_2p array |           | 1    |      | yes    | exp_buf_1 | bram | 1       | 32, 16, 1        |
|   exp_buf_2_U          | ram_2p array |           | 1    |      | yes    | exp_buf_2 | bram | 1       | 32, 16, 1        |
|   exp_buf_3_U          | ram_2p array |           | 1    |      | yes    | exp_buf_3 | bram | 1       | 32, 16, 1        |
|   exp_buf_4_U          | ram_2p array |           | 1    |      | yes    | exp_buf_4 | bram | 1       | 32, 16, 1        |
|   exp_buf_5_U          | ram_2p array |           | 1    |      | yes    | exp_buf_5 | bram | 1       | 32, 16, 1        |
|   exp_buf_6_U          | ram_2p array |           | 1    |      | yes    | exp_buf_6 | bram | 1       | 32, 16, 1        |
|   exp_buf_7_U          | ram_2p array |           | 1    |      | yes    | exp_buf_7 | bram | 1       | 32, 16, 1        |
+------------------------+--------------+-----------+------+------+--------+-----------+------+---------+------------------+


================================================================
== Pragma Report
================================================================
* Valid Pragma Syntax
+-----------------+-----------------------------------------------------------+------------------------------------------------------------------+
| Type            | Options                                                   | Location                                                         |
+-----------------+-----------------------------------------------------------+------------------------------------------------------------------+
| INLINE          |                                                           | in exact_exp (../hls_src/exact_softmax/kernel.cpp:12)            |
| INTERFACE       | m_axi port=input offset=slave bundle=gmem0 depth=4 * 128  | in exact_softmax_kernel (../hls_src/exact_softmax/kernel.cpp:20) |
| INTERFACE       | m_axi port=output offset=slave bundle=gmem1 depth=4 * 128 | in exact_softmax_kernel (../hls_src/exact_softmax/kernel.cpp:21) |
| INTERFACE       | s_axilite port=input bundle=control                       | in exact_softmax_kernel (../hls_src/exact_softmax/kernel.cpp:22) |
| INTERFACE       | s_axilite port=output bundle=control                      | in exact_softmax_kernel (../hls_src/exact_softmax/kernel.cpp:23) |
| INTERFACE       | s_axilite port=return bundle=control                      | in exact_softmax_kernel (../hls_src/exact_softmax/kernel.cpp:24) |
| BIND_STORAGE    | variable=exp_buf type=ram_2p impl=bram                    | in exact_softmax_kernel (../hls_src/exact_softmax/kernel.cpp:27) |
| ARRAY_PARTITION | variable=exp_buf cyclic factor=8 dim=1                    | in exact_softmax_kernel (../hls_src/exact_softmax/kernel.cpp:28) |
| PIPELINE        | ii=1                                                      | in exact_softmax_kernel (../hls_src/exact_softmax/kernel.cpp:35) |
| PIPELINE        | ii=1                                                      | in exact_softmax_kernel (../hls_src/exact_softmax/kernel.cpp:45) |
| PIPELINE        | ii=1                                                      | in exact_softmax_kernel (../hls_src/exact_softmax/kernel.cpp:55) |
+-----------------+-----------------------------------------------------------+------------------------------------------------------------------+


