================================================================
== Design Size Report
================================================================

* Total Instructions per Compilation Phase
+---------------+----------------------------+--------------+----------------------------------------------------------------------------------------+
| Phase         | Step                       | Instructions | Description                                                                            |
+---------------+----------------------------+--------------+----------------------------------------------------------------------------------------+
| Compile/Link  |                            | 51           | After all functions are compiled and linked into a single design                       |
|               |                            |              |                                                                                        |
| Unroll/Inline |                            |              | After user unroll and inline pragmas are applied                                       |
|               | (1) unroll                 | 46           | user unroll pragmas are applied                                                        |
|               | (2) simplification         | 39           | simplification of applied user unroll pragmas                                          |
|               | (3) inline                 | 35           | user inline pragmas are applied                                                        |
|               | (4) simplification         | 35           | simplification of applied user inline pragmas                                          |
|               |                            |              |                                                                                        |
| Array/Struct  |                            |              | After user array partition and struct aggregate/disaggregate pragmas are applied       |
|               | (1) array partition        | 38           | user array partition pragmas are applied                                               |
|               | (2) simplification         | 38           | simplification of applied user array partition & struct aggregate/disaggregate pragmas |
|               | (3) aggregate/disaggregate | 38           | user struct aggregate/disaggregate pragmas are applied                                 |
|               | (4) array reshape          | 38           | apply array reshape pragmas                                                            |
|               | (5) access patterns        | 46           | array access pattern optmizations                                                      |
|               |                            |              |                                                                                        |
| Performance   |                            |              | After transformations are applied to meet performance pragma targets                   |
|               | (1) loop simplification    | 43           | loop and instruction simplification                                                    |
|               | (2) parallelization        | 42           | loops are unrolled or pipelined to meet performance targets                            |
|               | (3) array partition        | 42           | arrays are partitioned to meet performance targets                                     |
|               | (4) simplification         | 42           | simplification of design after performance transformations                             |
|               |                            |              |                                                                                        |
| HW Transforms |                            |              | After hardware transfomations                                                          |
|               | (1) lowering               | 55           | initial conversion to HW specific instructions                                         |
|               | (2) optimizations          | 61           | high level synthesis optimizations                                                     |
+---------------+----------------------------+--------------+----------------------------------------------------------------------------------------+

* Instructions per Function for each Compilation Phase
+------------------------+-----------------+--------------+---------------+--------------+-------------+---------------+
| Function               | Location        | Compile/Link | Unroll/Inline | Array/Struct | Performance | HW Transforms |
+------------------------+-----------------+--------------+---------------+--------------+-------------+---------------+
| + exact_rmsnorm_kernel | kernel.cpp:17   | 51           | 35            | 46           | 42          | 61            |
|  + exact_sqrt          | kernel.cpp:11   |  4           |               |              |             |               |
|     sqrt               | sqrtfloat.cpp:6 |  2           |               |              |             |               |
+------------------------+-----------------+--------------+---------------+--------------+-------------+---------------+

* Design Size Message Settings
+---------------------------------------------+--------+------------------------------------------------------------------+
| Message Setting                             | Value  | Description                                                      |
+---------------------------------------------+--------+------------------------------------------------------------------+
| config_compile -design_size_maximum_warning | 100000 | Show a warning when total design instructions exceeds this value |
+---------------------------------------------+--------+------------------------------------------------------------------+


