

================================================================
== Vitis HLS Report for 'fixed_projector_tile_kernel'
================================================================
* Date:           Wed May  6 23:31:37 2026

* Version:        2025.2 (Build 6295257 on Nov 14 2025)
* Project:        fixed_projector_tile_kernel
* Solution:       hls (Vivado IP Flow Target)
* Product family: virtexuplus
* Target device:  xcvu9p-flga2104-2-i


================================================================
== Performance Estimates
================================================================
+ Timing: 
    * Summary: 
    +--------+----------+----------+------------+
    |  Clock |  Target  | Estimated| Uncertainty|
    +--------+----------+----------+------------+
    |ap_clk  |  10.00 ns|  7.300 ns|     2.70 ns|
    +--------+----------+----------+------------+

+ Latency: 
    * Summary: 
    +----------+----------+-----------+-----------+----------+----------+---------+
    |   Latency (cycles)  |   Latency (absolute)  |       Interval      | Pipeline|
    |    min   |    max   |    min    |    max    |    min   |    max   |   Type  |
    +----------+----------+-----------+-----------+----------+----------+---------+
    |  37783054|  37783054|  0.378 sec|  0.378 sec|  37783055|  37783055|       no|
    +----------+----------+-----------+-----------+----------+----------+---------+

    + Detail: 
        * Instance: 
        +------------------------------------------------------------------+-------------------------------------------------------+---------+---------+----------+----------+-----+-----+-------------------+
        |                                                                  |                                                       |  Latency (cycles) |  Latency (absolute) |  Interval |      Pipeline     |
        |                             Instance                             |                         Module                        |   min   |   max   |    min   |    max   | min | max |        Type       |
        +------------------------------------------------------------------+-------------------------------------------------------+---------+---------+----------+----------+-----+-----+-------------------+
        |grp_fixed_projector_tile_kernel_Pipeline_init_loop_fu_217         |fixed_projector_tile_kernel_Pipeline_init_loop         |      259|      259|  2.590 us|  2.590 us|    0|    0|  loop pipeline stp|
        |grp_fixed_projector_tile_kernel_Pipeline_in_loop_out_loop_fu_232  |fixed_projector_tile_kernel_Pipeline_in_loop_out_loop  |   589827|   589827|  5.898 ms|  5.898 ms|    0|    0|  loop pipeline stp|
        |grp_fixed_projector_tile_kernel_Pipeline_store_loop_fu_250        |fixed_projector_tile_kernel_Pipeline_store_loop        |      259|      259|  2.590 us|  2.590 us|    0|    0|  loop pipeline stp|
        +------------------------------------------------------------------+-------------------------------------------------------+---------+---------+----------+----------+-----+-----+-------------------+

        * Loop: 
        +--------------+----------+----------+----------+-----------+-----------+------+----------+
        |              |   Latency (cycles)  | Iteration|  Initiation Interval  | Trip |          |
        |   Loop Name  |    min   |    max   |  Latency |  achieved |   target  | Count| Pipelined|
        +--------------+----------+----------+----------+-----------+-----------+------+----------+
        |- token_loop  |  37783040|  37783040|    590360|          -|          -|    64|        no|
        +--------------+----------+----------+----------+-----------+-----------+------+----------+



================================================================
== Utilization Estimates
================================================================
* Summary: 
+---------------------+---------+------+---------+---------+-----+
|         Name        | BRAM_18K|  DSP |    FF   |   LUT   | URAM|
+---------------------+---------+------+---------+---------+-----+
|DSP                  |        -|     -|        -|        -|    -|
|Expression           |        -|     -|        0|       31|    -|
|FIFO                 |        -|     -|        -|        -|    -|
|Instance             |        3|     4|     3091|     4357|    0|
|Memory               |       16|     -|        0|        0|    -|
|Multiplexer          |        -|     -|        0|     1089|    -|
|Register             |        -|     -|      419|        -|    -|
+---------------------+---------+------+---------+---------+-----+
|Total                |       19|     4|     3510|     5477|    0|
+---------------------+---------+------+---------+---------+-----+
|Available SLR        |     1440|  2280|   788160|   394080|  320|
+---------------------+---------+------+---------+---------+-----+
|Utilization SLR (%)  |        1|    ~0|       ~0|        1|    0|
+---------------------+---------+------+---------+---------+-----+
|Available            |     4320|  6840|  2364480|  1182240|  960|
+---------------------+---------+------+---------+---------+-----+
|Utilization (%)      |       ~0|    ~0|       ~0|       ~0|    0|
+---------------------+---------+------+---------+---------+-----+

+ Detail: 
    * Instance: 
    +------------------------------------------------------------------+-------------------------------------------------------+---------+----+-----+-----+-----+
    |                             Instance                             |                         Module                        | BRAM_18K| DSP|  FF | LUT | URAM|
    +------------------------------------------------------------------+-------------------------------------------------------+---------+----+-----+-----+-----+
    |control_s_axi_U                                                   |control_s_axi                                          |        0|   0|  316|  552|    0|
    |grp_fixed_projector_tile_kernel_Pipeline_in_loop_out_loop_fu_232  |fixed_projector_tile_kernel_Pipeline_in_loop_out_loop  |        0|   4|  264|  658|    0|
    |grp_fixed_projector_tile_kernel_Pipeline_init_loop_fu_217         |fixed_projector_tile_kernel_Pipeline_init_loop         |        0|   0|   47|   82|    0|
    |grp_fixed_projector_tile_kernel_Pipeline_store_loop_fu_250        |fixed_projector_tile_kernel_Pipeline_store_loop        |        0|   0|   33|  125|    0|
    |gmem0_m_axi_U                                                     |gmem0_m_axi                                            |        1|   0|  629|  747|    0|
    |gmem1_m_axi_U                                                     |gmem1_m_axi                                            |        1|   0|  629|  747|    0|
    |gmem2_m_axi_U                                                     |gmem2_m_axi                                            |        1|   0|  629|  747|    0|
    |gmem3_m_axi_U                                                     |gmem3_m_axi                                            |        0|   0|  544|  699|    0|
    +------------------------------------------------------------------+-------------------------------------------------------+---------+----+-----+-----+-----+
    |Total                                                             |                                                       |        3|   4| 3091| 4357|    0|
    +------------------------------------------------------------------+-------------------------------------------------------+---------+----+-----+-----+-----+

    * DSP: 
    N/A

    * Memory: 
    +--------------+---------------------------+---------+---+----+-----+------+-----+------+-------------+
    |    Memory    |           Module          | BRAM_18K| FF| LUT| URAM| Words| Bits| Banks| W*Bits*Banks|
    +--------------+---------------------------+---------+---+----+-----+------+-----+------+-------------+
    |acc_tile_U    |acc_tile_RAM_2P_BRAM_1R1W  |        2|  0|   0|    0|    32|   40|     1|         1280|
    |acc_tile_1_U  |acc_tile_RAM_2P_BRAM_1R1W  |        2|  0|   0|    0|    32|   40|     1|         1280|
    |acc_tile_2_U  |acc_tile_RAM_2P_BRAM_1R1W  |        2|  0|   0|    0|    32|   40|     1|         1280|
    |acc_tile_3_U  |acc_tile_RAM_2P_BRAM_1R1W  |        2|  0|   0|    0|    32|   40|     1|         1280|
    |acc_tile_4_U  |acc_tile_RAM_2P_BRAM_1R1W  |        2|  0|   0|    0|    32|   40|     1|         1280|
    |acc_tile_5_U  |acc_tile_RAM_2P_BRAM_1R1W  |        2|  0|   0|    0|    32|   40|     1|         1280|
    |acc_tile_6_U  |acc_tile_RAM_2P_BRAM_1R1W  |        2|  0|   0|    0|    32|   40|     1|         1280|
    |acc_tile_7_U  |acc_tile_RAM_2P_BRAM_1R1W  |        2|  0|   0|    0|    32|   40|     1|         1280|
    +--------------+---------------------------+---------+---+----+-----+------+-----+------+-------------+
    |Total         |                           |       16|  0|   0|    0|   256|  320|     8|        10240|
    +--------------+---------------------------+---------+---+----+-----+------+-----+------+-------------+

    * FIFO: 
    N/A

    * Expression: 
    +---------------------+----------+----+---+----+------------+------------+
    |    Variable Name    | Operation| DSP| FF| LUT| Bitwidth P0| Bitwidth P1|
    +---------------------+----------+----+---+----+------------+------------+
    |add_ln23_fu_357_p2   |         +|   0|  0|  14|           7|           1|
    |icmp_ln23_fu_351_p2  |      icmp|   0|  0|  15|           7|           8|
    |ap_block_state11_io  |        or|   0|  0|   2|           1|           1|
    +---------------------+----------+----+---+----+------------+------------+
    |Total                |          |   0|  0|  31|          15|          10|
    +---------------------+----------+----+---+----+------------+------------+

    * Multiplexer: 
    +---------------------+-----+-----------+-----+-----------+
    |         Name        | LUT | Input Size| Bits| Total Bits|
    +---------------------+-----+-----------+-----+-----------+
    |acc_tile_1_address0  |   14|          3|    5|         15|
    |acc_tile_1_address1  |   14|          3|    5|         15|
    |acc_tile_1_ce0       |   14|          3|    1|          3|
    |acc_tile_1_ce1       |   14|          3|    1|          3|
    |acc_tile_1_d1        |   14|          3|   40|        120|
    |acc_tile_1_we1       |   14|          3|    1|          3|
    |acc_tile_2_address0  |   14|          3|    5|         15|
    |acc_tile_2_address1  |   14|          3|    5|         15|
    |acc_tile_2_ce0       |   14|          3|    1|          3|
    |acc_tile_2_ce1       |   14|          3|    1|          3|
    |acc_tile_2_d1        |   14|          3|   40|        120|
    |acc_tile_2_we1       |   14|          3|    1|          3|
    |acc_tile_3_address0  |   14|          3|    5|         15|
    |acc_tile_3_address1  |   14|          3|    5|         15|
    |acc_tile_3_ce0       |   14|          3|    1|          3|
    |acc_tile_3_ce1       |   14|          3|    1|          3|
    |acc_tile_3_d1        |   14|          3|   40|        120|
    |acc_tile_3_we1       |   14|          3|    1|          3|
    |acc_tile_4_address0  |   14|          3|    5|         15|
    |acc_tile_4_address1  |   14|          3|    5|         15|
    |acc_tile_4_ce0       |   14|          3|    1|          3|
    |acc_tile_4_ce1       |   14|          3|    1|          3|
    |acc_tile_4_d1        |   14|          3|   40|        120|
    |acc_tile_4_we1       |   14|          3|    1|          3|
    |acc_tile_5_address0  |   14|          3|    5|         15|
    |acc_tile_5_address1  |   14|          3|    5|         15|
    |acc_tile_5_ce0       |   14|          3|    1|          3|
    |acc_tile_5_ce1       |   14|          3|    1|          3|
    |acc_tile_5_d1        |   14|          3|   40|        120|
    |acc_tile_5_we1       |   14|          3|    1|          3|
    |acc_tile_6_address0  |   14|          3|    5|         15|
    |acc_tile_6_address1  |   14|          3|    5|         15|
    |acc_tile_6_ce0       |   14|          3|    1|          3|
    |acc_tile_6_ce1       |   14|          3|    1|          3|
    |acc_tile_6_d1        |   14|          3|   40|        120|
    |acc_tile_6_we1       |   14|          3|    1|          3|
    |acc_tile_7_address0  |   14|          3|    5|         15|
    |acc_tile_7_address1  |   14|          3|    5|         15|
    |acc_tile_7_ce0       |   14|          3|    1|          3|
    |acc_tile_7_ce1       |   14|          3|    1|          3|
    |acc_tile_7_d1        |   14|          3|   40|        120|
    |acc_tile_7_we1       |   14|          3|    1|          3|
    |acc_tile_address0    |   14|          3|    5|         15|
    |acc_tile_address1    |   14|          3|    5|         15|
    |acc_tile_ce0         |   14|          3|    1|          3|
    |acc_tile_ce1         |   14|          3|    1|          3|
    |acc_tile_d1          |   14|          3|   40|        120|
    |acc_tile_we1         |   14|          3|    1|          3|
    |ap_NS_fsm            |  145|         30|    1|         30|
    |gmem0_0_ARADDR       |   14|          3|   64|        192|
    |gmem0_0_ARLEN        |   14|          3|   32|         96|
    |gmem0_0_ARVALID      |   14|          3|    1|          3|
    |gmem0_0_RREADY       |    9|          2|    1|          2|
    |gmem0_blk_n_AR       |    9|          2|    1|          2|
    |gmem1_0_ARADDR       |   14|          3|   64|        192|
    |gmem1_0_ARLEN        |   14|          3|   32|         96|
    |gmem1_0_ARVALID      |   14|          3|    1|          3|
    |gmem1_0_RREADY       |    9|          2|    1|          2|
    |gmem1_blk_n_AR       |    9|          2|    1|          2|
    |gmem2_0_ARADDR       |   14|          3|   64|        192|
    |gmem2_0_ARLEN        |   14|          3|   32|         96|
    |gmem2_0_ARVALID      |   14|          3|    1|          3|
    |gmem2_0_RREADY       |    9|          2|    1|          2|
    |gmem2_blk_n_AR       |    9|          2|    1|          2|
    |gmem3_0_AWADDR       |   14|          3|   64|        192|
    |gmem3_0_AWLEN        |   14|          3|   32|         96|
    |gmem3_0_AWVALID      |   14|          3|    1|          3|
    |gmem3_0_BREADY       |   14|          3|    1|          3|
    |gmem3_0_WVALID       |    9|          2|    1|          2|
    |gmem3_blk_n_AW       |    9|          2|    1|          2|
    |gmem3_blk_n_B        |    9|          2|    1|          2|
    |t_fu_124             |    9|          2|    7|         14|
    +---------------------+-----+-----------+-----+-----------+
    |Total                | 1089|        233|  830|       2501|
    +---------------------+-----+-----------+-----+-----------+

    * Register: 
    +-------------------------------------------------------------------------------+----+----+-----+-----------+
    |                                      Name                                     | FF | LUT| Bits| Const Bits|
    +-------------------------------------------------------------------------------+----+----+-----+-----------+
    |ap_CS_fsm                                                                      |  29|   0|   29|          0|
    |gmem1_addr_reg_414                                                             |  64|   0|   64|          0|
    |gmem2_addr_reg_409                                                             |  64|   0|   64|          0|
    |grp_fixed_projector_tile_kernel_Pipeline_in_loop_out_loop_fu_232_ap_start_reg  |   1|   0|    1|          0|
    |grp_fixed_projector_tile_kernel_Pipeline_init_loop_fu_217_ap_start_reg         |   1|   0|    1|          0|
    |grp_fixed_projector_tile_kernel_Pipeline_store_loop_fu_250_ap_start_reg        |   1|   0|    1|          0|
    |t_fu_124                                                                       |   7|   0|    7|          0|
    |trunc_ln1_reg_387                                                              |  63|   0|   63|          0|
    |trunc_ln23_1_reg_381                                                           |  63|   0|   63|          0|
    |trunc_ln2_reg_393                                                              |  63|   0|   63|          0|
    |trunc_ln_reg_375                                                               |  63|   0|   63|          0|
    +-------------------------------------------------------------------------------+----+----+-----+-----------+
    |Total                                                                          | 419|   0|  419|          0|
    +-------------------------------------------------------------------------------+----+----+-----+-----------+



================================================================
== Interface
================================================================
* Summary: 
+-----------------------+-----+-----+------------+-----------------------------+--------------+
|       RTL Ports       | Dir | Bits|  Protocol  |        Source Object        |    C Type    |
+-----------------------+-----+-----+------------+-----------------------------+--------------+
|s_axi_control_AWVALID  |   in|    1|       s_axi|                      control|        scalar|
|s_axi_control_AWREADY  |  out|    1|       s_axi|                      control|        scalar|
|s_axi_control_AWADDR   |   in|    6|       s_axi|                      control|        scalar|
|s_axi_control_WVALID   |   in|    1|       s_axi|                      control|        scalar|
|s_axi_control_WREADY   |  out|    1|       s_axi|                      control|        scalar|
|s_axi_control_WDATA    |   in|   32|       s_axi|                      control|        scalar|
|s_axi_control_WSTRB    |   in|    4|       s_axi|                      control|        scalar|
|s_axi_control_ARVALID  |   in|    1|       s_axi|                      control|        scalar|
|s_axi_control_ARREADY  |  out|    1|       s_axi|                      control|        scalar|
|s_axi_control_ARADDR   |   in|    6|       s_axi|                      control|        scalar|
|s_axi_control_RVALID   |  out|    1|       s_axi|                      control|        scalar|
|s_axi_control_RREADY   |   in|    1|       s_axi|                      control|        scalar|
|s_axi_control_RDATA    |  out|   32|       s_axi|                      control|        scalar|
|s_axi_control_RRESP    |  out|    2|       s_axi|                      control|        scalar|
|s_axi_control_BVALID   |  out|    1|       s_axi|                      control|        scalar|
|s_axi_control_BREADY   |   in|    1|       s_axi|                      control|        scalar|
|s_axi_control_BRESP    |  out|    2|       s_axi|                      control|        scalar|
|ap_clk                 |   in|    1|  ap_ctrl_hs|  fixed_projector_tile_kernel|  return value|
|ap_rst_n               |   in|    1|  ap_ctrl_hs|  fixed_projector_tile_kernel|  return value|
|interrupt              |  out|    1|  ap_ctrl_hs|  fixed_projector_tile_kernel|  return value|
|m_axi_gmem0_AWVALID    |  out|    1|       m_axi|                        gmem0|       pointer|
|m_axi_gmem0_AWREADY    |   in|    1|       m_axi|                        gmem0|       pointer|
|m_axi_gmem0_AWADDR     |  out|   64|       m_axi|                        gmem0|       pointer|
|m_axi_gmem0_AWID       |  out|    1|       m_axi|                        gmem0|       pointer|
|m_axi_gmem0_AWLEN      |  out|    8|       m_axi|                        gmem0|       pointer|
|m_axi_gmem0_AWSIZE     |  out|    3|       m_axi|                        gmem0|       pointer|
|m_axi_gmem0_AWBURST    |  out|    2|       m_axi|                        gmem0|       pointer|
|m_axi_gmem0_AWLOCK     |  out|    2|       m_axi|                        gmem0|       pointer|
|m_axi_gmem0_AWCACHE    |  out|    4|       m_axi|                        gmem0|       pointer|
|m_axi_gmem0_AWPROT     |  out|    3|       m_axi|                        gmem0|       pointer|
|m_axi_gmem0_AWQOS      |  out|    4|       m_axi|                        gmem0|       pointer|
|m_axi_gmem0_AWREGION   |  out|    4|       m_axi|                        gmem0|       pointer|
|m_axi_gmem0_AWUSER     |  out|    1|       m_axi|                        gmem0|       pointer|
|m_axi_gmem0_WVALID     |  out|    1|       m_axi|                        gmem0|       pointer|
|m_axi_gmem0_WREADY     |   in|    1|       m_axi|                        gmem0|       pointer|
|m_axi_gmem0_WDATA      |  out|   32|       m_axi|                        gmem0|       pointer|
|m_axi_gmem0_WSTRB      |  out|    4|       m_axi|                        gmem0|       pointer|
|m_axi_gmem0_WLAST      |  out|    1|       m_axi|                        gmem0|       pointer|
|m_axi_gmem0_WID        |  out|    1|       m_axi|                        gmem0|       pointer|
|m_axi_gmem0_WUSER      |  out|    1|       m_axi|                        gmem0|       pointer|
|m_axi_gmem0_ARVALID    |  out|    1|       m_axi|                        gmem0|       pointer|
|m_axi_gmem0_ARREADY    |   in|    1|       m_axi|                        gmem0|       pointer|
|m_axi_gmem0_ARADDR     |  out|   64|       m_axi|                        gmem0|       pointer|
|m_axi_gmem0_ARID       |  out|    1|       m_axi|                        gmem0|       pointer|
|m_axi_gmem0_ARLEN      |  out|    8|       m_axi|                        gmem0|       pointer|
|m_axi_gmem0_ARSIZE     |  out|    3|       m_axi|                        gmem0|       pointer|
|m_axi_gmem0_ARBURST    |  out|    2|       m_axi|                        gmem0|       pointer|
|m_axi_gmem0_ARLOCK     |  out|    2|       m_axi|                        gmem0|       pointer|
|m_axi_gmem0_ARCACHE    |  out|    4|       m_axi|                        gmem0|       pointer|
|m_axi_gmem0_ARPROT     |  out|    3|       m_axi|                        gmem0|       pointer|
|m_axi_gmem0_ARQOS      |  out|    4|       m_axi|                        gmem0|       pointer|
|m_axi_gmem0_ARREGION   |  out|    4|       m_axi|                        gmem0|       pointer|
|m_axi_gmem0_ARUSER     |  out|    1|       m_axi|                        gmem0|       pointer|
|m_axi_gmem0_RVALID     |   in|    1|       m_axi|                        gmem0|       pointer|
|m_axi_gmem0_RREADY     |  out|    1|       m_axi|                        gmem0|       pointer|
|m_axi_gmem0_RDATA      |   in|   32|       m_axi|                        gmem0|       pointer|
|m_axi_gmem0_RLAST      |   in|    1|       m_axi|                        gmem0|       pointer|
|m_axi_gmem0_RID        |   in|    1|       m_axi|                        gmem0|       pointer|
|m_axi_gmem0_RUSER      |   in|    1|       m_axi|                        gmem0|       pointer|
|m_axi_gmem0_RRESP      |   in|    2|       m_axi|                        gmem0|       pointer|
|m_axi_gmem0_BVALID     |   in|    1|       m_axi|                        gmem0|       pointer|
|m_axi_gmem0_BREADY     |  out|    1|       m_axi|                        gmem0|       pointer|
|m_axi_gmem0_BRESP      |   in|    2|       m_axi|                        gmem0|       pointer|
|m_axi_gmem0_BID        |   in|    1|       m_axi|                        gmem0|       pointer|
|m_axi_gmem0_BUSER      |   in|    1|       m_axi|                        gmem0|       pointer|
|m_axi_gmem1_AWVALID    |  out|    1|       m_axi|                        gmem1|       pointer|
|m_axi_gmem1_AWREADY    |   in|    1|       m_axi|                        gmem1|       pointer|
|m_axi_gmem1_AWADDR     |  out|   64|       m_axi|                        gmem1|       pointer|
|m_axi_gmem1_AWID       |  out|    1|       m_axi|                        gmem1|       pointer|
|m_axi_gmem1_AWLEN      |  out|    8|       m_axi|                        gmem1|       pointer|
|m_axi_gmem1_AWSIZE     |  out|    3|       m_axi|                        gmem1|       pointer|
|m_axi_gmem1_AWBURST    |  out|    2|       m_axi|                        gmem1|       pointer|
|m_axi_gmem1_AWLOCK     |  out|    2|       m_axi|                        gmem1|       pointer|
|m_axi_gmem1_AWCACHE    |  out|    4|       m_axi|                        gmem1|       pointer|
|m_axi_gmem1_AWPROT     |  out|    3|       m_axi|                        gmem1|       pointer|
|m_axi_gmem1_AWQOS      |  out|    4|       m_axi|                        gmem1|       pointer|
|m_axi_gmem1_AWREGION   |  out|    4|       m_axi|                        gmem1|       pointer|
|m_axi_gmem1_AWUSER     |  out|    1|       m_axi|                        gmem1|       pointer|
|m_axi_gmem1_WVALID     |  out|    1|       m_axi|                        gmem1|       pointer|
|m_axi_gmem1_WREADY     |   in|    1|       m_axi|                        gmem1|       pointer|
|m_axi_gmem1_WDATA      |  out|   32|       m_axi|                        gmem1|       pointer|
|m_axi_gmem1_WSTRB      |  out|    4|       m_axi|                        gmem1|       pointer|
|m_axi_gmem1_WLAST      |  out|    1|       m_axi|                        gmem1|       pointer|
|m_axi_gmem1_WID        |  out|    1|       m_axi|                        gmem1|       pointer|
|m_axi_gmem1_WUSER      |  out|    1|       m_axi|                        gmem1|       pointer|
|m_axi_gmem1_ARVALID    |  out|    1|       m_axi|                        gmem1|       pointer|
|m_axi_gmem1_ARREADY    |   in|    1|       m_axi|                        gmem1|       pointer|
|m_axi_gmem1_ARADDR     |  out|   64|       m_axi|                        gmem1|       pointer|
|m_axi_gmem1_ARID       |  out|    1|       m_axi|                        gmem1|       pointer|
|m_axi_gmem1_ARLEN      |  out|    8|       m_axi|                        gmem1|       pointer|
|m_axi_gmem1_ARSIZE     |  out|    3|       m_axi|                        gmem1|       pointer|
|m_axi_gmem1_ARBURST    |  out|    2|       m_axi|                        gmem1|       pointer|
|m_axi_gmem1_ARLOCK     |  out|    2|       m_axi|                        gmem1|       pointer|
|m_axi_gmem1_ARCACHE    |  out|    4|       m_axi|                        gmem1|       pointer|
|m_axi_gmem1_ARPROT     |  out|    3|       m_axi|                        gmem1|       pointer|
|m_axi_gmem1_ARQOS      |  out|    4|       m_axi|                        gmem1|       pointer|
|m_axi_gmem1_ARREGION   |  out|    4|       m_axi|                        gmem1|       pointer|
|m_axi_gmem1_ARUSER     |  out|    1|       m_axi|                        gmem1|       pointer|
|m_axi_gmem1_RVALID     |   in|    1|       m_axi|                        gmem1|       pointer|
|m_axi_gmem1_RREADY     |  out|    1|       m_axi|                        gmem1|       pointer|
|m_axi_gmem1_RDATA      |   in|   32|       m_axi|                        gmem1|       pointer|
|m_axi_gmem1_RLAST      |   in|    1|       m_axi|                        gmem1|       pointer|
|m_axi_gmem1_RID        |   in|    1|       m_axi|                        gmem1|       pointer|
|m_axi_gmem1_RUSER      |   in|    1|       m_axi|                        gmem1|       pointer|
|m_axi_gmem1_RRESP      |   in|    2|       m_axi|                        gmem1|       pointer|
|m_axi_gmem1_BVALID     |   in|    1|       m_axi|                        gmem1|       pointer|
|m_axi_gmem1_BREADY     |  out|    1|       m_axi|                        gmem1|       pointer|
|m_axi_gmem1_BRESP      |   in|    2|       m_axi|                        gmem1|       pointer|
|m_axi_gmem1_BID        |   in|    1|       m_axi|                        gmem1|       pointer|
|m_axi_gmem1_BUSER      |   in|    1|       m_axi|                        gmem1|       pointer|
|m_axi_gmem2_AWVALID    |  out|    1|       m_axi|                        gmem2|       pointer|
|m_axi_gmem2_AWREADY    |   in|    1|       m_axi|                        gmem2|       pointer|
|m_axi_gmem2_AWADDR     |  out|   64|       m_axi|                        gmem2|       pointer|
|m_axi_gmem2_AWID       |  out|    1|       m_axi|                        gmem2|       pointer|
|m_axi_gmem2_AWLEN      |  out|    8|       m_axi|                        gmem2|       pointer|
|m_axi_gmem2_AWSIZE     |  out|    3|       m_axi|                        gmem2|       pointer|
|m_axi_gmem2_AWBURST    |  out|    2|       m_axi|                        gmem2|       pointer|
|m_axi_gmem2_AWLOCK     |  out|    2|       m_axi|                        gmem2|       pointer|
|m_axi_gmem2_AWCACHE    |  out|    4|       m_axi|                        gmem2|       pointer|
|m_axi_gmem2_AWPROT     |  out|    3|       m_axi|                        gmem2|       pointer|
|m_axi_gmem2_AWQOS      |  out|    4|       m_axi|                        gmem2|       pointer|
|m_axi_gmem2_AWREGION   |  out|    4|       m_axi|                        gmem2|       pointer|
|m_axi_gmem2_AWUSER     |  out|    1|       m_axi|                        gmem2|       pointer|
|m_axi_gmem2_WVALID     |  out|    1|       m_axi|                        gmem2|       pointer|
|m_axi_gmem2_WREADY     |   in|    1|       m_axi|                        gmem2|       pointer|
|m_axi_gmem2_WDATA      |  out|   32|       m_axi|                        gmem2|       pointer|
|m_axi_gmem2_WSTRB      |  out|    4|       m_axi|                        gmem2|       pointer|
|m_axi_gmem2_WLAST      |  out|    1|       m_axi|                        gmem2|       pointer|
|m_axi_gmem2_WID        |  out|    1|       m_axi|                        gmem2|       pointer|
|m_axi_gmem2_WUSER      |  out|    1|       m_axi|                        gmem2|       pointer|
|m_axi_gmem2_ARVALID    |  out|    1|       m_axi|                        gmem2|       pointer|
|m_axi_gmem2_ARREADY    |   in|    1|       m_axi|                        gmem2|       pointer|
|m_axi_gmem2_ARADDR     |  out|   64|       m_axi|                        gmem2|       pointer|
|m_axi_gmem2_ARID       |  out|    1|       m_axi|                        gmem2|       pointer|
|m_axi_gmem2_ARLEN      |  out|    8|       m_axi|                        gmem2|       pointer|
|m_axi_gmem2_ARSIZE     |  out|    3|       m_axi|                        gmem2|       pointer|
|m_axi_gmem2_ARBURST    |  out|    2|       m_axi|                        gmem2|       pointer|
|m_axi_gmem2_ARLOCK     |  out|    2|       m_axi|                        gmem2|       pointer|
|m_axi_gmem2_ARCACHE    |  out|    4|       m_axi|                        gmem2|       pointer|
|m_axi_gmem2_ARPROT     |  out|    3|       m_axi|                        gmem2|       pointer|
|m_axi_gmem2_ARQOS      |  out|    4|       m_axi|                        gmem2|       pointer|
|m_axi_gmem2_ARREGION   |  out|    4|       m_axi|                        gmem2|       pointer|
|m_axi_gmem2_ARUSER     |  out|    1|       m_axi|                        gmem2|       pointer|
|m_axi_gmem2_RVALID     |   in|    1|       m_axi|                        gmem2|       pointer|
|m_axi_gmem2_RREADY     |  out|    1|       m_axi|                        gmem2|       pointer|
|m_axi_gmem2_RDATA      |   in|   32|       m_axi|                        gmem2|       pointer|
|m_axi_gmem2_RLAST      |   in|    1|       m_axi|                        gmem2|       pointer|
|m_axi_gmem2_RID        |   in|    1|       m_axi|                        gmem2|       pointer|
|m_axi_gmem2_RUSER      |   in|    1|       m_axi|                        gmem2|       pointer|
|m_axi_gmem2_RRESP      |   in|    2|       m_axi|                        gmem2|       pointer|
|m_axi_gmem2_BVALID     |   in|    1|       m_axi|                        gmem2|       pointer|
|m_axi_gmem2_BREADY     |  out|    1|       m_axi|                        gmem2|       pointer|
|m_axi_gmem2_BRESP      |   in|    2|       m_axi|                        gmem2|       pointer|
|m_axi_gmem2_BID        |   in|    1|       m_axi|                        gmem2|       pointer|
|m_axi_gmem2_BUSER      |   in|    1|       m_axi|                        gmem2|       pointer|
|m_axi_gmem3_AWVALID    |  out|    1|       m_axi|                        gmem3|       pointer|
|m_axi_gmem3_AWREADY    |   in|    1|       m_axi|                        gmem3|       pointer|
|m_axi_gmem3_AWADDR     |  out|   64|       m_axi|                        gmem3|       pointer|
|m_axi_gmem3_AWID       |  out|    1|       m_axi|                        gmem3|       pointer|
|m_axi_gmem3_AWLEN      |  out|    8|       m_axi|                        gmem3|       pointer|
|m_axi_gmem3_AWSIZE     |  out|    3|       m_axi|                        gmem3|       pointer|
|m_axi_gmem3_AWBURST    |  out|    2|       m_axi|                        gmem3|       pointer|
|m_axi_gmem3_AWLOCK     |  out|    2|       m_axi|                        gmem3|       pointer|
|m_axi_gmem3_AWCACHE    |  out|    4|       m_axi|                        gmem3|       pointer|
|m_axi_gmem3_AWPROT     |  out|    3|       m_axi|                        gmem3|       pointer|
|m_axi_gmem3_AWQOS      |  out|    4|       m_axi|                        gmem3|       pointer|
|m_axi_gmem3_AWREGION   |  out|    4|       m_axi|                        gmem3|       pointer|
|m_axi_gmem3_AWUSER     |  out|    1|       m_axi|                        gmem3|       pointer|
|m_axi_gmem3_WVALID     |  out|    1|       m_axi|                        gmem3|       pointer|
|m_axi_gmem3_WREADY     |   in|    1|       m_axi|                        gmem3|       pointer|
|m_axi_gmem3_WDATA      |  out|   32|       m_axi|                        gmem3|       pointer|
|m_axi_gmem3_WSTRB      |  out|    4|       m_axi|                        gmem3|       pointer|
|m_axi_gmem3_WLAST      |  out|    1|       m_axi|                        gmem3|       pointer|
|m_axi_gmem3_WID        |  out|    1|       m_axi|                        gmem3|       pointer|
|m_axi_gmem3_WUSER      |  out|    1|       m_axi|                        gmem3|       pointer|
|m_axi_gmem3_ARVALID    |  out|    1|       m_axi|                        gmem3|       pointer|
|m_axi_gmem3_ARREADY    |   in|    1|       m_axi|                        gmem3|       pointer|
|m_axi_gmem3_ARADDR     |  out|   64|       m_axi|                        gmem3|       pointer|
|m_axi_gmem3_ARID       |  out|    1|       m_axi|                        gmem3|       pointer|
|m_axi_gmem3_ARLEN      |  out|    8|       m_axi|                        gmem3|       pointer|
|m_axi_gmem3_ARSIZE     |  out|    3|       m_axi|                        gmem3|       pointer|
|m_axi_gmem3_ARBURST    |  out|    2|       m_axi|                        gmem3|       pointer|
|m_axi_gmem3_ARLOCK     |  out|    2|       m_axi|                        gmem3|       pointer|
|m_axi_gmem3_ARCACHE    |  out|    4|       m_axi|                        gmem3|       pointer|
|m_axi_gmem3_ARPROT     |  out|    3|       m_axi|                        gmem3|       pointer|
|m_axi_gmem3_ARQOS      |  out|    4|       m_axi|                        gmem3|       pointer|
|m_axi_gmem3_ARREGION   |  out|    4|       m_axi|                        gmem3|       pointer|
|m_axi_gmem3_ARUSER     |  out|    1|       m_axi|                        gmem3|       pointer|
|m_axi_gmem3_RVALID     |   in|    1|       m_axi|                        gmem3|       pointer|
|m_axi_gmem3_RREADY     |  out|    1|       m_axi|                        gmem3|       pointer|
|m_axi_gmem3_RDATA      |   in|   32|       m_axi|                        gmem3|       pointer|
|m_axi_gmem3_RLAST      |   in|    1|       m_axi|                        gmem3|       pointer|
|m_axi_gmem3_RID        |   in|    1|       m_axi|                        gmem3|       pointer|
|m_axi_gmem3_RUSER      |   in|    1|       m_axi|                        gmem3|       pointer|
|m_axi_gmem3_RRESP      |   in|    2|       m_axi|                        gmem3|       pointer|
|m_axi_gmem3_BVALID     |   in|    1|       m_axi|                        gmem3|       pointer|
|m_axi_gmem3_BREADY     |  out|    1|       m_axi|                        gmem3|       pointer|
|m_axi_gmem3_BRESP      |   in|    2|       m_axi|                        gmem3|       pointer|
|m_axi_gmem3_BID        |   in|    1|       m_axi|                        gmem3|       pointer|
|m_axi_gmem3_BUSER      |   in|    1|       m_axi|                        gmem3|       pointer|
+-----------------------+-----+-----+------------+-----------------------------+--------------+

