

================================================================
== Synthesis Summary Report of 'lut_softmax_kernel'
================================================================
+ General Information: 
    * Date:           Wed May  6 23:21:23 2026
    * Version:        2025.2 (Build 6295257 on Nov 14 2025)
    * Project:        lut_softmax_kernel
    * Solution:       hls (Vivado IP Flow Target)
    * Product family: virtexuplus
    * Target device:  xcvu9p-flga2104-2-i
    

* Performance & Resource Estimates: 
+-------------------------------------------+------+---------------+----------+---------+------+----------+---------+-----------+------+---------+---------+------------+------------+-----+
|                  Modules                  | Issue|               | Iteration|         | Trip |          |       Latency       |      |         |         |            |            |     |
|                  & Loops                  | Type | Violation Type|  Latency | Interval| Count| Pipelined| (cycles)|    (ns)   | Slack|  BRAM   |   DSP   |     FF     |     LUT    | URAM|
+-------------------------------------------+------+---------------+----------+---------+------+----------+---------+-----------+------+---------+---------+------------+------------+-----+
|+ lut_softmax_kernel                       |     -|              -|         -|     1868|     -|        no|     1867|  1.867e+04|  0.00|  9 (~0%)|  2 (~0%)|  2727 (~0%)|  3692 (~0%)|    -|
| o row_loop                                |     -|              -|       465|        -|     4|        no|     1860|  1.860e+04|  7.30|        -|        -|           -|           -|    -|
|  + lut_softmax_kernel_Pipeline_max_loop   |     -|              -|         -|        -|     -|       yes|      130|  1.300e+03|  0.00|        -|        -|    47 (~0%)|   128 (~0%)|    -|
|   o max_loop                              |     -|              -|         3|        1|   127|       yes|      128|  1.280e+03|  7.30|        -|        -|           -|           -|    -|
|  + lut_softmax_kernel_Pipeline_exp_loop   |     -|              -|         -|        -|     -|       yes|      132|  1.320e+03|  0.00|        -|        -|   260 (~0%)|   447 (~0%)|    -|
|   o exp_loop                              |     -|              -|         4|        1|   128|       yes|      130|  1.300e+03|  7.30|        -|        -|           -|           -|    -|
|  + lut_softmax_kernel_Pipeline_norm_loop  |     -|              -|         -|        -|     -|       yes|      131|  1.310e+03|  0.00|        -|  2 (~0%)|    80 (~0%)|   143 (~0%)|    -|
|   o norm_loop                             |     -|              -|         3|        1|   128|       yes|      129|  1.290e+03|  7.30|        -|        -|           -|           -|    -|
+-------------------------------------------+------+---------------+----------+---------+------+----------+---------+-----------+------+---------+---------+------------+------------+-----+
    Name Prefix: '+' for module, 'o' for loop, '*' for dataflow


================================================================
== HW Interfaces
================================================================
* M_AXI
+-------------+------------+------------+---------------+---------+--------+----------+-----------+--------------+--------------+-------------+-------------+-------------------+
| Interface   | Read/Write | Data Width | Address Width | Latency | Offset | Register | Max Widen | Max Read     | Max Write    | Num Read    | Num Write   | Resource Estimate |
|             |            | (SW->HW)   |               |         |        |          | Bitwidth  | Burst Length | Burst Length | Outstanding | Outstanding |                   |
+-------------+------------+------------+---------------+---------+--------+----------+-----------+--------------+--------------+-------------+-------------+-------------------+
| m_axi_gmem0 | READ_ONLY  | 16 -> 16   | 64            | 0       | slave  | 0        | 0         | 16           | 16           | 16          | 16          | BRAM=1            |
| m_axi_gmem1 | WRITE_ONLY | 32 -> 32   | 64            | 0       | slave  | 0        | 0         | 16           | 16           | 16          | 16          |                   |
+-------------+------------+------------+---------------+---------+--------+----------+-----------+--------------+--------------+-------------+-------------+-------------------+

* S_AXILITE Interfaces
+---------------+------------+---------------+--------+----------+
| Interface     | Data Width | Address Width | Offset | Register |
+---------------+------------+---------------+--------+----------+
| s_axi_control | 32         | 6             | 16     | 0        |
+---------------+------------+---------------+--------+----------+

* S_AXILITE Registers
+---------------+------------+--------+-------+--------+----------------------------------+----------------------------------------------------------------------+
| Interface     | Register   | Offset | Width | Access | Description                      | Bit Fields                                                           |
+---------------+------------+--------+-------+--------+----------------------------------+----------------------------------------------------------------------+
| s_axi_control | CTRL       | 0x00   | 32    | RW     | Control signals                  | 0=AP_START 1=AP_DONE 2=AP_IDLE 3=AP_READY 7=AUTO_RESTART 9=INTERRUPT |
| s_axi_control | GIER       | 0x04   | 32    | RW     | Global Interrupt Enable Register | 0=Enable                                                             |
| s_axi_control | IP_IER     | 0x08   | 32    | RW     | IP Interrupt Enable Register     | 0=CHAN0_INT_EN 1=CHAN1_INT_EN                                        |
| s_axi_control | IP_ISR     | 0x0c   | 32    | RW     | IP Interrupt Status Register     | 0=CHAN0_INT_ST 1=CHAN1_INT_ST                                        |
| s_axi_control | input_r_1  | 0x10   | 32    | W      | Data signal of input_r           |                                                                      |
| s_axi_control | input_r_2  | 0x14   | 32    | W      | Data signal of input_r           |                                                                      |
| s_axi_control | output_r_1 | 0x1c   | 32    | W      | Data signal of output_r          |                                                                      |
| s_axi_control | output_r_2 | 0x20   | 32    | W      | Data signal of output_r          |                                                                      |
+---------------+------------+--------+-------+--------+----------------------------------+----------------------------------------------------------------------+

* TOP LEVEL CONTROL
+-----------+------------+-----------+
| Interface | Type       | Ports     |
+-----------+------------+-----------+
| ap_clk    | clock      | ap_clk    |
| ap_rst_n  | reset      | ap_rst_n  |
| interrupt | interrupt  | interrupt |
| ap_ctrl   | ap_ctrl_hs |           |
+-----------+------------+-----------+


================================================================
== SW I/O Information
================================================================
* Top Function Arguments
+----------+-----------+--------------------------------------------------------+
| Argument | Direction | Datatype                                               |
+----------+-----------+--------------------------------------------------------+
| input    | in        | ap_fixed<16, 6, (ap_q_mode)5, (ap_o_mode)3, 0> const * |
| output   | out       | ap_fixed<18, 2, (ap_q_mode)5, (ap_o_mode)3, 0>*        |
+----------+-----------+--------------------------------------------------------+

* SW-to-HW Mapping
+----------+---------------+-----------+----------+--------------------------------------+
| Argument | HW Interface  | HW Type   | HW Usage | HW Info                              |
+----------+---------------+-----------+----------+--------------------------------------+
| input    | m_axi_gmem0   | interface |          | channel=0                            |
| input    | s_axi_control | register  | offset   | name=input_r_1 offset=0x10 range=32  |
| input    | s_axi_control | register  | offset   | name=input_r_2 offset=0x14 range=32  |
| output   | m_axi_gmem1   | interface |          | channel=0                            |
| output   | s_axi_control | register  | offset   | name=output_r_1 offset=0x1c range=32 |
| output   | s_axi_control | register  | offset   | name=output_r_2 offset=0x20 range=32 |
+----------+---------------+-----------+----------+--------------------------------------+


================================================================
== M_AXI Burst Information
================================================================
 Note: All burst requests might be further partitioned into multiple requests during RTL generation based on max_read_burst_length or max_write_burst_length settings.

* Inferred Burst Summary
+--------------+-----------+--------+-------+----------+----------------------------------------+
| HW Interface | Direction | Length | Width | Loop     | Loop Location                          |
+--------------+-----------+--------+-------+----------+----------------------------------------+
| m_axi_gmem0  | read      | 127    | 16    | max_loop | ../hls_src/lut_softmax/kernel.cpp:59:9 |
| m_axi_gmem0  | read      | 128    | 16    | exp_loop | ../hls_src/lut_softmax/kernel.cpp:69:9 |
| m_axi_gmem1  | write     | 512    | 32    | row_loop | ../hls_src/lut_softmax/kernel.cpp:56:5 |
+--------------+-----------+--------+-------+----------+----------------------------------------+

* All M_AXI Variable Accesses
+--------------+----------+-----------------------------------------+-----------+--------------+--------+-----------+----------------------------------------+------------+-------------------------------------------------------------------------------------------------------+
| HW Interface | Variable | Access Location                         | Direction | Burst Status | Length | Loop      | Loop Location                          | Resolution | Problem                                                                                               |
+--------------+----------+-----------------------------------------+-----------+--------------+--------+-----------+----------------------------------------+------------+-------------------------------------------------------------------------------------------------------+
| m_axi_gmem0  | input    | ../hls_src/lut_softmax/kernel.cpp:57:32 | read      | Fail         |        | row_loop  | ../hls_src/lut_softmax/kernel.cpp:56:5 | 214-230    | Stride is incompatible                                                                                |
| m_axi_gmem0  | input    | ../hls_src/lut_softmax/kernel.cpp:61:40 | read      | Widen Fail   |        | max_loop  | ../hls_src/lut_softmax/kernel.cpp:59:9 | 214-353    | Could not widen since type i16 size is greater than or equal to the max_widen_bitwidth threshold of 0 |
| m_axi_gmem0  | input    | ../hls_src/lut_softmax/kernel.cpp:61:40 | read      | Fail         |        | row_loop  | ../hls_src/lut_softmax/kernel.cpp:56:5 | 214-230    | Stride is incompatible                                                                                |
| m_axi_gmem0  | input    | ../hls_src/lut_softmax/kernel.cpp:61:40 | read      | Inferred     | 127    | max_loop  | ../hls_src/lut_softmax/kernel.cpp:59:9 |            |                                                                                                       |
| m_axi_gmem0  | input    | ../hls_src/lut_softmax/kernel.cpp:72:17 | read      | Widen Fail   |        | exp_loop  | ../hls_src/lut_softmax/kernel.cpp:69:9 | 214-353    | Could not widen since type i16 size is greater than or equal to the max_widen_bitwidth threshold of 0 |
| m_axi_gmem0  | input    | ../hls_src/lut_softmax/kernel.cpp:72:17 | read      | Fail         |        |           |                                        | 214-231    | Access is clobbered by load                                                                           |
| m_axi_gmem0  | input    | ../hls_src/lut_softmax/kernel.cpp:72:17 | read      | Inferred     | 128    | exp_loop  | ../hls_src/lut_softmax/kernel.cpp:69:9 |            |                                                                                                       |
| m_axi_gmem1  | output   | ../hls_src/lut_softmax/kernel.cpp:82:26 | write     | Widen Fail   |        | norm_loop | ../hls_src/lut_softmax/kernel.cpp:80:9 | 214-353    | Could not widen since type i32 size is greater than or equal to the max_widen_bitwidth threshold of 0 |
| m_axi_gmem1  | output   | ../hls_src/lut_softmax/kernel.cpp:82:26 | write     | Inferred     | 512    | row_loop  | ../hls_src/lut_softmax/kernel.cpp:56:5 |            |                                                                                                       |
+--------------+----------+-----------------------------------------+-----------+--------------+--------+-----------+----------------------------------------+------------+-------------------------------------------------------------------------------------------------------+

    * Resolution URL: docs.amd.com/access/sources/dita/topic?Doc_Version=2025.2%20English&url=ug1448-hls-guidance&resourceid=XXX-YYY.html (replace XXX-YYY with column value)

================================================================
== Bind Op Report
================================================================
+------------------------------------------+-----+--------+-------------+-----------+--------------------------+---------+
| Name                                     | DSP | Pragma | Variable    | Op        | Impl                     | Latency |
+------------------------------------------+-----+--------+-------------+-----------+--------------------------+---------+
| + lut_softmax_kernel                     | 2   |        |             |           |                          |         |
|   icmp_ln56_fu_277_p2                    |     |        | icmp_ln56   | seteq     | auto                     | 0       |
|   add_ln56_fu_283_p2                     |     |        | add_ln56    | add       | fabric                   | 0       |
|   add_ln57_fu_305_p2                     |     |        | add_ln57    | add       | fabric                   | 0       |
|   add_ln57_1_fu_310_p2                   |     |        | add_ln57_1  | add       | fabric                   | 0       |
|   udiv_45s_30ns_32_49_seq_1_U33          |     |        | udiv_ln78   | udiv      | auto_seq                 | 48      |
|  + lut_softmax_kernel_Pipeline_max_loop  | 0   |        |             |           |                          |         |
|    icmp_ln59_fu_103_p2                   |     |        | icmp_ln59   | seteq     | auto                     | 0       |
|    icmp_ln62_fu_129_p2                   |     |        | icmp_ln62   | setgt     | auto                     | 0       |
|    row_max_2_fu_134_p3                   |     |        | row_max_2   | select    | auto_sel                 | 0       |
|    add_ln59_fu_109_p2                    |     |        | add_ln59    | add       | fabric                   | 0       |
|  + lut_softmax_kernel_Pipeline_exp_loop  | 0   |        |             |           |                          |         |
|    icmp_ln69_fu_354_p2                   |     |        | icmp_ln69   | seteq     | auto                     | 0       |
|    add_ln69_fu_360_p2                    |     |        | add_ln69    | add       | fabric                   | 0       |
|    shifted_fu_420_p2                     |     |        | shifted     | sub       | fabric                   | 0       |
|    icmp_ln23_fu_425_p2                   |     |        | icmp_ln23   | setlt     | auto                     | 0       |
|    x_1_fu_431_p3                         |     |        | x_1         | select    | auto_sel                 | 0       |
|    icmp_ln26_fu_439_p2                   |     |        | icmp_ln26   | setgt     | auto                     | 0       |
|    xor_ln30_fu_453_p2                    |     |        | xor_ln30    | xor       | auto                     | 0       |
|    select_ln30_fu_471_p3                 |     |        | select_ln30 | select    | auto_sel                 | 0       |
|    sub_ln30_fu_499_p2                    |     |        | sub_ln30    | sub       | fabric                   | 0       |
|    sum_1_fu_546_p2                       |     |        | sum_1       | add       | fabric                   | 0       |
|  + lut_softmax_kernel_Pipeline_norm_loop | 2   |        |             |           |                          |         |
|    icmp_ln80_fu_266_p2                   |     |        | icmp_ln80   | seteq     | auto                     | 0       |
|    add_ln80_fu_272_p2                    |     |        | add_ln80    | add       | fabric                   | 0       |
|    sparsemux_17_3_17_1_1_U19             |     |        | tmp_3       | sparsemux | compactencoding_dontcare | 0       |
|    mul_23ns_32s_46_1_1_U18               | 2   |        | mul_ln83    | mul       | auto                     | 0       |
+------------------------------------------+-----+--------+-------------+-----------+--------------------------+---------+


================================================================
== Storage Report
================================================================
+-----------------------------------------+--------------+-----------+------+------+--------+-----------+------+---------+------------------+
| Name                                    | Usage        | Type      | BRAM | URAM | Pragma | Variable  | Impl | Latency | Bitwidth, Depth, |
|                                         |              |           |      |      |        |           |      |         | Banks            |
+-----------------------------------------+--------------+-----------+------+------+--------+-----------+------+---------+------------------+
| + lut_softmax_kernel                    |              |           | 9    | 0    |        |           |      |         |                  |
|   control_s_axi_U                       | interface    | s_axilite |      |      |        |           |      |         |                  |
|   gmem0_m_axi_U                         | interface    | m_axi     | 1    |      |        |           |      |         |                  |
|   gmem1_m_axi_U                         | interface    | m_axi     |      |      |        |           |      |         |                  |
|   exp_buf_U                             | ram_2p array |           | 1    |      | yes    | exp_buf   | bram | 1       | 17, 16, 1        |
|   exp_buf_1_U                           | ram_2p array |           | 1    |      | yes    | exp_buf_1 | bram | 1       | 17, 16, 1        |
|   exp_buf_2_U                           | ram_2p array |           | 1    |      | yes    | exp_buf_2 | bram | 1       | 17, 16, 1        |
|   exp_buf_3_U                           | ram_2p array |           | 1    |      | yes    | exp_buf_3 | bram | 1       | 17, 16, 1        |
|   exp_buf_4_U                           | ram_2p array |           | 1    |      | yes    | exp_buf_4 | bram | 1       | 17, 16, 1        |
|   exp_buf_5_U                           | ram_2p array |           | 1    |      | yes    | exp_buf_5 | bram | 1       | 17, 16, 1        |
|   exp_buf_6_U                           | ram_2p array |           | 1    |      | yes    | exp_buf_6 | bram | 1       | 17, 16, 1        |
|   exp_buf_7_U                           | ram_2p array |           | 1    |      | yes    | exp_buf_7 | bram | 1       | 17, 16, 1        |
|  + lut_softmax_kernel_Pipeline_exp_loop |              |           | 0    | 0    |        |           |      |         |                  |
|    kExpLut_U                            | rom_1p       |           |      |      |        | kExpLut   | auto | 1       | 17, 64, 1        |
+-----------------------------------------+--------------+-----------+------+------+--------+-----------+------+---------+------------------+


================================================================
== Pragma Report
================================================================
* Valid Pragma Syntax
+-----------------+-----------------------------------------------------------+--------------------------------------------------------------+
| Type            | Options                                                   | Location                                                     |
+-----------------+-----------------------------------------------------------+--------------------------------------------------------------+
| INLINE          |                                                           | in lut_exp_neg8_0 (../hls_src/lut_softmax/kernel.cpp:22)     |
| INTERFACE       | m_axi port=input offset=slave bundle=gmem0 depth=4 * 128  | in lut_softmax_kernel (../hls_src/lut_softmax/kernel.cpp:45) |
| INTERFACE       | m_axi port=output offset=slave bundle=gmem1 depth=4 * 128 | in lut_softmax_kernel (../hls_src/lut_softmax/kernel.cpp:46) |
| INTERFACE       | s_axilite port=input bundle=control                       | in lut_softmax_kernel (../hls_src/lut_softmax/kernel.cpp:47) |
| INTERFACE       | s_axilite port=output bundle=control                      | in lut_softmax_kernel (../hls_src/lut_softmax/kernel.cpp:48) |
| INTERFACE       | s_axilite port=return bundle=control                      | in lut_softmax_kernel (../hls_src/lut_softmax/kernel.cpp:49) |
| BIND_STORAGE    | variable=exp_buf type=ram_2p impl=bram                    | in lut_softmax_kernel (../hls_src/lut_softmax/kernel.cpp:52) |
| ARRAY_PARTITION | variable=exp_buf cyclic factor=8 dim=1                    | in lut_softmax_kernel (../hls_src/lut_softmax/kernel.cpp:53) |
| PIPELINE        | ii=1                                                      | in lut_softmax_kernel (../hls_src/lut_softmax/kernel.cpp:60) |
| PIPELINE        | ii=1                                                      | in lut_softmax_kernel (../hls_src/lut_softmax/kernel.cpp:70) |
| PIPELINE        | ii=1                                                      | in lut_softmax_kernel (../hls_src/lut_softmax/kernel.cpp:81) |
+-----------------+-----------------------------------------------------------+--------------------------------------------------------------+


