

================================================================
== Vitis HLS Report for 'exact_softmax_kernel'
================================================================
* Date:           Thu May  7 00:20:22 2026

* Version:        2025.2 (Build 6295257 on Nov 14 2025)
* Project:        exact_softmax_kernel
* Solution:       hls (Vivado IP Flow Target)
* Product family: virtexuplus
* Target device:  xcvu9p-flga2104-2-i


================================================================
== Performance Estimates
================================================================
+ Timing: 
    * Summary: 
    +--------+----------+-----------+------------+
    |  Clock |  Target  | Estimated | Uncertainty|
    +--------+----------+-----------+------------+
    |ap_clk  |  10.00 ns|  15.145 ns|     2.70 ns|
    +--------+----------+-----------+------------+

+ Latency: 
    * Summary: 
    +---------+---------+-----------+-----------+------+------+---------+
    |  Latency (cycles) |   Latency (absolute)  |   Interval  | Pipeline|
    |   min   |   max   |    min    |    max    |  min |  max |   Type  |
    +---------+---------+-----------+-----------+------+------+---------+
    |     1727|     1727|  26.155 us|  26.155 us|  1728|  1728|       no|
    +---------+---------+-----------+-----------+------+------+---------+

    + Detail: 
        * Instance: 
        +----------------------------------------------------+-----------------------------------------+---------+---------+----------+----------+-----+-----+-------------------+
        |                                                    |                                         |  Latency (cycles) |  Latency (absolute) |  Interval |      Pipeline     |
        |                      Instance                      |                  Module                 |   min   |   max   |    min   |    max   | min | max |        Type       |
        +----------------------------------------------------+-----------------------------------------+---------+---------+----------+----------+-----+-----+-------------------+
        |grp_exact_softmax_kernel_Pipeline_max_loop_fu_195   |exact_softmax_kernel_Pipeline_max_loop   |      130|      130|  1.300 us|  1.300 us|    0|    0|  loop pipeline stp|
        |grp_exact_softmax_kernel_Pipeline_exp_loop_fu_204   |exact_softmax_kernel_Pipeline_exp_loop   |      139|      139|  2.105 us|  2.105 us|    0|    0|  loop pipeline stp|
        |grp_exact_softmax_kernel_Pipeline_norm_loop_fu_221  |exact_softmax_kernel_Pipeline_norm_loop  |      132|      132|  1.320 us|  1.320 us|    0|    0|  loop pipeline stp|
        +----------------------------------------------------+-----------------------------------------+---------+---------+----------+----------+-----+-----+-------------------+

        * Loop: 
        +------------+---------+---------+----------+-----------+-----------+------+----------+
        |            |  Latency (cycles) | Iteration|  Initiation Interval  | Trip |          |
        |  Loop Name |   min   |   max   |  Latency |  achieved |   target  | Count| Pipelined|
        +------------+---------+---------+----------+-----------+-----------+------+----------+
        |- row_loop  |     1720|     1720|       430|          -|          -|     4|        no|
        +------------+---------+---------+----------+-----------+-----------+------+----------+



================================================================
== Utilization Estimates
================================================================
* Summary: 
+---------------------+---------+------+---------+---------+-----+
|         Name        | BRAM_18K|  DSP |    FF   |   LUT   | URAM|
+---------------------+---------+------+---------+---------+-----+
|DSP                  |        -|     -|        -|        -|    -|
|Expression           |        -|     -|        0|      164|    -|
|FIFO                 |        -|     -|        -|        -|    -|
|Instance             |        1|    14|     2440|     3375|    0|
|Memory               |        8|     -|        0|        0|    -|
|Multiplexer          |        -|     -|        0|      594|    -|
|Register             |        -|     -|      452|        -|    -|
+---------------------+---------+------+---------+---------+-----+
|Total                |        9|    14|     2892|     4133|    0|
+---------------------+---------+------+---------+---------+-----+
|Available SLR        |     1440|  2280|   788160|   394080|  320|
+---------------------+---------+------+---------+---------+-----+
|Utilization SLR (%)  |       ~0|    ~0|       ~0|        1|    0|
+---------------------+---------+------+---------+---------+-----+
|Available            |     4320|  6840|  2364480|  1182240|  960|
+---------------------+---------+------+---------+---------+-----+
|Utilization (%)      |       ~0|    ~0|       ~0|       ~0|    0|
+---------------------+---------+------+---------+---------+-----+

+ Detail: 
    * Instance: 
    +----------------------------------------------------+-----------------------------------------+---------+----+-----+------+-----+
    |                      Instance                      |                  Module                 | BRAM_18K| DSP|  FF |  LUT | URAM|
    +----------------------------------------------------+-----------------------------------------+---------+----+-----+------+-----+
    |control_s_axi_U                                     |control_s_axi                            |        0|   0|  176|   296|    0|
    |grp_exact_softmax_kernel_Pipeline_exp_loop_fu_204   |exact_softmax_kernel_Pipeline_exp_loop   |        0|  11|  852|  1380|    0|
    |grp_exact_softmax_kernel_Pipeline_max_loop_fu_195   |exact_softmax_kernel_Pipeline_max_loop   |        0|   0|  110|   219|    0|
    |grp_exact_softmax_kernel_Pipeline_norm_loop_fu_221  |exact_softmax_kernel_Pipeline_norm_loop  |        0|   3|  178|   200|    0|
    |fdiv_32ns_32ns_32_6_no_dsp_1_U40                    |fdiv_32ns_32ns_32_6_no_dsp_1             |        0|   0|    0|     0|    0|
    |gmem0_m_axi_U                                       |gmem0_m_axi                              |        1|   0|  604|   650|    0|
    |gmem1_m_axi_U                                       |gmem1_m_axi                              |        0|   0|  520|   630|    0|
    +----------------------------------------------------+-----------------------------------------+---------+----+-----+------+-----+
    |Total                                               |                                         |        1|  14| 2440|  3375|    0|
    +----------------------------------------------------+-----------------------------------------+---------+----+-----+------+-----+

    * DSP: 
    N/A

    * Memory: 
    +-------------+--------------------------+---------+---+----+-----+------+-----+------+-------------+
    |    Memory   |          Module          | BRAM_18K| FF| LUT| URAM| Words| Bits| Banks| W*Bits*Banks|
    +-------------+--------------------------+---------+---+----+-----+------+-----+------+-------------+
    |exp_buf_U    |exp_buf_RAM_2P_BRAM_1R1W  |        1|  0|   0|    0|    16|   32|     1|          512|
    |exp_buf_1_U  |exp_buf_RAM_2P_BRAM_1R1W  |        1|  0|   0|    0|    16|   32|     1|          512|
    |exp_buf_2_U  |exp_buf_RAM_2P_BRAM_1R1W  |        1|  0|   0|    0|    16|   32|     1|          512|
    |exp_buf_3_U  |exp_buf_RAM_2P_BRAM_1R1W  |        1|  0|   0|    0|    16|   32|     1|          512|
    |exp_buf_4_U  |exp_buf_RAM_2P_BRAM_1R1W  |        1|  0|   0|    0|    16|   32|     1|          512|
    |exp_buf_5_U  |exp_buf_RAM_2P_BRAM_1R1W  |        1|  0|   0|    0|    16|   32|     1|          512|
    |exp_buf_6_U  |exp_buf_RAM_2P_BRAM_1R1W  |        1|  0|   0|    0|    16|   32|     1|          512|
    |exp_buf_7_U  |exp_buf_RAM_2P_BRAM_1R1W  |        1|  0|   0|    0|    16|   32|     1|          512|
    +-------------+--------------------------+---------+---+----+-----+------+-----+------+-------------+
    |Total        |                          |        8|  0|   0|    0|   128|  256|     8|         4096|
    +-------------+--------------------------+---------+---+----+-----+------+-----+------+-------------+

    * FIFO: 
    N/A

    * Expression: 
    +----------------------+----------+----+---+----+------------+------------+
    |     Variable Name    | Operation| DSP| FF| LUT| Bitwidth P0| Bitwidth P1|
    +----------------------+----------+----+---+----+------------+------------+
    |add_ln31_fu_277_p2    |         +|   0|  0|  10|           3|           1|
    |add_ln32_1_fu_304_p2  |         +|   0|  0|  71|          64|           3|
    |add_ln32_fu_299_p2    |         +|   0|  0|  71|          64|          64|
    |icmp_ln31_fu_271_p2   |      icmp|   0|  0|  12|           3|           4|
    +----------------------+----------+----+---+----+------------+------------+
    |Total                 |          |   0|  0| 164|         134|          72|
    +----------------------+----------+----+---+----+------------+------------+

    * Multiplexer: 
    +-----------------+-----+-----------+-----+-----------+
    |       Name      | LUT | Input Size| Bits| Total Bits|
    +-----------------+-----+-----------+-----+-----------+
    |ap_NS_fsm        |  166|         37|    1|         37|
    |exp_buf_1_ce0    |    9|          2|    1|          2|
    |exp_buf_1_ce1    |    9|          2|    1|          2|
    |exp_buf_1_we1    |    9|          2|    1|          2|
    |exp_buf_2_ce0    |    9|          2|    1|          2|
    |exp_buf_2_ce1    |    9|          2|    1|          2|
    |exp_buf_2_we1    |    9|          2|    1|          2|
    |exp_buf_3_ce0    |    9|          2|    1|          2|
    |exp_buf_3_ce1    |    9|          2|    1|          2|
    |exp_buf_3_we1    |    9|          2|    1|          2|
    |exp_buf_4_ce0    |    9|          2|    1|          2|
    |exp_buf_4_ce1    |    9|          2|    1|          2|
    |exp_buf_4_we1    |    9|          2|    1|          2|
    |exp_buf_5_ce0    |    9|          2|    1|          2|
    |exp_buf_5_ce1    |    9|          2|    1|          2|
    |exp_buf_5_we1    |    9|          2|    1|          2|
    |exp_buf_6_ce0    |    9|          2|    1|          2|
    |exp_buf_6_ce1    |    9|          2|    1|          2|
    |exp_buf_6_we1    |    9|          2|    1|          2|
    |exp_buf_7_ce0    |    9|          2|    1|          2|
    |exp_buf_7_ce1    |    9|          2|    1|          2|
    |exp_buf_7_we1    |    9|          2|    1|          2|
    |exp_buf_ce0      |    9|          2|    1|          2|
    |exp_buf_ce1      |    9|          2|    1|          2|
    |exp_buf_we1      |    9|          2|    1|          2|
    |gmem0_0_ARADDR   |   31|          6|   64|        384|
    |gmem0_0_ARLEN    |   31|          6|   32|        192|
    |gmem0_0_ARVALID  |   20|          4|    1|          4|
    |gmem0_0_RREADY   |   20|          4|    1|          4|
    |gmem0_blk_n_AR   |    9|          2|    1|          2|
    |gmem0_blk_n_R    |    9|          2|    1|          2|
    |gmem1_0_AWADDR   |   14|          3|   64|        192|
    |gmem1_0_AWLEN    |   14|          3|   32|         96|
    |gmem1_0_AWVALID  |   14|          3|    1|          3|
    |gmem1_0_BREADY   |   14|          3|    1|          3|
    |gmem1_0_WVALID   |    9|          2|    1|          2|
    |gmem1_blk_n_AW   |    9|          2|    1|          2|
    |gmem1_blk_n_B    |    9|          2|    1|          2|
    |r_fu_112         |    9|          2|    3|          6|
    +-----------------+-----+-----------+-----+-----------+
    |Total            |  594|        129|  229|        979|
    +-----------------+-----+-----------+-----+-----------+

    * Register: 
    +-----------------------------------------------------------------+----+----+-----+-----------+
    |                               Name                              | FF | LUT| Bits| Const Bits|
    +-----------------------------------------------------------------+----+----+-----+-----------+
    |ap_CS_fsm                                                        |  36|   0|   36|          0|
    |gmem0_addr_read_reg_428                                          |  32|   0|   32|          0|
    |gmem0_addr_reg_417                                               |  64|   0|   64|          0|
    |grp_exact_softmax_kernel_Pipeline_exp_loop_fu_204_ap_start_reg   |   1|   0|    1|          0|
    |grp_exact_softmax_kernel_Pipeline_max_loop_fu_195_ap_start_reg   |   1|   0|    1|          0|
    |grp_exact_softmax_kernel_Pipeline_norm_loop_fu_221_ap_start_reg  |   1|   0|    1|          0|
    |input_r_read_reg_374                                             |  64|   0|   64|          0|
    |inv_sum_reg_444                                                  |  32|   0|   32|          0|
    |r_fu_112                                                         |   3|   0|    3|          0|
    |row_max_reg_433                                                  |  32|   0|   32|          0|
    |trunc_ln1_reg_405                                                |  62|   0|   62|          0|
    |trunc_ln2_reg_411                                                |  62|   0|   62|          0|
    |trunc_ln_reg_391                                                 |  62|   0|   62|          0|
    +-----------------------------------------------------------------+----+----+-----+-----------+
    |Total                                                            | 452|   0|  452|          0|
    +-----------------------------------------------------------------+----+----+-----+-----------+



================================================================
== Interface
================================================================
* Summary: 
+-----------------------+-----+-----+------------+----------------------+--------------+
|       RTL Ports       | Dir | Bits|  Protocol  |     Source Object    |    C Type    |
+-----------------------+-----+-----+------------+----------------------+--------------+
|s_axi_control_AWVALID  |   in|    1|       s_axi|               control|        scalar|
|s_axi_control_AWREADY  |  out|    1|       s_axi|               control|        scalar|
|s_axi_control_AWADDR   |   in|    6|       s_axi|               control|        scalar|
|s_axi_control_WVALID   |   in|    1|       s_axi|               control|        scalar|
|s_axi_control_WREADY   |  out|    1|       s_axi|               control|        scalar|
|s_axi_control_WDATA    |   in|   32|       s_axi|               control|        scalar|
|s_axi_control_WSTRB    |   in|    4|       s_axi|               control|        scalar|
|s_axi_control_ARVALID  |   in|    1|       s_axi|               control|        scalar|
|s_axi_control_ARREADY  |  out|    1|       s_axi|               control|        scalar|
|s_axi_control_ARADDR   |   in|    6|       s_axi|               control|        scalar|
|s_axi_control_RVALID   |  out|    1|       s_axi|               control|        scalar|
|s_axi_control_RREADY   |   in|    1|       s_axi|               control|        scalar|
|s_axi_control_RDATA    |  out|   32|       s_axi|               control|        scalar|
|s_axi_control_RRESP    |  out|    2|       s_axi|               control|        scalar|
|s_axi_control_BVALID   |  out|    1|       s_axi|               control|        scalar|
|s_axi_control_BREADY   |   in|    1|       s_axi|               control|        scalar|
|s_axi_control_BRESP    |  out|    2|       s_axi|               control|        scalar|
|ap_clk                 |   in|    1|  ap_ctrl_hs|  exact_softmax_kernel|  return value|
|ap_rst_n               |   in|    1|  ap_ctrl_hs|  exact_softmax_kernel|  return value|
|interrupt              |  out|    1|  ap_ctrl_hs|  exact_softmax_kernel|  return value|
|m_axi_gmem0_AWVALID    |  out|    1|       m_axi|                 gmem0|       pointer|
|m_axi_gmem0_AWREADY    |   in|    1|       m_axi|                 gmem0|       pointer|
|m_axi_gmem0_AWADDR     |  out|   64|       m_axi|                 gmem0|       pointer|
|m_axi_gmem0_AWID       |  out|    1|       m_axi|                 gmem0|       pointer|
|m_axi_gmem0_AWLEN      |  out|    8|       m_axi|                 gmem0|       pointer|
|m_axi_gmem0_AWSIZE     |  out|    3|       m_axi|                 gmem0|       pointer|
|m_axi_gmem0_AWBURST    |  out|    2|       m_axi|                 gmem0|       pointer|
|m_axi_gmem0_AWLOCK     |  out|    2|       m_axi|                 gmem0|       pointer|
|m_axi_gmem0_AWCACHE    |  out|    4|       m_axi|                 gmem0|       pointer|
|m_axi_gmem0_AWPROT     |  out|    3|       m_axi|                 gmem0|       pointer|
|m_axi_gmem0_AWQOS      |  out|    4|       m_axi|                 gmem0|       pointer|
|m_axi_gmem0_AWREGION   |  out|    4|       m_axi|                 gmem0|       pointer|
|m_axi_gmem0_AWUSER     |  out|    1|       m_axi|                 gmem0|       pointer|
|m_axi_gmem0_WVALID     |  out|    1|       m_axi|                 gmem0|       pointer|
|m_axi_gmem0_WREADY     |   in|    1|       m_axi|                 gmem0|       pointer|
|m_axi_gmem0_WDATA      |  out|   32|       m_axi|                 gmem0|       pointer|
|m_axi_gmem0_WSTRB      |  out|    4|       m_axi|                 gmem0|       pointer|
|m_axi_gmem0_WLAST      |  out|    1|       m_axi|                 gmem0|       pointer|
|m_axi_gmem0_WID        |  out|    1|       m_axi|                 gmem0|       pointer|
|m_axi_gmem0_WUSER      |  out|    1|       m_axi|                 gmem0|       pointer|
|m_axi_gmem0_ARVALID    |  out|    1|       m_axi|                 gmem0|       pointer|
|m_axi_gmem0_ARREADY    |   in|    1|       m_axi|                 gmem0|       pointer|
|m_axi_gmem0_ARADDR     |  out|   64|       m_axi|                 gmem0|       pointer|
|m_axi_gmem0_ARID       |  out|    1|       m_axi|                 gmem0|       pointer|
|m_axi_gmem0_ARLEN      |  out|    8|       m_axi|                 gmem0|       pointer|
|m_axi_gmem0_ARSIZE     |  out|    3|       m_axi|                 gmem0|       pointer|
|m_axi_gmem0_ARBURST    |  out|    2|       m_axi|                 gmem0|       pointer|
|m_axi_gmem0_ARLOCK     |  out|    2|       m_axi|                 gmem0|       pointer|
|m_axi_gmem0_ARCACHE    |  out|    4|       m_axi|                 gmem0|       pointer|
|m_axi_gmem0_ARPROT     |  out|    3|       m_axi|                 gmem0|       pointer|
|m_axi_gmem0_ARQOS      |  out|    4|       m_axi|                 gmem0|       pointer|
|m_axi_gmem0_ARREGION   |  out|    4|       m_axi|                 gmem0|       pointer|
|m_axi_gmem0_ARUSER     |  out|    1|       m_axi|                 gmem0|       pointer|
|m_axi_gmem0_RVALID     |   in|    1|       m_axi|                 gmem0|       pointer|
|m_axi_gmem0_RREADY     |  out|    1|       m_axi|                 gmem0|       pointer|
|m_axi_gmem0_RDATA      |   in|   32|       m_axi|                 gmem0|       pointer|
|m_axi_gmem0_RLAST      |   in|    1|       m_axi|                 gmem0|       pointer|
|m_axi_gmem0_RID        |   in|    1|       m_axi|                 gmem0|       pointer|
|m_axi_gmem0_RUSER      |   in|    1|       m_axi|                 gmem0|       pointer|
|m_axi_gmem0_RRESP      |   in|    2|       m_axi|                 gmem0|       pointer|
|m_axi_gmem0_BVALID     |   in|    1|       m_axi|                 gmem0|       pointer|
|m_axi_gmem0_BREADY     |  out|    1|       m_axi|                 gmem0|       pointer|
|m_axi_gmem0_BRESP      |   in|    2|       m_axi|                 gmem0|       pointer|
|m_axi_gmem0_BID        |   in|    1|       m_axi|                 gmem0|       pointer|
|m_axi_gmem0_BUSER      |   in|    1|       m_axi|                 gmem0|       pointer|
|m_axi_gmem1_AWVALID    |  out|    1|       m_axi|                 gmem1|       pointer|
|m_axi_gmem1_AWREADY    |   in|    1|       m_axi|                 gmem1|       pointer|
|m_axi_gmem1_AWADDR     |  out|   64|       m_axi|                 gmem1|       pointer|
|m_axi_gmem1_AWID       |  out|    1|       m_axi|                 gmem1|       pointer|
|m_axi_gmem1_AWLEN      |  out|    8|       m_axi|                 gmem1|       pointer|
|m_axi_gmem1_AWSIZE     |  out|    3|       m_axi|                 gmem1|       pointer|
|m_axi_gmem1_AWBURST    |  out|    2|       m_axi|                 gmem1|       pointer|
|m_axi_gmem1_AWLOCK     |  out|    2|       m_axi|                 gmem1|       pointer|
|m_axi_gmem1_AWCACHE    |  out|    4|       m_axi|                 gmem1|       pointer|
|m_axi_gmem1_AWPROT     |  out|    3|       m_axi|                 gmem1|       pointer|
|m_axi_gmem1_AWQOS      |  out|    4|       m_axi|                 gmem1|       pointer|
|m_axi_gmem1_AWREGION   |  out|    4|       m_axi|                 gmem1|       pointer|
|m_axi_gmem1_AWUSER     |  out|    1|       m_axi|                 gmem1|       pointer|
|m_axi_gmem1_WVALID     |  out|    1|       m_axi|                 gmem1|       pointer|
|m_axi_gmem1_WREADY     |   in|    1|       m_axi|                 gmem1|       pointer|
|m_axi_gmem1_WDATA      |  out|   32|       m_axi|                 gmem1|       pointer|
|m_axi_gmem1_WSTRB      |  out|    4|       m_axi|                 gmem1|       pointer|
|m_axi_gmem1_WLAST      |  out|    1|       m_axi|                 gmem1|       pointer|
|m_axi_gmem1_WID        |  out|    1|       m_axi|                 gmem1|       pointer|
|m_axi_gmem1_WUSER      |  out|    1|       m_axi|                 gmem1|       pointer|
|m_axi_gmem1_ARVALID    |  out|    1|       m_axi|                 gmem1|       pointer|
|m_axi_gmem1_ARREADY    |   in|    1|       m_axi|                 gmem1|       pointer|
|m_axi_gmem1_ARADDR     |  out|   64|       m_axi|                 gmem1|       pointer|
|m_axi_gmem1_ARID       |  out|    1|       m_axi|                 gmem1|       pointer|
|m_axi_gmem1_ARLEN      |  out|    8|       m_axi|                 gmem1|       pointer|
|m_axi_gmem1_ARSIZE     |  out|    3|       m_axi|                 gmem1|       pointer|
|m_axi_gmem1_ARBURST    |  out|    2|       m_axi|                 gmem1|       pointer|
|m_axi_gmem1_ARLOCK     |  out|    2|       m_axi|                 gmem1|       pointer|
|m_axi_gmem1_ARCACHE    |  out|    4|       m_axi|                 gmem1|       pointer|
|m_axi_gmem1_ARPROT     |  out|    3|       m_axi|                 gmem1|       pointer|
|m_axi_gmem1_ARQOS      |  out|    4|       m_axi|                 gmem1|       pointer|
|m_axi_gmem1_ARREGION   |  out|    4|       m_axi|                 gmem1|       pointer|
|m_axi_gmem1_ARUSER     |  out|    1|       m_axi|                 gmem1|       pointer|
|m_axi_gmem1_RVALID     |   in|    1|       m_axi|                 gmem1|       pointer|
|m_axi_gmem1_RREADY     |  out|    1|       m_axi|                 gmem1|       pointer|
|m_axi_gmem1_RDATA      |   in|   32|       m_axi|                 gmem1|       pointer|
|m_axi_gmem1_RLAST      |   in|    1|       m_axi|                 gmem1|       pointer|
|m_axi_gmem1_RID        |   in|    1|       m_axi|                 gmem1|       pointer|
|m_axi_gmem1_RUSER      |   in|    1|       m_axi|                 gmem1|       pointer|
|m_axi_gmem1_RRESP      |   in|    2|       m_axi|                 gmem1|       pointer|
|m_axi_gmem1_BVALID     |   in|    1|       m_axi|                 gmem1|       pointer|
|m_axi_gmem1_BREADY     |  out|    1|       m_axi|                 gmem1|       pointer|
|m_axi_gmem1_BRESP      |   in|    2|       m_axi|                 gmem1|       pointer|
|m_axi_gmem1_BID        |   in|    1|       m_axi|                 gmem1|       pointer|
|m_axi_gmem1_BUSER      |   in|    1|       m_axi|                 gmem1|       pointer|
+-----------------------+-----+-----+------------+----------------------+--------------+

