

================================================================
== Vitis HLS Report for 'exact_softmax_kernel_Pipeline_exp_loop'
================================================================
* Date:           Thu May  7 00:20:22 2026

* Version:        2025.2 (Build 6295257 on Nov 14 2025)
* Project:        exact_softmax_kernel
* Solution:       hls (Vivado IP Flow Target)
* Product family: virtexuplus
* Target device:  xcvu9p-flga2104-2-i


================================================================
== Performance Estimates
================================================================
+ Timing: 
    * Summary: 
    +--------+----------+-----------+------------+
    |  Clock |  Target  | Estimated | Uncertainty|
    +--------+----------+-----------+------------+
    |ap_clk  |  10.00 ns|  15.145 ns|     2.70 ns|
    +--------+----------+-----------+------------+

+ Latency: 
    * Summary: 
    +---------+---------+----------+----------+-----+-----+-------------------+
    |  Latency (cycles) |  Latency (absolute) |  Interval |      Pipeline     |
    |   min   |   max   |    min   |    max   | min | max |        Type       |
    +---------+---------+----------+----------+-----+-----+-------------------+
    |      139|      139|  2.105 us|  2.105 us|    0|    0|  loop pipeline stp|
    +---------+---------+----------+----------+-----+-----+-------------------+

    + Detail: 
        * Instance: 
        N/A

        * Loop: 
        +------------+---------+---------+----------+-----------+-----------+------+----------+
        |            |  Latency (cycles) | Iteration|  Initiation Interval  | Trip |          |
        |  Loop Name |   min   |   max   |  Latency |  achieved |   target  | Count| Pipelined|
        +------------+---------+---------+----------+-----------+-----------+------+----------+
        |- exp_loop  |      137|      137|        11|          1|          1|   128|       yes|
        +------------+---------+---------+----------+-----------+-----------+------+----------+



================================================================
== Utilization Estimates
================================================================
* Summary: 
+---------------------+---------+------+---------+---------+-----+
|         Name        | BRAM_18K|  DSP |    FF   |   LUT   | URAM|
+---------------------+---------+------+---------+---------+-----+
|DSP                  |        -|     -|        -|        -|    -|
|Expression           |        -|     -|        0|       35|    -|
|FIFO                 |        -|     -|        -|        -|    -|
|Instance             |        -|    11|      494|     1186|    -|
|Memory               |        -|     -|        -|        -|    -|
|Multiplexer          |        -|     -|        0|       63|    -|
|Register             |        -|     -|      358|       96|    -|
+---------------------+---------+------+---------+---------+-----+
|Total                |        0|    11|      852|     1380|    0|
+---------------------+---------+------+---------+---------+-----+
|Available SLR        |     1440|  2280|   788160|   394080|  320|
+---------------------+---------+------+---------+---------+-----+
|Utilization SLR (%)  |        0|    ~0|       ~0|       ~0|    0|
+---------------------+---------+------+---------+---------+-----+
|Available            |     4320|  6840|  2364480|  1182240|  960|
+---------------------+---------+------+---------+---------+-----+
|Utilization (%)      |        0|    ~0|       ~0|       ~0|    0|
+---------------------+---------+------+---------+---------+-----+

+ Detail: 
    * Instance: 
    +-----------------------------------+--------------------------------+---------+----+-----+-----+-----+
    |              Instance             |             Module             | BRAM_18K| DSP|  FF | LUT | URAM|
    +-----------------------------------+--------------------------------+---------+----+-----+-----+-----+
    |fadd_32ns_32ns_32_2_full_dsp_1_U8  |fadd_32ns_32ns_32_2_full_dsp_1  |        0|   2|  177|  226|    0|
    |fexp_32ns_32ns_32_4_full_dsp_1_U9  |fexp_32ns_32ns_32_4_full_dsp_1  |        0|   7|  140|  734|    0|
    |fsub_32ns_32ns_32_3_full_dsp_1_U7  |fsub_32ns_32ns_32_3_full_dsp_1  |        0|   2|  177|  226|    0|
    +-----------------------------------+--------------------------------+---------+----+-----+-----+-----+
    |Total                              |                                |        0|  11|  494| 1186|    0|
    +-----------------------------------+--------------------------------+---------+----+-----+-----+-----+

    * DSP: 
    N/A

    * Memory: 
    N/A

    * FIFO: 
    N/A

    * Expression: 
    +---------------------------+----------+----+---+----+------------+------------+
    |       Variable Name       | Operation| DSP| FF| LUT| Bitwidth P0| Bitwidth P1|
    +---------------------------+----------+----+---+----+------------+------------+
    |add_ln44_fu_312_p2         |         +|   0|  0|  15|           8|           1|
    |ap_block_pp0_stage0_11001  |       and|   0|  0|   2|           1|           1|
    |icmp_ln44_fu_306_p2        |      icmp|   0|  0|  16|           8|           9|
    |ap_enable_pp0              |       xor|   0|  0|   2|           1|           2|
    +---------------------------+----------+----+---+----+------------+------------+
    |Total                      |          |   0|  0|  35|          18|          13|
    +---------------------------+----------+----+---+----+------------+------------+

    * Multiplexer: 
    +---------------------------+----+-----------+-----+-----------+
    |            Name           | LUT| Input Size| Bits| Total Bits|
    +---------------------------+----+-----------+-----+-----------+
    |ap_done_int                |   9|          2|    1|          2|
    |ap_enable_reg_pp0_iter1    |   9|          2|    1|          2|
    |ap_sig_allocacmp_c         |   9|          2|    8|         16|
    |ap_sig_allocacmp_sum_load  |   9|          2|   32|         64|
    |c_1_fu_112                 |   9|          2|    8|         16|
    |gmem0_blk_n_R              |   9|          2|    1|          2|
    |sum_fu_108                 |   9|          2|   32|         64|
    +---------------------------+----+-----------+-----+-----------+
    |Total                      |  63|         14|   83|        166|
    +---------------------------+----+-----------+-----+-----------+

    * Register: 
    +-------------------------------------------+----+----+-----+-----------+
    |                    Name                   | FF | LUT| Bits| Const Bits|
    +-------------------------------------------+----+----+-----+-----------+
    |ap_CS_fsm                                  |   1|   0|    1|          0|
    |ap_block_pp0_stage0_subdone_grp0_done_reg  |   1|   0|    1|          0|
    |ap_done_reg                                |   1|   0|    1|          0|
    |ap_enable_reg_pp0_iter1                    |   1|   0|    1|          0|
    |ap_enable_reg_pp0_iter10                   |   1|   0|    1|          0|
    |ap_enable_reg_pp0_iter2                    |   1|   0|    1|          0|
    |ap_enable_reg_pp0_iter3                    |   1|   0|    1|          0|
    |ap_enable_reg_pp0_iter4                    |   1|   0|    1|          0|
    |ap_enable_reg_pp0_iter5                    |   1|   0|    1|          0|
    |ap_enable_reg_pp0_iter6                    |   1|   0|    1|          0|
    |ap_enable_reg_pp0_iter7                    |   1|   0|    1|          0|
    |ap_enable_reg_pp0_iter8                    |   1|   0|    1|          0|
    |ap_enable_reg_pp0_iter9                    |   1|   0|    1|          0|
    |ap_loop_exit_ready_pp0_iter1_reg           |   1|   0|    1|          0|
    |ap_loop_exit_ready_pp0_iter2_reg           |   1|   0|    1|          0|
    |ap_loop_exit_ready_pp0_iter3_reg           |   1|   0|    1|          0|
    |ap_loop_exit_ready_pp0_iter4_reg           |   1|   0|    1|          0|
    |ap_loop_exit_ready_pp0_iter5_reg           |   1|   0|    1|          0|
    |ap_loop_exit_ready_pp0_iter6_reg           |   1|   0|    1|          0|
    |ap_loop_exit_ready_pp0_iter7_reg           |   1|   0|    1|          0|
    |ap_loop_exit_ready_pp0_iter8_reg           |   1|   0|    1|          0|
    |ap_loop_exit_ready_pp0_iter9_reg           |   1|   0|    1|          0|
    |c_1_fu_112                                 |   8|   0|    8|          0|
    |e_reg_442                                  |  32|   0|   32|          0|
    |gmem0_addr_read_reg_427                    |  32|   0|   32|          0|
    |icmp_ln44_reg_414                          |   1|   0|    1|          0|
    |lshr_ln_reg_422                            |   4|   0|    4|          0|
    |shifted_reg_437                            |  32|   0|   32|          0|
    |sum_fu_108                                 |  32|   0|   32|          0|
    |trunc_ln44_reg_418                         |   3|   0|    3|          0|
    |icmp_ln44_reg_414                          |  64|  32|    1|          0|
    |lshr_ln_reg_422                            |  64|  32|    4|          0|
    |trunc_ln44_reg_418                         |  64|  32|    3|          0|
    +-------------------------------------------+----+----+-----+-----------+
    |Total                                      | 358|  96|  174|          0|
    +-------------------------------------------+----+----+-----+-----------+



================================================================
== Interface
================================================================
* Summary: 
+------------------------+-----+-----+------------+----------------------------------------+--------------+
|        RTL Ports       | Dir | Bits|  Protocol  |              Source Object             |    C Type    |
+------------------------+-----+-----+------------+----------------------------------------+--------------+
|ap_clk                  |   in|    1|  ap_ctrl_hs|  exact_softmax_kernel_Pipeline_exp_loop|  return value|
|ap_rst                  |   in|    1|  ap_ctrl_hs|  exact_softmax_kernel_Pipeline_exp_loop|  return value|
|ap_start                |   in|    1|  ap_ctrl_hs|  exact_softmax_kernel_Pipeline_exp_loop|  return value|
|ap_done                 |  out|    1|  ap_ctrl_hs|  exact_softmax_kernel_Pipeline_exp_loop|  return value|
|ap_idle                 |  out|    1|  ap_ctrl_hs|  exact_softmax_kernel_Pipeline_exp_loop|  return value|
|ap_ready                |  out|    1|  ap_ctrl_hs|  exact_softmax_kernel_Pipeline_exp_loop|  return value|
|m_axi_gmem0_0_AWVALID   |  out|    1|       m_axi|                                   gmem0|       pointer|
|m_axi_gmem0_0_AWREADY   |   in|    1|       m_axi|                                   gmem0|       pointer|
|m_axi_gmem0_0_AWADDR    |  out|   64|       m_axi|                                   gmem0|       pointer|
|m_axi_gmem0_0_AWID      |  out|    1|       m_axi|                                   gmem0|       pointer|
|m_axi_gmem0_0_AWLEN     |  out|   32|       m_axi|                                   gmem0|       pointer|
|m_axi_gmem0_0_AWSIZE    |  out|    3|       m_axi|                                   gmem0|       pointer|
|m_axi_gmem0_0_AWBURST   |  out|    2|       m_axi|                                   gmem0|       pointer|
|m_axi_gmem0_0_AWLOCK    |  out|    2|       m_axi|                                   gmem0|       pointer|
|m_axi_gmem0_0_AWCACHE   |  out|    4|       m_axi|                                   gmem0|       pointer|
|m_axi_gmem0_0_AWPROT    |  out|    3|       m_axi|                                   gmem0|       pointer|
|m_axi_gmem0_0_AWQOS     |  out|    4|       m_axi|                                   gmem0|       pointer|
|m_axi_gmem0_0_AWREGION  |  out|    4|       m_axi|                                   gmem0|       pointer|
|m_axi_gmem0_0_AWUSER    |  out|    1|       m_axi|                                   gmem0|       pointer|
|m_axi_gmem0_0_WVALID    |  out|    1|       m_axi|                                   gmem0|       pointer|
|m_axi_gmem0_0_WREADY    |   in|    1|       m_axi|                                   gmem0|       pointer|
|m_axi_gmem0_0_WDATA     |  out|   32|       m_axi|                                   gmem0|       pointer|
|m_axi_gmem0_0_WSTRB     |  out|    4|       m_axi|                                   gmem0|       pointer|
|m_axi_gmem0_0_WLAST     |  out|    1|       m_axi|                                   gmem0|       pointer|
|m_axi_gmem0_0_WID       |  out|    1|       m_axi|                                   gmem0|       pointer|
|m_axi_gmem0_0_WUSER     |  out|    1|       m_axi|                                   gmem0|       pointer|
|m_axi_gmem0_0_ARVALID   |  out|    1|       m_axi|                                   gmem0|       pointer|
|m_axi_gmem0_0_ARREADY   |   in|    1|       m_axi|                                   gmem0|       pointer|
|m_axi_gmem0_0_ARADDR    |  out|   64|       m_axi|                                   gmem0|       pointer|
|m_axi_gmem0_0_ARID      |  out|    1|       m_axi|                                   gmem0|       pointer|
|m_axi_gmem0_0_ARLEN     |  out|   32|       m_axi|                                   gmem0|       pointer|
|m_axi_gmem0_0_ARSIZE    |  out|    3|       m_axi|                                   gmem0|       pointer|
|m_axi_gmem0_0_ARBURST   |  out|    2|       m_axi|                                   gmem0|       pointer|
|m_axi_gmem0_0_ARLOCK    |  out|    2|       m_axi|                                   gmem0|       pointer|
|m_axi_gmem0_0_ARCACHE   |  out|    4|       m_axi|                                   gmem0|       pointer|
|m_axi_gmem0_0_ARPROT    |  out|    3|       m_axi|                                   gmem0|       pointer|
|m_axi_gmem0_0_ARQOS     |  out|    4|       m_axi|                                   gmem0|       pointer|
|m_axi_gmem0_0_ARREGION  |  out|    4|       m_axi|                                   gmem0|       pointer|
|m_axi_gmem0_0_ARUSER    |  out|    1|       m_axi|                                   gmem0|       pointer|
|m_axi_gmem0_0_RVALID    |   in|    1|       m_axi|                                   gmem0|       pointer|
|m_axi_gmem0_0_RREADY    |  out|    1|       m_axi|                                   gmem0|       pointer|
|m_axi_gmem0_0_RDATA     |   in|   32|       m_axi|                                   gmem0|       pointer|
|m_axi_gmem0_0_RLAST     |   in|    1|       m_axi|                                   gmem0|       pointer|
|m_axi_gmem0_0_RID       |   in|    1|       m_axi|                                   gmem0|       pointer|
|m_axi_gmem0_0_RFIFONUM  |   in|    9|       m_axi|                                   gmem0|       pointer|
|m_axi_gmem0_0_RUSER     |   in|    1|       m_axi|                                   gmem0|       pointer|
|m_axi_gmem0_0_RRESP     |   in|    2|       m_axi|                                   gmem0|       pointer|
|m_axi_gmem0_0_BVALID    |   in|    1|       m_axi|                                   gmem0|       pointer|
|m_axi_gmem0_0_BREADY    |  out|    1|       m_axi|                                   gmem0|       pointer|
|m_axi_gmem0_0_BRESP     |   in|    2|       m_axi|                                   gmem0|       pointer|
|m_axi_gmem0_0_BID       |   in|    1|       m_axi|                                   gmem0|       pointer|
|m_axi_gmem0_0_BUSER     |   in|    1|       m_axi|                                   gmem0|       pointer|
|sext_ln32               |   in|   62|     ap_none|                               sext_ln32|        scalar|
|exp_buf_7_address1      |  out|    4|   ap_memory|                               exp_buf_7|         array|
|exp_buf_7_ce1           |  out|    1|   ap_memory|                               exp_buf_7|         array|
|exp_buf_7_we1           |  out|    1|   ap_memory|                               exp_buf_7|         array|
|exp_buf_7_d1            |  out|   32|   ap_memory|                               exp_buf_7|         array|
|exp_buf_6_address1      |  out|    4|   ap_memory|                               exp_buf_6|         array|
|exp_buf_6_ce1           |  out|    1|   ap_memory|                               exp_buf_6|         array|
|exp_buf_6_we1           |  out|    1|   ap_memory|                               exp_buf_6|         array|
|exp_buf_6_d1            |  out|   32|   ap_memory|                               exp_buf_6|         array|
|exp_buf_5_address1      |  out|    4|   ap_memory|                               exp_buf_5|         array|
|exp_buf_5_ce1           |  out|    1|   ap_memory|                               exp_buf_5|         array|
|exp_buf_5_we1           |  out|    1|   ap_memory|                               exp_buf_5|         array|
|exp_buf_5_d1            |  out|   32|   ap_memory|                               exp_buf_5|         array|
|exp_buf_4_address1      |  out|    4|   ap_memory|                               exp_buf_4|         array|
|exp_buf_4_ce1           |  out|    1|   ap_memory|                               exp_buf_4|         array|
|exp_buf_4_we1           |  out|    1|   ap_memory|                               exp_buf_4|         array|
|exp_buf_4_d1            |  out|   32|   ap_memory|                               exp_buf_4|         array|
|exp_buf_3_address1      |  out|    4|   ap_memory|                               exp_buf_3|         array|
|exp_buf_3_ce1           |  out|    1|   ap_memory|                               exp_buf_3|         array|
|exp_buf_3_we1           |  out|    1|   ap_memory|                               exp_buf_3|         array|
|exp_buf_3_d1            |  out|   32|   ap_memory|                               exp_buf_3|         array|
|exp_buf_2_address1      |  out|    4|   ap_memory|                               exp_buf_2|         array|
|exp_buf_2_ce1           |  out|    1|   ap_memory|                               exp_buf_2|         array|
|exp_buf_2_we1           |  out|    1|   ap_memory|                               exp_buf_2|         array|
|exp_buf_2_d1            |  out|   32|   ap_memory|                               exp_buf_2|         array|
|exp_buf_1_address1      |  out|    4|   ap_memory|                               exp_buf_1|         array|
|exp_buf_1_ce1           |  out|    1|   ap_memory|                               exp_buf_1|         array|
|exp_buf_1_we1           |  out|    1|   ap_memory|                               exp_buf_1|         array|
|exp_buf_1_d1            |  out|   32|   ap_memory|                               exp_buf_1|         array|
|exp_buf_address1        |  out|    4|   ap_memory|                                 exp_buf|         array|
|exp_buf_ce1             |  out|    1|   ap_memory|                                 exp_buf|         array|
|exp_buf_we1             |  out|    1|   ap_memory|                                 exp_buf|         array|
|exp_buf_d1              |  out|   32|   ap_memory|                                 exp_buf|         array|
|row_max_1_reload        |   in|   32|     ap_none|                        row_max_1_reload|        scalar|
|sum_out                 |  out|   32|      ap_vld|                                 sum_out|       pointer|
|sum_out_ap_vld          |  out|    1|      ap_vld|                                 sum_out|       pointer|
+------------------------+-----+-----+------------+----------------------------------------+--------------+

