

================================================================
== Synthesis Summary Report of 'exact_gelu_kernel'
================================================================
+ General Information: 
    * Date:           Thu May  7 00:29:32 2026
    * Version:        2025.2 (Build 6295257 on Nov 14 2025)
    * Project:        exact_gelu_kernel
    * Solution:       hls (Vivado IP Flow Target)
    * Product family: virtexuplus
    * Target device:  xcvu9p-flga2104-2-i
    

* Performance & Resource Estimates: 
+---------------------------+------+---------------+----------+---------+------+----------+---------+-----------+------+---------+----------+------------+------------+-----+
|          Modules          | Issue|               | Iteration|         | Trip |          |       Latency       |      |         |          |            |            |     |
|          & Loops          | Type | Violation Type|  Latency | Interval| Count| Pipelined| (cycles)|    (ns)   | Slack|  BRAM   |    DSP   |     FF     |     LUT    | URAM|
+---------------------------+------+---------------+----------+---------+------+----------+---------+-----------+------+---------+----------+------------+------------+-----+
|+ exact_gelu_kernel        |     -|              -|         -|     4096|     -|    rewind|     4159|  4.159e+04|  0.00|  6 (~0%)|  60 (~0%)|  8067 (~0%)|  7856 (~0%)|    -|
| o vector_loop             |     -|              -|        63|        1|  4096|       yes|     4157|  4.157e+04|  7.30|        -|         -|           -|           -|    -|
|  + generic_tanh_float_s   |     -|              -|         -|        1|     -|       yes|       29|    290.000|  0.11|  5 (~0%)|  38 (~0%)|  4769 (~0%)|  5099 (~0%)|    -|
|   + exp_generic_double_s  |     -|              -|         -|        1|     -|       yes|        7|     70.000|  0.30|  5 (~0%)|  24 (~0%)|   951 (~0%)|  2628 (~0%)|    -|
+---------------------------+------+---------------+----------+---------+------+----------+---------+-----------+------+---------+----------+------------+------------+-----+
    Name Prefix: '+' for module, 'o' for loop, '*' for dataflow


================================================================
== HW Interfaces
================================================================
* M_AXI
+-------------+------------+------------+---------------+---------+--------+----------+-----------+--------------+--------------+-------------+-------------+-------------------+
| Interface   | Read/Write | Data Width | Address Width | Latency | Offset | Register | Max Widen | Max Read     | Max Write    | Num Read    | Num Write   | Resource Estimate |
|             |            | (SW->HW)   |               |         |        |          | Bitwidth  | Burst Length | Burst Length | Outstanding | Outstanding |                   |
+-------------+------------+------------+---------------+---------+--------+----------+-----------+--------------+--------------+-------------+-------------+-------------------+
| m_axi_gmem0 | READ_ONLY  | 32 -> 32   | 64            | 0       | slave  | 0        | 0         | 16           | 16           | 16          | 16          | BRAM=1            |
| m_axi_gmem1 | WRITE_ONLY | 32 -> 32   | 64            | 0       | slave  | 0        | 0         | 16           | 16           | 16          | 16          |                   |
+-------------+------------+------------+---------------+---------+--------+----------+-----------+--------------+--------------+-------------+-------------+-------------------+

* S_AXILITE Interfaces
+---------------+------------+---------------+--------+----------+
| Interface     | Data Width | Address Width | Offset | Register |
+---------------+------------+---------------+--------+----------+
| s_axi_control | 32         | 6             | 16     | 0        |
+---------------+------------+---------------+--------+----------+

* S_AXILITE Registers
+---------------+------------+--------+-------+--------+----------------------------------+----------------------------------------------------------------------+
| Interface     | Register   | Offset | Width | Access | Description                      | Bit Fields                                                           |
+---------------+------------+--------+-------+--------+----------------------------------+----------------------------------------------------------------------+
| s_axi_control | CTRL       | 0x00   | 32    | RW     | Control signals                  | 0=AP_START 1=AP_DONE 2=AP_IDLE 3=AP_READY 7=AUTO_RESTART 9=INTERRUPT |
| s_axi_control | GIER       | 0x04   | 32    | RW     | Global Interrupt Enable Register | 0=Enable                                                             |
| s_axi_control | IP_IER     | 0x08   | 32    | RW     | IP Interrupt Enable Register     | 0=CHAN0_INT_EN 1=CHAN1_INT_EN                                        |
| s_axi_control | IP_ISR     | 0x0c   | 32    | RW     | IP Interrupt Status Register     | 0=CHAN0_INT_ST 1=CHAN1_INT_ST                                        |
| s_axi_control | input_r_1  | 0x10   | 32    | W      | Data signal of input_r           |                                                                      |
| s_axi_control | input_r_2  | 0x14   | 32    | W      | Data signal of input_r           |                                                                      |
| s_axi_control | output_r_1 | 0x1c   | 32    | W      | Data signal of output_r          |                                                                      |
| s_axi_control | output_r_2 | 0x20   | 32    | W      | Data signal of output_r          |                                                                      |
+---------------+------------+--------+-------+--------+----------------------------------+----------------------------------------------------------------------+

* TOP LEVEL CONTROL
+-----------+------------+-----------+
| Interface | Type       | Ports     |
+-----------+------------+-----------+
| ap_clk    | clock      | ap_clk    |
| ap_rst_n  | reset      | ap_rst_n  |
| interrupt | interrupt  | interrupt |
| ap_ctrl   | ap_ctrl_hs |           |
+-----------+------------+-----------+


================================================================
== SW I/O Information
================================================================
* Top Function Arguments
+----------+-----------+---------------+
| Argument | Direction | Datatype      |
+----------+-----------+---------------+
| input    | in        | float const * |
| output   | out       | float*        |
+----------+-----------+---------------+

* SW-to-HW Mapping
+----------+---------------+-----------+----------+--------------------------------------+
| Argument | HW Interface  | HW Type   | HW Usage | HW Info                              |
+----------+---------------+-----------+----------+--------------------------------------+
| input    | m_axi_gmem0   | interface |          | channel=0                            |
| input    | s_axi_control | register  | offset   | name=input_r_1 offset=0x10 range=32  |
| input    | s_axi_control | register  | offset   | name=input_r_2 offset=0x14 range=32  |
| output   | m_axi_gmem1   | interface |          | channel=0                            |
| output   | s_axi_control | register  | offset   | name=output_r_1 offset=0x1c range=32 |
| output   | s_axi_control | register  | offset   | name=output_r_2 offset=0x20 range=32 |
+----------+---------------+-----------+----------+--------------------------------------+


================================================================
== M_AXI Burst Information
================================================================
 Note: All burst requests might be further partitioned into multiple requests during RTL generation based on max_read_burst_length or max_write_burst_length settings.

* Inferred Burst Summary
+--------------+-----------+--------+-------+-------------+---------------------------------------+
| HW Interface | Direction | Length | Width | Loop        | Loop Location                         |
+--------------+-----------+--------+-------+-------------+---------------------------------------+
| m_axi_gmem0  | read      | 4096   | 32    | vector_loop | ../hls_src/exact_gelu/kernel.cpp:36:5 |
| m_axi_gmem1  | write     | 4096   | 32    | vector_loop | ../hls_src/exact_gelu/kernel.cpp:36:5 |
+--------------+-----------+--------+-------+-------------+---------------------------------------+

* All M_AXI Variable Accesses
+--------------+----------+----------------------------------------+-----------+--------------+--------+-------------+---------------------------------------+------------+---------------------------------------------------------------------------------------------------------+
| HW Interface | Variable | Access Location                        | Direction | Burst Status | Length | Loop        | Loop Location                         | Resolution | Problem                                                                                                 |
+--------------+----------+----------------------------------------+-----------+--------------+--------+-------------+---------------------------------------+------------+---------------------------------------------------------------------------------------------------------+
| m_axi_gmem0  | input    | ../hls_src/exact_gelu/kernel.cpp:38:39 | read      | Widen Fail   |        | vector_loop | ../hls_src/exact_gelu/kernel.cpp:36:5 | 214-353    | Could not widen since type float size is greater than or equal to the max_widen_bitwidth threshold of 0 |
| m_axi_gmem0  | input    | ../hls_src/exact_gelu/kernel.cpp:38:39 | read      | Inferred     | 4096   | vector_loop | ../hls_src/exact_gelu/kernel.cpp:36:5 |            |                                                                                                         |
| m_axi_gmem1  | output   | ../hls_src/exact_gelu/kernel.cpp:38:19 | write     | Widen Fail   |        | vector_loop | ../hls_src/exact_gelu/kernel.cpp:36:5 | 214-353    | Could not widen since type float size is greater than or equal to the max_widen_bitwidth threshold of 0 |
| m_axi_gmem1  | output   | ../hls_src/exact_gelu/kernel.cpp:38:19 | write     | Inferred     | 4096   | vector_loop | ../hls_src/exact_gelu/kernel.cpp:36:5 |            |                                                                                                         |
+--------------+----------+----------------------------------------+-----------+--------------+--------+-------------+---------------------------------------+------------+---------------------------------------------------------------------------------------------------------+

    * Resolution URL: docs.amd.com/access/sources/dita/topic?Doc_Version=2025.2%20English&url=ug1448-hls-guidance&resourceid=XXX-YYY.html (replace XXX-YYY with column value)

================================================================
== Bind Op Report
================================================================
+-------------------------------------------+-----+--------+----------------+-----------+------------------------+---------+
| Name                                      | DSP | Pragma | Variable       | Op        | Impl                   | Latency |
+-------------------------------------------+-----+--------+----------------+-----------+------------------------+---------+
| + exact_gelu_kernel                       | 60  |        |                |           |                        |         |
|   fmul_32ns_32ns_32_2_max_dsp_1_U39       | 3   |        | mul_i          | fmul      | maxdsp                 | 1       |
|   fmul_32ns_32ns_32_2_max_dsp_1_U40       | 3   |        | x3             | fmul      | maxdsp                 | 1       |
|   fmul_32ns_32ns_32_2_max_dsp_1_U41       | 3   |        | mul2_i         | fmul      | maxdsp                 | 1       |
|   fadd_32ns_32ns_32_3_full_dsp_1_U37      | 2   |        | add_i          | fadd      | fulldsp                | 2       |
|   fmul_32ns_32ns_32_2_max_dsp_1_U42       | 3   |        | inner          | fmul      | maxdsp                 | 1       |
|   fmul_32ns_32ns_32_2_max_dsp_1_U43       | 3   |        | mul4_i         | fmul      | maxdsp                 | 1       |
|   fadd_32ns_32ns_32_3_full_dsp_1_U38      | 2   |        | add5_i         | fadd      | fulldsp                | 2       |
|   fmul_32ns_32ns_32_2_max_dsp_1_U44       | 3   |        | mul6_i         | fmul      | maxdsp                 | 1       |
|   i_2_fu_221_p2                           |     |        | i_2            | add       | fabric                 | 0       |
|   icmp_ln36_fu_227_p2                     |     |        | icmp_ln36      | seteq     | auto                   | 0       |
|  + generic_tanh_float_s                   | 38  |        |                |           |                        |         |
|    icmp_ln36_fu_194_p2                    |     |        | icmp_ln36      | seteq     | auto                   | 0       |
|    icmp_ln45_fu_200_p2                    |     |        | icmp_ln45      | setlt     | auto                   | 0       |
|    icmp_ln46_fu_206_p2                    |     |        | icmp_ln46      | seteq     | auto                   | 0       |
|    icmp_ln46_1_fu_212_p2                  |     |        | icmp_ln46_1    | seteq     | auto                   | 0       |
|    and_ln46_fu_218_p2                     |     |        | and_ln46       | and       | auto                   | 0       |
|    icmp_ln51_fu_234_p2                    |     |        | icmp_ln51      | setne     | auto                   | 0       |
|    or_ln51_fu_240_p2                      |     |        | or_ln51        | or        | auto                   | 0       |
|    fcmp_32ns_32ns_1_1_no_dsp_0_U25        |     |        | tmp_2          | fcmp      | auto                   | 0       |
|    and_ln51_fu_246_p2                     |     |        | and_ln51       | and       | auto                   | 0       |
|    icmp_ln54_fu_252_p2                    |     |        | icmp_ln54      | setlt     | auto                   | 0       |
|    faddfsub_32ns_32ns_32_3_full_dsp_0_U17 | 2   |        | x              | fsub      | fulldsp                | 2       |
|    fadd_32ns_32ns_32_3_full_dsp_0_U18     | 2   |        | x_1            | fadd      | fulldsp                | 2       |
|    x_3_fu_277_p3                          |     |        | x_3            | select    | auto_sel               | 0       |
|    icmp_ln9_fu_295_p2                     |     |        | icmp_ln9       | seteq     | auto                   | 0       |
|    icmp_ln10_fu_301_p2                    |     |        | icmp_ln10      | setlt     | auto                   | 0       |
|    fpext_32ns_64_1_no_dsp_0_U24           |     |        | xd             | fpext     | auto                   | 0       |
|    dadd_64ns_64ns_64_3_full_dsp_0_U26     | 3   |        | sub_i          | dadd      | fulldsp                | 2       |
|    fptrunc_64ns_32_2_no_dsp_0_U23         |     |        | conv6_i        | fptrunc   | auto                   | 1       |
|    fadd_32ns_32ns_32_3_full_dsp_0_U19     | 2   |        | add2           | fadd      | fulldsp                | 2       |
|    fdiv_32ns_32ns_32_6_no_dsp_0_U22       |     |        | div            | fdiv      | fabric                 | 5       |
|    fsub_32ns_32ns_32_3_full_dsp_0_U20     | 2   |        | resultf_2      | fsub      | fulldsp                | 2       |
|    xor_ln66_fu_319_p2                     |     |        | xor_ln66       | xor       | auto                   | 0       |
|    fdiv_32ns_32ns_32_6_no_dsp_0_U22       |     |        | resultf_1      | fdiv      | fabric                 | 5       |
|    faddfsub_32ns_32ns_32_3_full_dsp_0_U17 | 2   |        | add            | fsub      | fulldsp                | 2       |
|    fmul_32ns_32ns_32_2_max_dsp_0_U21      | 3   |        | resultf        | fmul      | maxdsp                 | 1       |
|    icmp_ln38_fu_271_p2                    |     |        | icmp_ln38      | setne     | auto                   | 0       |
|    select_ln38_fu_342_p3                  |     |        | select_ln38    | select    | auto_sel               | 0       |
|    xor_ln83_fu_362_p2                     |     |        | xor_ln83       | xor       | auto                   | 0       |
|    select_ln79_fu_384_p3                  |     |        | select_ln79    | select    | auto_sel               | 0       |
|   + exp_generic_double_s                  | 24  |        |                |           |                        |         |
|     icmp_ln18_fu_304_p2                   |     |        | icmp_ln18      | seteq     | auto                   | 0       |
|     icmp_ln18_1_fu_310_p2                 |     |        | icmp_ln18_1    | setne     | auto                   | 0       |
|     x_is_NaN_fu_316_p2                    |     |        | x_is_NaN       | and       | auto                   | 0       |
|     icmp_ln18_2_fu_322_p2                 |     |        | icmp_ln18_2    | seteq     | auto                   | 0       |
|     x_is_inf_fu_328_p2                    |     |        | x_is_inf       | and       | auto                   | 0       |
|     xor_ln182_fu_839_p2                   |     |        | xor_ln182      | xor       | auto                   | 0       |
|     x_is_pinf_fu_844_p2                   |     |        | x_is_pinf      | and       | auto                   | 0       |
|     or_ln185_fu_849_p2                    |     |        | or_ln185       | or        | auto                   | 0       |
|     select_ln185_fu_854_p3                |     |        | select_ln185   | select    | auto_sel               | 0       |
|     or_ln185_1_fu_861_p2                  |     |        | or_ln185_1     | or        | auto                   | 0       |
|     retval_1_fu_1096_p2                   |     |        | select_ln185_1 | select    | auto_sel               | 0       |
|     m_exp_fu_338_p2                       |     |        | m_exp          | add       | fabric                 | 0       |
|     e_frac_1_fu_356_p2                    |     |        | e_frac_1       | sub       | fabric                 | 0       |
|     e_frac_2_fu_362_p3                    |     |        | e_frac_2       | select    | auto_sel               | 0       |
|     sub_ln229_fu_390_p2                   |     |        | sub_ln229      | sub       | fabric                 | 0       |
|     select_ln229_fu_400_p3                |     |        | select_ln229   | select    | auto_sel               | 0       |
|     ashr_ln229_fu_416_p2                  |     |        | ashr_ln229     | ashr      | auto_pipe              | 0       |
|     shl_ln229_fu_422_p2                   |     |        | shl_ln229      | shl       | auto_pipe              | 0       |
|     m_fix_fu_428_p3                       |     |        | m_fix          | select    | auto_sel               | 0       |
|     shl_ln230_fu_450_p2                   |     |        | shl_ln230      | shl       | auto_pipe              | 0       |
|     ashr_ln230_fu_456_p2                  |     |        | ashr_ln230     | ashr      | auto_pipe              | 0       |
|     mac_muladd_16s_15ns_19s_31_4_1_U6     | 1   |        | mul_ln243      | mul       | dsp_slice              | 3       |
|     mac_muladd_16s_15ns_19s_31_4_1_U6     | 1   |        | add_ln243      | add       | dsp_slice              | 3       |
|     icmp_ln243_fu_554_p2                  |     |        | icmp_ln243     | setne     | auto                   | 0       |
|     add_ln243_1_fu_560_p2                 |     |        | add_ln243_1    | add       | fabric                 | 0       |
|     select_ln243_fu_566_p3                |     |        | select_ln243   | select    | auto_sel               | 0       |
|     r_exp_fu_574_p3                       |     |        | r_exp          | select    | auto_sel               | 0       |
|     mul_13s_71s_71_1_1_U1                 | 4   |        | mul_ln249      | mul       | auto                   | 0       |
|     sub_ln255_fu_604_p2                   |     |        | sub_ln255      | sub       | fabric                 | 0       |
|     exp_Z4_m_1_fu_684_p2                  |     |        | exp_Z4_m_1     | add       | fabric                 | 0       |
|     mul_43ns_36ns_78_1_1_U2               | 4   |        | mul_ln123      | mul       | auto                   | 0       |
|     add_ln126_fu_723_p2                   |     |        | add_ln126      | add       | fabric                 | 0       |
|     exp_Z2P_m_1_fu_739_p2                 |     |        | exp_Z2P_m_1    | add       | fabric                 | 0       |
|     mul_49ns_44ns_92_1_1_U3               | 6   |        | mul_ln142      | mul       | auto                   | 0       |
|     add_ln145_fu_803_p2                   |     |        | add_ln145      | add       | fabric                 | 0       |
|     exp_Z1P_m_1_l_fu_813_p2               |     |        | exp_Z1P_m_1_l  | add       | fabric                 | 0       |
|     add_ln297_fu_873_p2                   |     |        | add_ln297      | add       | fabric                 | 0       |
|     mul_50ns_50ns_99_1_1_U4               | 9   |        | mul_ln297      | mul       | auto                   | 0       |
|     add_ln297_1_fu_898_p2                 |     |        | add_ln297_1    | add       | fabric                 | 0       |
|     r_exp_1_fu_912_p2                     |     |        | r_exp_1        | add       | fabric                 | 0       |
|     r_exp_2_fu_917_p3                     |     |        | r_exp_2        | select    | auto_sel               | 0       |
|     icmp_ln309_fu_488_p2                  |     |        | icmp_ln309     | setgt     | auto                   | 0       |
|     icmp_ln309_1_fu_934_p2                |     |        | icmp_ln309_1   | setgt     | auto                   | 0       |
|     select_ln230_fu_494_p3                |     |        | select_ln230   | select    | auto_sel               | 0       |
|     icmp_ln309_2_fu_510_p2                |     |        | icmp_ln309_2   | setne     | auto                   | 0       |
|     or_ln309_fu_940_p2                    |     |        | or_ln309       | or        | auto                   | 0       |
|     retval_1_fu_1096_p4                   |     |        | select_ln310   | select    | auto_sel               | 0       |
|     icmp_ln326_fu_952_p2                  |     |        | icmp_ln326     | setlt     | auto                   | 0       |
|     out_exp_fu_962_p2                     |     |        | out_exp        | add       | fabric                 | 0       |
|     select_ln303_fu_988_p3                |     |        | select_ln303   | select    | auto_sel               | 0       |
|     and_ln309_fu_1012_p2                  |     |        | and_ln309      | and       | auto                   | 0       |
|     xor_ln309_fu_1017_p2                  |     |        | xor_ln309      | xor       | auto                   | 0       |
|     and_ln309_1_fu_1022_p2                |     |        | and_ln309_1    | and       | auto                   | 0       |
|     or_ln309_1_fu_1028_p2                 |     |        | or_ln309_1     | or        | auto                   | 0       |
|     xor_ln185_fu_1034_p2                  |     |        | xor_ln185      | xor       | auto                   | 0       |
|     and_ln309_2_fu_1040_p2                |     |        | and_ln309_2    | and       | auto                   | 0       |
|     xor_ln309_1_fu_1046_p2                |     |        | xor_ln309_1    | xor       | auto                   | 0       |
|     and_ln309_3_fu_1052_p2                |     |        | and_ln309_3    | and       | auto                   | 0       |
|     or_ln309_2_fu_1057_p2                 |     |        | or_ln309_2     | or        | auto                   | 0       |
|     xor_ln309_2_fu_1062_p2                |     |        | xor_ln309_2    | xor       | auto                   | 0       |
|     or_ln309_3_fu_1068_p2                 |     |        | or_ln309_3     | or        | auto                   | 0       |
|     and_ln309_4_fu_1074_p2                |     |        | and_ln309_4    | and       | auto                   | 0       |
|     and_ln309_5_fu_1080_p2                |     |        | and_ln309_5    | and       | auto                   | 0       |
|     sparsemux_9_3_64_1_1_U5               |     |        | retval_1       | sparsemux | onehotencoding_realdef | 0       |
+-------------------------------------------+-----+--------+----------------+-----------+------------------------+---------+


================================================================
== Storage Report
================================================================
+-------------------------------------------------------------------+-----------+-----------+------+------+--------+-------------------------------------------------------------+------+---------+------------------+
| Name                                                              | Usage     | Type      | BRAM | URAM | Pragma | Variable                                                    | Impl | Latency | Bitwidth, Depth, |
|                                                                   |           |           |      |      |        |                                                             |      |         | Banks            |
+-------------------------------------------------------------------+-----------+-----------+------+------+--------+-------------------------------------------------------------+------+---------+------------------+
| + exact_gelu_kernel                                               |           |           | 6    | 0    |        |                                                             |      |         |                  |
|   control_s_axi_U                                                 | interface | s_axilite |      |      |        |                                                             |      |         |                  |
|   gmem0_m_axi_U                                                   | interface | m_axi     | 1    |      |        |                                                             |      |         |                  |
|   gmem1_m_axi_U                                                   | interface | m_axi     |      |      |        |                                                             |      |         |                  |
|  + generic_tanh_float_s                                           |           |           | 5    | 0    |        |                                                             |      |         |                  |
|   + exp_generic_double_s                                          |           |           | 5    | 0    |        |                                                             |      |         |                  |
|     table_exp_Z1_ap_ufixed_58_1_ap_q_mode_5_ap_o_mode_3_0_array_U | rom_1p    |           | 2    |      |        | table_exp_Z1_ap_ufixed_58_1_ap_q_mode_5_ap_o_mode_3_0_array | auto | 1       | 58, 256, 1       |
|     table_f_Z3_ap_ufixed_59_0_ap_q_mode_5_ap_o_mode_3_0_array_U   | rom_2p    |           | 1    |      |        | table_f_Z3_ap_ufixed_59_0_ap_q_mode_5_ap_o_mode_3_0_array   | auto | 1       | 26, 256, 1       |
|     table_f_Z2_ap_ufixed_59_0_ap_q_mode_5_ap_o_mode_3_0_array_U   | rom_1p    |           | 2    |      |        | table_f_Z2_ap_ufixed_59_0_ap_q_mode_5_ap_o_mode_3_0_array   | auto | 1       | 42, 256, 1       |
+-------------------------------------------------------------------+-----------+-----------+------+------+--------+-------------------------------------------------------------+------+---------+------------------+


================================================================
== Pragma Report
================================================================
* Valid Pragma Syntax
+-----------+--------------------------------------------------------+------------------------------------------------------------+
| Type      | Options                                                | Location                                                   |
+-----------+--------------------------------------------------------+------------------------------------------------------------+
| INLINE    |                                                        | in exact_tanh (../hls_src/exact_gelu/kernel.cpp:12)        |
| INLINE    |                                                        | in exact_gelu_scalar (../hls_src/exact_gelu/kernel.cpp:18) |
| INTERFACE | m_axi port=input offset=slave bundle=gmem0 depth=4096  | in exact_gelu_kernel (../hls_src/exact_gelu/kernel.cpp:29) |
| INTERFACE | m_axi port=output offset=slave bundle=gmem1 depth=4096 | in exact_gelu_kernel (../hls_src/exact_gelu/kernel.cpp:30) |
| INTERFACE | s_axilite port=input bundle=control                    | in exact_gelu_kernel (../hls_src/exact_gelu/kernel.cpp:31) |
| INTERFACE | s_axilite port=output bundle=control                   | in exact_gelu_kernel (../hls_src/exact_gelu/kernel.cpp:32) |
| INTERFACE | s_axilite port=return bundle=control                   | in exact_gelu_kernel (../hls_src/exact_gelu/kernel.cpp:33) |
| PIPELINE  | ii=1                                                   | in exact_gelu_kernel (../hls_src/exact_gelu/kernel.cpp:37) |
+-----------+--------------------------------------------------------+------------------------------------------------------------+


